2025-01-02 14:36:22,710 [Worker-5: Loading available Gradle versions] INFO  o.e.b.c.i.u.g.PublishedGradleVersions - Gradle version information cache is up-to-date. Trying to read.
2025-01-02 14:43:46,824 [Worker-24: Launching mavenrun-a6305478-60aa-465b-9729-eb04dcc327b7] INFO  o.eclipse.m2e.core.internal.Bundles - getClasspathEntries(Bundle=org.eclipse.m2e.maven.runtime_3.9.900.20240824-1409 [642])
2025-01-02 14:43:46,827 [Worker-24: Launching mavenrun-a6305478-60aa-465b-9729-eb04dcc327b7] INFO  o.eclipse.m2e.core.internal.Bundles - 	Entry: C:\Users\Subhash.Rao\.p2\pool\plugins\org.eclipse.m2e.maven.runtime_3.9.900.20240824-1409
2025-01-02 14:43:46,827 [Worker-24: Launching mavenrun-a6305478-60aa-465b-9729-eb04dcc327b7] INFO  o.eclipse.m2e.core.internal.Bundles - 	Entry: C:\Users\Subhash.Rao\.p2\pool\plugins\org.eclipse.m2e.maven.runtime_3.9.900.20240824-1409\jars\aopalliance-1.0.jar
2025-01-02 14:43:46,829 [Worker-24: Launching mavenrun-a6305478-60aa-465b-9729-eb04dcc327b7] INFO  o.eclipse.m2e.core.internal.Bundles - 	Entry: C:\Users\Subhash.Rao\.p2\pool\plugins\org.eclipse.m2e.maven.runtime_3.9.900.20240824-1409\jars\guice-5.1.0.jar
2025-01-02 14:43:46,829 [Worker-24: Launching mavenrun-a6305478-60aa-465b-9729-eb04dcc327b7] INFO  o.eclipse.m2e.core.internal.Bundles - 	Entry: C:\Users\Subhash.Rao\.p2\pool\plugins\org.eclipse.m2e.maven.runtime_3.9.900.20240824-1409\jars\httpclient-4.5.14.jar
2025-01-02 14:43:46,829 [Worker-24: Launching mavenrun-a6305478-60aa-465b-9729-eb04dcc327b7] INFO  o.eclipse.m2e.core.internal.Bundles - 	Entry: C:\Users\Subhash.Rao\.p2\pool\plugins\org.eclipse.m2e.maven.runtime_3.9.900.20240824-1409\jars\httpcore-4.4.16.jar
2025-01-02 14:43:46,830 [Worker-24: Launching mavenrun-a6305478-60aa-465b-9729-eb04dcc327b7] INFO  o.eclipse.m2e.core.internal.Bundles - 	Entry: C:\Users\Subhash.Rao\.p2\pool\plugins\org.eclipse.m2e.maven.runtime_3.9.900.20240824-1409\jars\jansi-2.4.1.jar
2025-01-02 14:43:46,830 [Worker-24: Launching mavenrun-a6305478-60aa-465b-9729-eb04dcc327b7] INFO  o.eclipse.m2e.core.internal.Bundles - 	Entry: C:\Users\Subhash.Rao\.p2\pool\plugins\org.eclipse.m2e.maven.runtime_3.9.900.20240824-1409\jars\jcl-over-slf4j-1.7.36.jar
2025-01-02 14:43:46,830 [Worker-24: Launching mavenrun-a6305478-60aa-465b-9729-eb04dcc327b7] INFO  o.eclipse.m2e.core.internal.Bundles - 	Entry: C:\Users\Subhash.Rao\.p2\pool\plugins\org.eclipse.m2e.maven.runtime_3.9.900.20240824-1409\jars\maven-artifact-3.9.9.jar
2025-01-02 14:43:46,830 [Worker-24: Launching mavenrun-a6305478-60aa-465b-9729-eb04dcc327b7] INFO  o.eclipse.m2e.core.internal.Bundles - 	Entry: C:\Users\Subhash.Rao\.p2\pool\plugins\org.eclipse.m2e.maven.runtime_3.9.900.20240824-1409\jars\maven-builder-support-3.9.9.jar
2025-01-02 14:43:46,830 [Worker-24: Launching mavenrun-a6305478-60aa-465b-9729-eb04dcc327b7] INFO  o.eclipse.m2e.core.internal.Bundles - 	Entry: C:\Users\Subhash.Rao\.p2\pool\plugins\org.eclipse.m2e.maven.runtime_3.9.900.20240824-1409\jars\maven-compat-3.9.9.jar
2025-01-02 14:43:46,832 [Worker-24: Launching mavenrun-a6305478-60aa-465b-9729-eb04dcc327b7] INFO  o.eclipse.m2e.core.internal.Bundles - 	Entry: C:\Users\Subhash.Rao\.p2\pool\plugins\org.eclipse.m2e.maven.runtime_3.9.900.20240824-1409\jars\maven-core-3.9.9.jar
2025-01-02 14:43:46,832 [Worker-24: Launching mavenrun-a6305478-60aa-465b-9729-eb04dcc327b7] INFO  o.eclipse.m2e.core.internal.Bundles - 	Entry: C:\Users\Subhash.Rao\.p2\pool\plugins\org.eclipse.m2e.maven.runtime_3.9.900.20240824-1409\jars\maven-embedder-3.9.9.jar
2025-01-02 14:43:46,832 [Worker-24: Launching mavenrun-a6305478-60aa-465b-9729-eb04dcc327b7] INFO  o.eclipse.m2e.core.internal.Bundles - 	Entry: C:\Users\Subhash.Rao\.p2\pool\plugins\org.eclipse.m2e.maven.runtime_3.9.900.20240824-1409\jars\maven-model-3.9.9.jar
2025-01-02 14:43:46,833 [Worker-24: Launching mavenrun-a6305478-60aa-465b-9729-eb04dcc327b7] INFO  o.eclipse.m2e.core.internal.Bundles - 	Entry: C:\Users\Subhash.Rao\.p2\pool\plugins\org.eclipse.m2e.maven.runtime_3.9.900.20240824-1409\jars\maven-model-builder-3.9.9.jar
2025-01-02 14:43:46,834 [Worker-24: Launching mavenrun-a6305478-60aa-465b-9729-eb04dcc327b7] INFO  o.eclipse.m2e.core.internal.Bundles - 	Entry: C:\Users\Subhash.Rao\.p2\pool\plugins\org.eclipse.m2e.maven.runtime_3.9.900.20240824-1409\jars\maven-plugin-api-3.9.9.jar
2025-01-02 14:43:46,835 [Worker-24: Launching mavenrun-a6305478-60aa-465b-9729-eb04dcc327b7] INFO  o.eclipse.m2e.core.internal.Bundles - 	Entry: C:\Users\Subhash.Rao\.p2\pool\plugins\org.eclipse.m2e.maven.runtime_3.9.900.20240824-1409\jars\maven-repository-metadata-3.9.9.jar
2025-01-02 14:43:46,835 [Worker-24: Launching mavenrun-a6305478-60aa-465b-9729-eb04dcc327b7] INFO  o.eclipse.m2e.core.internal.Bundles - 	Entry: C:\Users\Subhash.Rao\.p2\pool\plugins\org.eclipse.m2e.maven.runtime_3.9.900.20240824-1409\jars\maven-resolver-api-1.9.22.jar
2025-01-02 14:43:46,835 [Worker-24: Launching mavenrun-a6305478-60aa-465b-9729-eb04dcc327b7] INFO  o.eclipse.m2e.core.internal.Bundles - 	Entry: C:\Users\Subhash.Rao\.p2\pool\plugins\org.eclipse.m2e.maven.runtime_3.9.900.20240824-1409\jars\maven-resolver-connector-basic-1.9.22.jar
2025-01-02 14:43:46,835 [Worker-24: Launching mavenrun-a6305478-60aa-465b-9729-eb04dcc327b7] INFO  o.eclipse.m2e.core.internal.Bundles - 	Entry: C:\Users\Subhash.Rao\.p2\pool\plugins\org.eclipse.m2e.maven.runtime_3.9.900.20240824-1409\jars\maven-resolver-impl-1.9.22.jar
2025-01-02 14:43:46,836 [Worker-24: Launching mavenrun-a6305478-60aa-465b-9729-eb04dcc327b7] INFO  o.eclipse.m2e.core.internal.Bundles - 	Entry: C:\Users\Subhash.Rao\.p2\pool\plugins\org.eclipse.m2e.maven.runtime_3.9.900.20240824-1409\jars\maven-resolver-named-locks-1.9.22.jar
2025-01-02 14:43:46,836 [Worker-24: Launching mavenrun-a6305478-60aa-465b-9729-eb04dcc327b7] INFO  o.eclipse.m2e.core.internal.Bundles - 	Entry: C:\Users\Subhash.Rao\.p2\pool\plugins\org.eclipse.m2e.maven.runtime_3.9.900.20240824-1409\jars\maven-resolver-provider-3.9.9.jar
2025-01-02 14:43:46,836 [Worker-24: Launching mavenrun-a6305478-60aa-465b-9729-eb04dcc327b7] INFO  o.eclipse.m2e.core.internal.Bundles - 	Entry: C:\Users\Subhash.Rao\.p2\pool\plugins\org.eclipse.m2e.maven.runtime_3.9.900.20240824-1409\jars\maven-resolver-spi-1.9.22.jar
2025-01-02 14:43:46,837 [Worker-24: Launching mavenrun-a6305478-60aa-465b-9729-eb04dcc327b7] INFO  o.eclipse.m2e.core.internal.Bundles - 	Entry: C:\Users\Subhash.Rao\.p2\pool\plugins\org.eclipse.m2e.maven.runtime_3.9.900.20240824-1409\jars\maven-resolver-transport-file-1.9.22.jar
2025-01-02 14:43:46,837 [Worker-24: Launching mavenrun-a6305478-60aa-465b-9729-eb04dcc327b7] INFO  o.eclipse.m2e.core.internal.Bundles - 	Entry: C:\Users\Subhash.Rao\.p2\pool\plugins\org.eclipse.m2e.maven.runtime_3.9.900.20240824-1409\jars\maven-resolver-transport-http-1.9.22.jar
2025-01-02 14:43:46,837 [Worker-24: Launching mavenrun-a6305478-60aa-465b-9729-eb04dcc327b7] INFO  o.eclipse.m2e.core.internal.Bundles - 	Entry: C:\Users\Subhash.Rao\.p2\pool\plugins\org.eclipse.m2e.maven.runtime_3.9.900.20240824-1409\jars\maven-resolver-transport-wagon-1.9.22.jar
2025-01-02 14:43:46,837 [Worker-24: Launching mavenrun-a6305478-60aa-465b-9729-eb04dcc327b7] INFO  o.eclipse.m2e.core.internal.Bundles - 	Entry: C:\Users\Subhash.Rao\.p2\pool\plugins\org.eclipse.m2e.maven.runtime_3.9.900.20240824-1409\jars\maven-resolver-util-1.9.22.jar
2025-01-02 14:43:46,838 [Worker-24: Launching mavenrun-a6305478-60aa-465b-9729-eb04dcc327b7] INFO  o.eclipse.m2e.core.internal.Bundles - 	Entry: C:\Users\Subhash.Rao\.p2\pool\plugins\org.eclipse.m2e.maven.runtime_3.9.900.20240824-1409\jars\maven-settings-3.9.9.jar
2025-01-02 14:43:46,838 [Worker-24: Launching mavenrun-a6305478-60aa-465b-9729-eb04dcc327b7] INFO  o.eclipse.m2e.core.internal.Bundles - 	Entry: C:\Users\Subhash.Rao\.p2\pool\plugins\org.eclipse.m2e.maven.runtime_3.9.900.20240824-1409\jars\maven-settings-builder-3.9.9.jar
2025-01-02 14:43:46,838 [Worker-24: Launching mavenrun-a6305478-60aa-465b-9729-eb04dcc327b7] INFO  o.eclipse.m2e.core.internal.Bundles - 	Entry: C:\Users\Subhash.Rao\.p2\pool\plugins\org.eclipse.m2e.maven.runtime_3.9.900.20240824-1409\jars\maven-shared-utils-3.4.2.jar
2025-01-02 14:43:46,838 [Worker-24: Launching mavenrun-a6305478-60aa-465b-9729-eb04dcc327b7] INFO  o.eclipse.m2e.core.internal.Bundles - 	Entry: C:\Users\Subhash.Rao\.p2\pool\plugins\org.eclipse.m2e.maven.runtime_3.9.900.20240824-1409\jars\org.eclipse.sisu.inject-0.9.0.M3.jar
2025-01-02 14:43:46,839 [Worker-24: Launching mavenrun-a6305478-60aa-465b-9729-eb04dcc327b7] INFO  o.eclipse.m2e.core.internal.Bundles - 	Entry: C:\Users\Subhash.Rao\.p2\pool\plugins\org.eclipse.m2e.maven.runtime_3.9.900.20240824-1409\jars\org.eclipse.sisu.plexus-0.9.0.M3.jar
2025-01-02 14:43:46,839 [Worker-24: Launching mavenrun-a6305478-60aa-465b-9729-eb04dcc327b7] INFO  o.eclipse.m2e.core.internal.Bundles - 	Entry: C:\Users\Subhash.Rao\.p2\pool\plugins\org.eclipse.m2e.maven.runtime_3.9.900.20240824-1409\jars\plexus-build-api-0.0.7.jar
2025-01-02 14:43:46,839 [Worker-24: Launching mavenrun-a6305478-60aa-465b-9729-eb04dcc327b7] INFO  o.eclipse.m2e.core.internal.Bundles - 	Entry: C:\Users\Subhash.Rao\.p2\pool\plugins\org.eclipse.m2e.maven.runtime_3.9.900.20240824-1409\jars\plexus-build-api-1.2.0.jar
2025-01-02 14:43:46,840 [Worker-24: Launching mavenrun-a6305478-60aa-465b-9729-eb04dcc327b7] INFO  o.eclipse.m2e.core.internal.Bundles - 	Entry: C:\Users\Subhash.Rao\.p2\pool\plugins\org.eclipse.m2e.maven.runtime_3.9.900.20240824-1409\jars\plexus-cipher-2.0.jar
2025-01-02 14:43:46,840 [Worker-24: Launching mavenrun-a6305478-60aa-465b-9729-eb04dcc327b7] INFO  o.eclipse.m2e.core.internal.Bundles - 	Entry: C:\Users\Subhash.Rao\.p2\pool\plugins\org.eclipse.m2e.maven.runtime_3.9.900.20240824-1409\jars\plexus-classworlds-2.8.0.jar
2025-01-02 14:43:46,840 [Worker-24: Launching mavenrun-a6305478-60aa-465b-9729-eb04dcc327b7] INFO  o.eclipse.m2e.core.internal.Bundles - 	Entry: C:\Users\Subhash.Rao\.p2\pool\plugins\org.eclipse.m2e.maven.runtime_3.9.900.20240824-1409\jars\plexus-component-annotations-2.1.0.jar
2025-01-02 14:43:46,840 [Worker-24: Launching mavenrun-a6305478-60aa-465b-9729-eb04dcc327b7] INFO  o.eclipse.m2e.core.internal.Bundles - 	Entry: C:\Users\Subhash.Rao\.p2\pool\plugins\org.eclipse.m2e.maven.runtime_3.9.900.20240824-1409\jars\plexus-interpolation-1.27.jar
2025-01-02 14:43:46,841 [Worker-24: Launching mavenrun-a6305478-60aa-465b-9729-eb04dcc327b7] INFO  o.eclipse.m2e.core.internal.Bundles - 	Entry: C:\Users\Subhash.Rao\.p2\pool\plugins\org.eclipse.m2e.maven.runtime_3.9.900.20240824-1409\jars\plexus-sec-dispatcher-2.0.jar
2025-01-02 14:43:46,841 [Worker-24: Launching mavenrun-a6305478-60aa-465b-9729-eb04dcc327b7] INFO  o.eclipse.m2e.core.internal.Bundles - 	Entry: C:\Users\Subhash.Rao\.p2\pool\plugins\org.eclipse.m2e.maven.runtime_3.9.900.20240824-1409\jars\plexus-utils-3.5.1.jar
2025-01-02 14:43:46,841 [Worker-24: Launching mavenrun-a6305478-60aa-465b-9729-eb04dcc327b7] INFO  o.eclipse.m2e.core.internal.Bundles - 	Entry: C:\Users\Subhash.Rao\.p2\pool\plugins\org.eclipse.m2e.maven.runtime_3.9.900.20240824-1409\jars\plexus-xml-3.0.1.jar
2025-01-02 14:43:46,841 [Worker-24: Launching mavenrun-a6305478-60aa-465b-9729-eb04dcc327b7] INFO  o.eclipse.m2e.core.internal.Bundles - 	Entry: C:\Users\Subhash.Rao\.p2\pool\plugins\org.eclipse.m2e.maven.runtime_3.9.900.20240824-1409\jars\wagon-file-3.5.3.jar
2025-01-02 14:43:46,842 [Worker-24: Launching mavenrun-a6305478-60aa-465b-9729-eb04dcc327b7] INFO  o.eclipse.m2e.core.internal.Bundles - 	Entry: C:\Users\Subhash.Rao\.p2\pool\plugins\org.eclipse.m2e.maven.runtime_3.9.900.20240824-1409\jars\wagon-http-3.5.3.jar
2025-01-02 14:43:46,842 [Worker-24: Launching mavenrun-a6305478-60aa-465b-9729-eb04dcc327b7] INFO  o.eclipse.m2e.core.internal.Bundles - 	Entry: C:\Users\Subhash.Rao\.p2\pool\plugins\org.eclipse.m2e.maven.runtime_3.9.900.20240824-1409\jars\wagon-http-shared-3.5.3.jar
2025-01-02 14:43:46,842 [Worker-24: Launching mavenrun-a6305478-60aa-465b-9729-eb04dcc327b7] INFO  o.eclipse.m2e.core.internal.Bundles - 	Entry: C:\Users\Subhash.Rao\.p2\pool\plugins\org.eclipse.m2e.maven.runtime_3.9.900.20240824-1409\jars\wagon-provider-api-3.5.3.jar
2025-01-02 14:43:46,844 [Worker-24: Launching mavenrun-a6305478-60aa-465b-9729-eb04dcc327b7] INFO  o.eclipse.m2e.core.internal.Bundles - getClasspathEntries(Bundle=com.google.guava_33.3.0.jre [16])
2025-01-02 14:43:46,844 [Worker-24: Launching mavenrun-a6305478-60aa-465b-9729-eb04dcc327b7] INFO  o.eclipse.m2e.core.internal.Bundles - 	Entry: C:\Users\Subhash.Rao\.p2\pool\plugins\com.google.guava_33.3.0.jre.jar
2025-01-02 14:43:46,844 [Worker-24: Launching mavenrun-a6305478-60aa-465b-9729-eb04dcc327b7] INFO  o.eclipse.m2e.core.internal.Bundles - getClasspathEntries(Bundle=slf4j.api_2.0.16 [1007])
2025-01-02 14:43:46,845 [Worker-24: Launching mavenrun-a6305478-60aa-465b-9729-eb04dcc327b7] INFO  o.eclipse.m2e.core.internal.Bundles - 	Entry: C:\Users\Subhash.Rao\.p2\pool\plugins\slf4j.api_2.0.16.jar
2025-01-02 14:43:46,845 [Worker-24: Launching mavenrun-a6305478-60aa-465b-9729-eb04dcc327b7] INFO  o.eclipse.m2e.core.internal.Bundles - getClasspathEntries(Bundle=jakarta.inject.jakarta.inject-api_1.0.5 [34])
2025-01-02 14:43:46,846 [Worker-24: Launching mavenrun-a6305478-60aa-465b-9729-eb04dcc327b7] INFO  o.eclipse.m2e.core.internal.Bundles - 	Entry: C:\Users\Subhash.Rao\.p2\pool\plugins\jakarta.inject.jakarta.inject-api_1.0.5.jar
2025-01-02 14:43:46,846 [Worker-24: Launching mavenrun-a6305478-60aa-465b-9729-eb04dcc327b7] INFO  o.eclipse.m2e.core.internal.Bundles - getClasspathEntries(Bundle=jakarta.annotation-api_1.3.5 [29])
2025-01-02 14:43:46,847 [Worker-24: Launching mavenrun-a6305478-60aa-465b-9729-eb04dcc327b7] INFO  o.eclipse.m2e.core.internal.Bundles - 	Entry: C:\Users\Subhash.Rao\.p2\pool\plugins\jakarta.annotation-api_1.3.5.jar
2025-01-02 14:43:46,847 [Worker-24: Launching mavenrun-a6305478-60aa-465b-9729-eb04dcc327b7] INFO  o.eclipse.m2e.core.internal.Bundles - getClasspathEntries(Bundle=org.apache.commons.cli_1.9.0 [78])
2025-01-02 14:43:46,847 [Worker-24: Launching mavenrun-a6305478-60aa-465b-9729-eb04dcc327b7] INFO  o.eclipse.m2e.core.internal.Bundles - 	Entry: C:\Users\Subhash.Rao\.p2\pool\plugins\org.apache.commons.cli_1.9.0.jar
2025-01-02 14:43:46,847 [Worker-24: Launching mavenrun-a6305478-60aa-465b-9729-eb04dcc327b7] INFO  o.eclipse.m2e.core.internal.Bundles - getClasspathEntries(Bundle=org.apache.commons.commons-codec_1.16.0 [81])
2025-01-02 14:43:46,848 [Worker-24: Launching mavenrun-a6305478-60aa-465b-9729-eb04dcc327b7] INFO  o.eclipse.m2e.core.internal.Bundles - 	Entry: C:\Users\Subhash.Rao\.p2\pool\plugins\org.apache.commons.commons-codec_1.16.0.jar
2025-01-02 14:43:46,848 [Worker-24: Launching mavenrun-a6305478-60aa-465b-9729-eb04dcc327b7] INFO  o.eclipse.m2e.core.internal.Bundles - getClasspathEntries(Bundle=com.google.guava.failureaccess_1.0.2 [17])
2025-01-02 14:43:46,849 [Worker-24: Launching mavenrun-a6305478-60aa-465b-9729-eb04dcc327b7] INFO  o.eclipse.m2e.core.internal.Bundles - 	Entry: C:\Users\Subhash.Rao\.p2\pool\plugins\com.google.guava.failureaccess_1.0.2.jar
2025-01-02 14:43:46,855 [Worker-24: Launching mavenrun-a6305478-60aa-465b-9729-eb04dcc327b7] INFO  o.e.m.i.launch.MavenLaunchDelegate - Run build in "C:\Users\Subhash.Rao\AppData\Local\Temp\m2e-archetypeGenerator10796497909026746685":
2025-01-02 14:43:46,860 [Worker-24: Launching mavenrun-a6305478-60aa-465b-9729-eb04dcc327b7] INFO  o.e.m.i.launch.MavenLaunchDelegate -  mvn  -DarchetypeGroupId=de.bripkens -DarchetypeArtifactId=java-quickstart -DarchetypeVersion=0.2.0 -DgroupId=brillio -DartifactId=Maven_Demo -Dversion=0.0.1-SNAPSHOT -Dpackage=brillio.Maven_Demo -DoutputDirectory="C:\Java Training\Day 8" -B -Dstyle.color=always -U archetype:generate
2025-01-02 14:43:58,009 [Worker-20: Creating java-quickstart] INFO  o.e.m.c.i.p.ProjectConfigurationManager - Collecting project info '/pom.xml' C:\Java Training\Day 8\Maven_Demo\pom.xml
2025-01-02 14:43:58,914 [Worker-20: Creating java-quickstart] INFO  o.e.m.c.i.l.LifecycleMappingFactory - Using org.eclipse.m2e.jdt.JarLifecycleMapping lifecycle mapping for MavenProject: brillio:Maven_Demo:0.0.1-SNAPSHOT @ C:\Java Training\Day 8\Maven_Demo\pom.xml.
2025-01-02 14:43:59,817 [Worker-20: Creating java-quickstart] INFO  o.e.m.j.i.AbstractJavaProjectConfigurator - Adding source folder /Maven_Demo/src/main/java
2025-01-02 14:43:59,823 [Worker-20: Creating java-quickstart] INFO  o.e.m.j.i.AbstractJavaProjectConfigurator - Adding resource folder /Maven_Demo/src/main/resources
2025-01-02 14:43:59,830 [Worker-20: Creating java-quickstart] INFO  o.e.m.j.i.AbstractJavaProjectConfigurator - Adding source folder /Maven_Demo/src/test/java
2025-01-02 14:43:59,831 [Worker-20: Creating java-quickstart] INFO  o.e.m.j.i.AbstractJavaProjectConfigurator - Adding resource folder /Maven_Demo/src/test/resources
2025-01-02 14:44:00,039 [Worker-20: Creating java-quickstart] INFO  o.e.m.c.i.p.ProjectConfigurationManager - Imported and configured 1 project(s) in 2 sec
2025-01-02 14:44:01,021 [Worker-25: Building] INFO  o.a.m.s.f.DefaultMavenResourcesFiltering - skip non existing resourceDirectory C:\Java Training\Day 8\Maven_Demo\src\main\resources
2025-01-02 14:44:01,026 [Worker-25: Building] INFO  o.a.m.s.f.DefaultMavenResourcesFiltering - skip non existing resourceDirectory C:\Java Training\Day 8\Maven_Demo\src\test\resources
2025-01-02 14:59:34,868 [Worker-35: Building] INFO  o.e.m.c.i.l.LifecycleMappingFactory - Using org.eclipse.m2e.jdt.JarLifecycleMapping lifecycle mapping for MavenProject: brillio:Maven_Demo:0.0.1-SNAPSHOT @ C:\Java Training\Day 8\Maven_Demo\pom.xml.
2025-01-02 14:59:35,216 [Worker-35: Building] INFO  o.e.m.c.i.e.AbstractTransferListenerAdapter - Downloading https://repo.maven.apache.org/maven2/mysql/mysql-connector-java/8.0.33/mysql-connector-java-8.0.33.pom
2025-01-02 14:59:35,272 [Worker-35: Building] INFO  o.e.m.c.i.e.AbstractTransferListenerAdapter - Downloaded https://repo.maven.apache.org/maven2/mysql/mysql-connector-java/8.0.33/mysql-connector-java-8.0.33.pom
2025-01-02 14:59:35,341 [Worker-35: Building] INFO  o.e.m.c.i.e.AbstractTransferListenerAdapter - Downloading https://repo.maven.apache.org/maven2/com/mysql/mysql-connector-j/8.0.33/mysql-connector-j-8.0.33.pom
2025-01-02 14:59:35,407 [Worker-35: Building] INFO  o.e.m.c.i.e.AbstractTransferListenerAdapter - Downloaded https://repo.maven.apache.org/maven2/com/mysql/mysql-connector-j/8.0.33/mysql-connector-j-8.0.33.pom
2025-01-02 14:59:35,481 [Worker-35: Building] INFO  o.e.m.c.i.e.AbstractTransferListenerAdapter - Downloading https://repo.maven.apache.org/maven2/com/google/protobuf/protobuf-java/3.21.9/protobuf-java-3.21.9.pom
2025-01-02 14:59:35,546 [Worker-35: Building] INFO  o.e.m.c.i.e.AbstractTransferListenerAdapter - Downloaded https://repo.maven.apache.org/maven2/com/google/protobuf/protobuf-java/3.21.9/protobuf-java-3.21.9.pom
2025-01-02 14:59:35,601 [Worker-35: Building] INFO  o.e.m.c.i.e.AbstractTransferListenerAdapter - Downloading https://repo.maven.apache.org/maven2/com/google/protobuf/protobuf-parent/3.21.9/protobuf-parent-3.21.9.pom
2025-01-02 14:59:35,679 [Worker-35: Building] INFO  o.e.m.c.i.e.AbstractTransferListenerAdapter - Downloaded https://repo.maven.apache.org/maven2/com/google/protobuf/protobuf-parent/3.21.9/protobuf-parent-3.21.9.pom
2025-01-02 14:59:35,753 [Worker-35: Building] INFO  o.e.m.c.i.e.AbstractTransferListenerAdapter - Downloading https://repo.maven.apache.org/maven2/com/google/protobuf/protobuf-bom/3.21.9/protobuf-bom-3.21.9.pom
2025-01-02 14:59:35,788 [Worker-35: Building] INFO  o.e.m.c.i.e.AbstractTransferListenerAdapter - Downloaded https://repo.maven.apache.org/maven2/com/google/protobuf/protobuf-bom/3.21.9/protobuf-bom-3.21.9.pom
2025-01-02 14:59:35,812 [Worker-35: Building] WARN  o.e.m.c.i.embedder.EclipseLogger - The artifact mysql:mysql-connector-java:jar:8.0.33 has been relocated to com.mysql:mysql-connector-j:jar:8.0.33: MySQL Connector/J artifacts moved to reverse-DNS compliant Maven 2+ coordinates.
2025-01-02 14:59:35,869 [Worker-35: Building] INFO  o.e.m.c.i.e.AbstractTransferListenerAdapter - Downloading https://repo.maven.apache.org/maven2/com/mysql/mysql-connector-j/8.0.33/mysql-connector-j-8.0.33.jar
2025-01-02 14:59:36,179 [Worker-35: Building] INFO  o.e.m.c.i.e.AbstractTransferListenerAdapter - Downloaded https://repo.maven.apache.org/maven2/com/mysql/mysql-connector-j/8.0.33/mysql-connector-j-8.0.33.jar
2025-01-02 14:59:36,220 [BasicRepositoryConnector-repo.maven.apache.org-0-0] INFO  o.e.m.c.i.e.AbstractTransferListenerAdapter - Downloading https://repo.maven.apache.org/maven2/com/google/protobuf/protobuf-java/3.21.9/protobuf-java-3.21.9.jar
2025-01-02 14:59:36,340 [BasicRepositoryConnector-repo.maven.apache.org-0-0] INFO  o.e.m.c.i.e.AbstractTransferListenerAdapter - Downloaded https://repo.maven.apache.org/maven2/com/google/protobuf/protobuf-java/3.21.9/protobuf-java-3.21.9.jar
2025-01-02 14:59:36,663 [Worker-35: Building] INFO  o.a.m.s.f.DefaultMavenResourcesFiltering - skip non existing resourceDirectory C:\Java Training\Day 8\Maven_Demo\src\main\resources
2025-01-02 14:59:36,670 [Worker-35: Building] INFO  o.a.m.s.f.DefaultMavenResourcesFiltering - skip non existing resourceDirectory C:\Java Training\Day 8\Maven_Demo\src\test\resources
2025-01-02 14:59:37,583 [Worker-37: Download sources and javadoc] INFO  o.e.m.c.i.e.AbstractTransferListenerAdapter - Downloading https://repo.maven.apache.org/maven2/com/mysql/mysql-connector-j/8.0.33/mysql-connector-j-8.0.33-sources.jar
2025-01-02 14:59:37,961 [Worker-37: Download sources and javadoc] INFO  o.e.m.c.i.e.AbstractTransferListenerAdapter - Downloaded https://repo.maven.apache.org/maven2/com/mysql/mysql-connector-j/8.0.33/mysql-connector-j-8.0.33-sources.jar
2025-01-02 14:59:37,967 [Worker-37: Download sources and javadoc] INFO  o.e.m.j.internal.DownloadSourcesJob - Downloaded sources for com.mysql:mysql-connector-j:8.0.33
2025-01-02 14:59:38,154 [Worker-37: Download sources and javadoc] INFO  o.e.m.c.i.e.AbstractTransferListenerAdapter - Downloading https://repo.maven.apache.org/maven2/com/google/protobuf/protobuf-java/3.21.9/protobuf-java-3.21.9-sources.jar
2025-01-02 14:59:38,272 [Worker-36: Building] INFO  o.a.m.s.f.DefaultMavenResourcesFiltering - skip non existing resourceDirectory C:\Java Training\Day 8\Maven_Demo\src\main\resources
2025-01-02 14:59:38,277 [Worker-36: Building] INFO  o.a.m.s.f.DefaultMavenResourcesFiltering - skip non existing resourceDirectory C:\Java Training\Day 8\Maven_Demo\src\test\resources
2025-01-02 14:59:38,470 [Worker-37: Download sources and javadoc] INFO  o.e.m.c.i.e.AbstractTransferListenerAdapter - Downloaded https://repo.maven.apache.org/maven2/com/google/protobuf/protobuf-java/3.21.9/protobuf-java-3.21.9-sources.jar
2025-01-02 14:59:38,477 [Worker-37: Download sources and javadoc] INFO  o.e.m.j.internal.DownloadSourcesJob - Downloaded sources for com.google.protobuf:protobuf-java:3.21.9
2025-01-02 14:59:44,720 [Worker-35: Building] INFO  o.a.m.s.f.DefaultMavenResourcesFiltering - skip non existing resourceDirectory C:\Java Training\Day 8\Maven_Demo\src\main\resources
2025-01-02 14:59:44,723 [Worker-35: Building] INFO  o.a.m.s.f.DefaultMavenResourcesFiltering - skip non existing resourceDirectory C:\Java Training\Day 8\Maven_Demo\src\test\resources
2025-01-02 15:01:28,754 [Worker-35: Building] INFO  o.a.m.s.f.DefaultMavenResourcesFiltering - skip non existing resourceDirectory C:\Java Training\Day 8\Maven_Demo\src\main\resources
2025-01-02 15:01:28,758 [Worker-35: Building] INFO  o.a.m.s.f.DefaultMavenResourcesFiltering - skip non existing resourceDirectory C:\Java Training\Day 8\Maven_Demo\src\test\resources
2025-01-02 15:06:17,778 [Worker-36: Building] INFO  o.a.m.s.f.DefaultMavenResourcesFiltering - skip non existing resourceDirectory C:\Java Training\Day 8\Maven_Demo\src\main\resources
2025-01-02 15:06:17,782 [Worker-36: Building] INFO  o.a.m.s.f.DefaultMavenResourcesFiltering - skip non existing resourceDirectory C:\Java Training\Day 8\Maven_Demo\src\test\resources
2025-01-02 15:06:40,190 [Worker-36: Building] INFO  o.a.m.s.f.DefaultMavenResourcesFiltering - skip non existing resourceDirectory C:\Java Training\Day 8\Maven_Demo\src\main\resources
2025-01-02 15:06:40,193 [Worker-36: Building] INFO  o.a.m.s.f.DefaultMavenResourcesFiltering - skip non existing resourceDirectory C:\Java Training\Day 8\Maven_Demo\src\test\resources
2025-01-02 15:15:16,184 [Worker-40: Building] INFO  o.a.m.s.f.DefaultMavenResourcesFiltering - skip non existing resourceDirectory C:\Java Training\Day 8\Maven_Demo\src\main\resources
2025-01-02 15:15:16,188 [Worker-40: Building] INFO  o.a.m.s.f.DefaultMavenResourcesFiltering - skip non existing resourceDirectory C:\Java Training\Day 8\Maven_Demo\src\test\resources
2025-01-02 15:15:34,324 [Worker-41: Building] INFO  o.a.m.s.f.DefaultMavenResourcesFiltering - skip non existing resourceDirectory C:\Java Training\Day 8\Maven_Demo\src\main\resources
2025-01-02 15:15:34,327 [Worker-41: Building] INFO  o.a.m.s.f.DefaultMavenResourcesFiltering - skip non existing resourceDirectory C:\Java Training\Day 8\Maven_Demo\src\test\resources
2025-01-02 15:16:49,080 [Worker-39: Launching EmployShow] INFO  o.a.m.s.f.DefaultMavenResourcesFiltering - skip non existing resourceDirectory C:\Java Training\Day 8\Maven_Demo\src\main\resources
2025-01-02 15:16:49,083 [Worker-39: Launching EmployShow] INFO  o.a.m.s.f.DefaultMavenResourcesFiltering - skip non existing resourceDirectory C:\Java Training\Day 8\Maven_Demo\src\test\resources
2025-01-02 15:20:17,319 [Worker-30: Building] INFO  o.a.m.s.f.DefaultMavenResourcesFiltering - skip non existing resourceDirectory C:\Java Training\Day 8\Maven_Demo\src\main\resources
2025-01-02 15:20:17,322 [Worker-30: Building] INFO  o.a.m.s.f.DefaultMavenResourcesFiltering - skip non existing resourceDirectory C:\Java Training\Day 8\Maven_Demo\src\test\resources
2025-01-02 15:20:31,103 [Worker-42: Building] INFO  o.a.m.s.f.DefaultMavenResourcesFiltering - skip non existing resourceDirectory C:\Java Training\Day 8\Maven_Demo\src\main\resources
2025-01-02 15:20:31,106 [Worker-42: Building] INFO  o.a.m.s.f.DefaultMavenResourcesFiltering - skip non existing resourceDirectory C:\Java Training\Day 8\Maven_Demo\src\test\resources
2025-01-02 15:21:23,017 [Worker-43: Building] INFO  o.a.m.s.f.DefaultMavenResourcesFiltering - skip non existing resourceDirectory C:\Java Training\Day 8\Maven_Demo\src\main\resources
2025-01-02 15:21:23,020 [Worker-43: Building] INFO  o.a.m.s.f.DefaultMavenResourcesFiltering - skip non existing resourceDirectory C:\Java Training\Day 8\Maven_Demo\src\test\resources
2025-01-02 15:26:25,517 [Worker-44: Building] INFO  o.a.m.s.f.DefaultMavenResourcesFiltering - skip non existing resourceDirectory C:\Java Training\Day 8\Maven_Demo\src\main\resources
2025-01-02 15:26:25,520 [Worker-44: Building] INFO  o.a.m.s.f.DefaultMavenResourcesFiltering - skip non existing resourceDirectory C:\Java Training\Day 8\Maven_Demo\src\test\resources
2025-01-02 15:31:22,634 [Worker-44: Building] INFO  o.a.m.s.f.DefaultMavenResourcesFiltering - skip non existing resourceDirectory C:\Java Training\Day 8\Maven_Demo\src\main\resources
2025-01-02 15:31:22,637 [Worker-44: Building] INFO  o.a.m.s.f.DefaultMavenResourcesFiltering - skip non existing resourceDirectory C:\Java Training\Day 8\Maven_Demo\src\test\resources
2025-01-02 15:32:38,660 [Worker-41: Building] INFO  o.a.m.s.f.DefaultMavenResourcesFiltering - skip non existing resourceDirectory C:\Java Training\Day 8\Maven_Demo\src\main\resources
2025-01-02 15:32:38,664 [Worker-41: Building] INFO  o.a.m.s.f.DefaultMavenResourcesFiltering - skip non existing resourceDirectory C:\Java Training\Day 8\Maven_Demo\src\test\resources
2025-01-02 15:38:23,799 [Worker-53: Building] INFO  o.a.m.s.f.DefaultMavenResourcesFiltering - skip non existing resourceDirectory C:\Java Training\Day 8\Maven_Demo\src\main\resources
2025-01-02 15:38:23,802 [Worker-53: Building] INFO  o.a.m.s.f.DefaultMavenResourcesFiltering - skip non existing resourceDirectory C:\Java Training\Day 8\Maven_Demo\src\test\resources
2025-01-02 15:39:47,571 [Worker-49: Building] INFO  o.a.m.s.f.DefaultMavenResourcesFiltering - skip non existing resourceDirectory C:\Java Training\Day 8\Maven_Demo\src\main\resources
2025-01-02 15:39:47,574 [Worker-49: Building] INFO  o.a.m.s.f.DefaultMavenResourcesFiltering - skip non existing resourceDirectory C:\Java Training\Day 8\Maven_Demo\src\test\resources
2025-01-02 15:48:39,631 [Worker-53: Building] INFO  o.a.m.s.f.DefaultMavenResourcesFiltering - skip non existing resourceDirectory C:\Java Training\Day 8\Maven_Demo\src\main\resources
2025-01-02 15:48:39,633 [Worker-53: Building] INFO  o.a.m.s.f.DefaultMavenResourcesFiltering - skip non existing resourceDirectory C:\Java Training\Day 8\Maven_Demo\src\test\resources
2025-01-02 16:20:22,533 [Worker-57: Building] INFO  o.a.m.s.f.DefaultMavenResourcesFiltering - skip non existing resourceDirectory C:\Java Training\Day 8\Maven_Demo\src\main\resources
2025-01-02 16:20:22,537 [Worker-57: Building] INFO  o.a.m.s.f.DefaultMavenResourcesFiltering - skip non existing resourceDirectory C:\Java Training\Day 8\Maven_Demo\src\test\resources
2025-01-02 16:26:03,504 [Worker-57: Building] INFO  o.a.m.s.f.DefaultMavenResourcesFiltering - skip non existing resourceDirectory C:\Java Training\Day 8\Maven_Demo\src\main\resources
2025-01-02 16:26:03,507 [Worker-57: Building] INFO  o.a.m.s.f.DefaultMavenResourcesFiltering - skip non existing resourceDirectory C:\Java Training\Day 8\Maven_Demo\src\test\resources
2025-01-02 16:28:27,508 [Worker-57: Building] INFO  o.a.m.s.f.DefaultMavenResourcesFiltering - skip non existing resourceDirectory C:\Java Training\Day 8\Maven_Demo\src\main\resources
2025-01-02 16:28:27,512 [Worker-57: Building] INFO  o.a.m.s.f.DefaultMavenResourcesFiltering - skip non existing resourceDirectory C:\Java Training\Day 8\Maven_Demo\src\test\resources
2025-01-02 16:29:25,215 [Worker-57: Building] INFO  o.a.m.s.f.DefaultMavenResourcesFiltering - skip non existing resourceDirectory C:\Java Training\Day 8\Maven_Demo\src\main\resources
2025-01-02 16:29:25,218 [Worker-57: Building] INFO  o.a.m.s.f.DefaultMavenResourcesFiltering - skip non existing resourceDirectory C:\Java Training\Day 8\Maven_Demo\src\test\resources
2025-01-02 16:36:41,795 [Worker-61: Building] INFO  o.a.m.s.f.DefaultMavenResourcesFiltering - skip non existing resourceDirectory C:\Java Training\Day 8\Maven_Demo\src\main\resources
2025-01-02 16:36:41,798 [Worker-61: Building] INFO  o.a.m.s.f.DefaultMavenResourcesFiltering - skip non existing resourceDirectory C:\Java Training\Day 8\Maven_Demo\src\test\resources
2025-01-02 16:49:51,403 [Worker-64: Launching Login] INFO  o.a.m.s.f.DefaultMavenResourcesFiltering - skip non existing resourceDirectory C:\Java Training\Day 8\Maven_Demo\src\main\resources
2025-01-02 16:49:51,407 [Worker-64: Launching Login] INFO  o.a.m.s.f.DefaultMavenResourcesFiltering - skip non existing resourceDirectory C:\Java Training\Day 8\Maven_Demo\src\test\resources
2025-01-02 16:50:06,914 [Worker-65: Building] INFO  o.a.m.s.f.DefaultMavenResourcesFiltering - skip non existing resourceDirectory C:\Java Training\Day 8\Maven_Demo\src\main\resources
2025-01-02 16:50:06,917 [Worker-65: Building] INFO  o.a.m.s.f.DefaultMavenResourcesFiltering - skip non existing resourceDirectory C:\Java Training\Day 8\Maven_Demo\src\test\resources
2025-01-02 16:50:36,399 [Worker-64: Building] INFO  o.a.m.s.f.DefaultMavenResourcesFiltering - skip non existing resourceDirectory C:\Java Training\Day 8\Maven_Demo\src\main\resources
2025-01-02 16:50:36,402 [Worker-64: Building] INFO  o.a.m.s.f.DefaultMavenResourcesFiltering - skip non existing resourceDirectory C:\Java Training\Day 8\Maven_Demo\src\test\resources
2025-01-02 16:50:56,491 [Worker-63: Building] INFO  o.a.m.s.f.DefaultMavenResourcesFiltering - skip non existing resourceDirectory C:\Java Training\Day 8\Maven_Demo\src\main\resources
2025-01-02 16:50:56,495 [Worker-63: Building] INFO  o.a.m.s.f.DefaultMavenResourcesFiltering - skip non existing resourceDirectory C:\Java Training\Day 8\Maven_Demo\src\test\resources
2025-01-02 16:51:22,146 [Worker-65: Launching Login] INFO  o.a.m.s.f.DefaultMavenResourcesFiltering - skip non existing resourceDirectory C:\Java Training\Day 8\Maven_Demo\src\main\resources
2025-01-02 16:51:22,150 [Worker-65: Launching Login] INFO  o.a.m.s.f.DefaultMavenResourcesFiltering - skip non existing resourceDirectory C:\Java Training\Day 8\Maven_Demo\src\test\resources
2025-01-02 16:53:09,776 [Worker-64: Launching mavenrun-825b1ca8-1112-400f-a636-59804f01637e] INFO  o.eclipse.m2e.core.internal.Bundles - getClasspathEntries(Bundle=org.eclipse.m2e.maven.runtime_3.9.900.20240824-1409 [642])
2025-01-02 16:53:09,778 [Worker-64: Launching mavenrun-825b1ca8-1112-400f-a636-59804f01637e] INFO  o.eclipse.m2e.core.internal.Bundles - 	Entry: C:\Users\Subhash.Rao\.p2\pool\plugins\org.eclipse.m2e.maven.runtime_3.9.900.20240824-1409
2025-01-02 16:53:09,779 [Worker-64: Launching mavenrun-825b1ca8-1112-400f-a636-59804f01637e] INFO  o.eclipse.m2e.core.internal.Bundles - 	Entry: C:\Users\Subhash.Rao\.p2\pool\plugins\org.eclipse.m2e.maven.runtime_3.9.900.20240824-1409\jars\aopalliance-1.0.jar
2025-01-02 16:53:09,779 [Worker-64: Launching mavenrun-825b1ca8-1112-400f-a636-59804f01637e] INFO  o.eclipse.m2e.core.internal.Bundles - 	Entry: C:\Users\Subhash.Rao\.p2\pool\plugins\org.eclipse.m2e.maven.runtime_3.9.900.20240824-1409\jars\guice-5.1.0.jar
2025-01-02 16:53:09,779 [Worker-64: Launching mavenrun-825b1ca8-1112-400f-a636-59804f01637e] INFO  o.eclipse.m2e.core.internal.Bundles - 	Entry: C:\Users\Subhash.Rao\.p2\pool\plugins\org.eclipse.m2e.maven.runtime_3.9.900.20240824-1409\jars\httpclient-4.5.14.jar
2025-01-02 16:53:09,779 [Worker-64: Launching mavenrun-825b1ca8-1112-400f-a636-59804f01637e] INFO  o.eclipse.m2e.core.internal.Bundles - 	Entry: C:\Users\Subhash.Rao\.p2\pool\plugins\org.eclipse.m2e.maven.runtime_3.9.900.20240824-1409\jars\httpcore-4.4.16.jar
2025-01-02 16:53:09,780 [Worker-64: Launching mavenrun-825b1ca8-1112-400f-a636-59804f01637e] INFO  o.eclipse.m2e.core.internal.Bundles - 	Entry: C:\Users\Subhash.Rao\.p2\pool\plugins\org.eclipse.m2e.maven.runtime_3.9.900.20240824-1409\jars\jansi-2.4.1.jar
2025-01-02 16:53:09,780 [Worker-64: Launching mavenrun-825b1ca8-1112-400f-a636-59804f01637e] INFO  o.eclipse.m2e.core.internal.Bundles - 	Entry: C:\Users\Subhash.Rao\.p2\pool\plugins\org.eclipse.m2e.maven.runtime_3.9.900.20240824-1409\jars\jcl-over-slf4j-1.7.36.jar
2025-01-02 16:53:09,780 [Worker-64: Launching mavenrun-825b1ca8-1112-400f-a636-59804f01637e] INFO  o.eclipse.m2e.core.internal.Bundles - 	Entry: C:\Users\Subhash.Rao\.p2\pool\plugins\org.eclipse.m2e.maven.runtime_3.9.900.20240824-1409\jars\maven-artifact-3.9.9.jar
2025-01-02 16:53:09,780 [Worker-64: Launching mavenrun-825b1ca8-1112-400f-a636-59804f01637e] INFO  o.eclipse.m2e.core.internal.Bundles - 	Entry: C:\Users\Subhash.Rao\.p2\pool\plugins\org.eclipse.m2e.maven.runtime_3.9.900.20240824-1409\jars\maven-builder-support-3.9.9.jar
2025-01-02 16:53:09,780 [Worker-64: Launching mavenrun-825b1ca8-1112-400f-a636-59804f01637e] INFO  o.eclipse.m2e.core.internal.Bundles - 	Entry: C:\Users\Subhash.Rao\.p2\pool\plugins\org.eclipse.m2e.maven.runtime_3.9.900.20240824-1409\jars\maven-compat-3.9.9.jar
2025-01-02 16:53:09,781 [Worker-64: Launching mavenrun-825b1ca8-1112-400f-a636-59804f01637e] INFO  o.eclipse.m2e.core.internal.Bundles - 	Entry: C:\Users\Subhash.Rao\.p2\pool\plugins\org.eclipse.m2e.maven.runtime_3.9.900.20240824-1409\jars\maven-core-3.9.9.jar
2025-01-02 16:53:09,781 [Worker-64: Launching mavenrun-825b1ca8-1112-400f-a636-59804f01637e] INFO  o.eclipse.m2e.core.internal.Bundles - 	Entry: C:\Users\Subhash.Rao\.p2\pool\plugins\org.eclipse.m2e.maven.runtime_3.9.900.20240824-1409\jars\maven-embedder-3.9.9.jar
2025-01-02 16:53:09,781 [Worker-64: Launching mavenrun-825b1ca8-1112-400f-a636-59804f01637e] INFO  o.eclipse.m2e.core.internal.Bundles - 	Entry: C:\Users\Subhash.Rao\.p2\pool\plugins\org.eclipse.m2e.maven.runtime_3.9.900.20240824-1409\jars\maven-model-3.9.9.jar
2025-01-02 16:53:09,781 [Worker-64: Launching mavenrun-825b1ca8-1112-400f-a636-59804f01637e] INFO  o.eclipse.m2e.core.internal.Bundles - 	Entry: C:\Users\Subhash.Rao\.p2\pool\plugins\org.eclipse.m2e.maven.runtime_3.9.900.20240824-1409\jars\maven-model-builder-3.9.9.jar
2025-01-02 16:53:09,781 [Worker-64: Launching mavenrun-825b1ca8-1112-400f-a636-59804f01637e] INFO  o.eclipse.m2e.core.internal.Bundles - 	Entry: C:\Users\Subhash.Rao\.p2\pool\plugins\org.eclipse.m2e.maven.runtime_3.9.900.20240824-1409\jars\maven-plugin-api-3.9.9.jar
2025-01-02 16:53:09,782 [Worker-64: Launching mavenrun-825b1ca8-1112-400f-a636-59804f01637e] INFO  o.eclipse.m2e.core.internal.Bundles - 	Entry: C:\Users\Subhash.Rao\.p2\pool\plugins\org.eclipse.m2e.maven.runtime_3.9.900.20240824-1409\jars\maven-repository-metadata-3.9.9.jar
2025-01-02 16:53:09,782 [Worker-64: Launching mavenrun-825b1ca8-1112-400f-a636-59804f01637e] INFO  o.eclipse.m2e.core.internal.Bundles - 	Entry: C:\Users\Subhash.Rao\.p2\pool\plugins\org.eclipse.m2e.maven.runtime_3.9.900.20240824-1409\jars\maven-resolver-api-1.9.22.jar
2025-01-02 16:53:09,783 [Worker-64: Launching mavenrun-825b1ca8-1112-400f-a636-59804f01637e] INFO  o.eclipse.m2e.core.internal.Bundles - 	Entry: C:\Users\Subhash.Rao\.p2\pool\plugins\org.eclipse.m2e.maven.runtime_3.9.900.20240824-1409\jars\maven-resolver-connector-basic-1.9.22.jar
2025-01-02 16:53:09,783 [Worker-64: Launching mavenrun-825b1ca8-1112-400f-a636-59804f01637e] INFO  o.eclipse.m2e.core.internal.Bundles - 	Entry: C:\Users\Subhash.Rao\.p2\pool\plugins\org.eclipse.m2e.maven.runtime_3.9.900.20240824-1409\jars\maven-resolver-impl-1.9.22.jar
2025-01-02 16:53:09,783 [Worker-64: Launching mavenrun-825b1ca8-1112-400f-a636-59804f01637e] INFO  o.eclipse.m2e.core.internal.Bundles - 	Entry: C:\Users\Subhash.Rao\.p2\pool\plugins\org.eclipse.m2e.maven.runtime_3.9.900.20240824-1409\jars\maven-resolver-named-locks-1.9.22.jar
2025-01-02 16:53:09,783 [Worker-64: Launching mavenrun-825b1ca8-1112-400f-a636-59804f01637e] INFO  o.eclipse.m2e.core.internal.Bundles - 	Entry: C:\Users\Subhash.Rao\.p2\pool\plugins\org.eclipse.m2e.maven.runtime_3.9.900.20240824-1409\jars\maven-resolver-provider-3.9.9.jar
2025-01-02 16:53:09,783 [Worker-64: Launching mavenrun-825b1ca8-1112-400f-a636-59804f01637e] INFO  o.eclipse.m2e.core.internal.Bundles - 	Entry: C:\Users\Subhash.Rao\.p2\pool\plugins\org.eclipse.m2e.maven.runtime_3.9.900.20240824-1409\jars\maven-resolver-spi-1.9.22.jar
2025-01-02 16:53:09,784 [Worker-64: Launching mavenrun-825b1ca8-1112-400f-a636-59804f01637e] INFO  o.eclipse.m2e.core.internal.Bundles - 	Entry: C:\Users\Subhash.Rao\.p2\pool\plugins\org.eclipse.m2e.maven.runtime_3.9.900.20240824-1409\jars\maven-resolver-transport-file-1.9.22.jar
2025-01-02 16:53:09,784 [Worker-64: Launching mavenrun-825b1ca8-1112-400f-a636-59804f01637e] INFO  o.eclipse.m2e.core.internal.Bundles - 	Entry: C:\Users\Subhash.Rao\.p2\pool\plugins\org.eclipse.m2e.maven.runtime_3.9.900.20240824-1409\jars\maven-resolver-transport-http-1.9.22.jar
2025-01-02 16:53:09,784 [Worker-64: Launching mavenrun-825b1ca8-1112-400f-a636-59804f01637e] INFO  o.eclipse.m2e.core.internal.Bundles - 	Entry: C:\Users\Subhash.Rao\.p2\pool\plugins\org.eclipse.m2e.maven.runtime_3.9.900.20240824-1409\jars\maven-resolver-transport-wagon-1.9.22.jar
2025-01-02 16:53:09,784 [Worker-64: Launching mavenrun-825b1ca8-1112-400f-a636-59804f01637e] INFO  o.eclipse.m2e.core.internal.Bundles - 	Entry: C:\Users\Subhash.Rao\.p2\pool\plugins\org.eclipse.m2e.maven.runtime_3.9.900.20240824-1409\jars\maven-resolver-util-1.9.22.jar
2025-01-02 16:53:09,784 [Worker-64: Launching mavenrun-825b1ca8-1112-400f-a636-59804f01637e] INFO  o.eclipse.m2e.core.internal.Bundles - 	Entry: C:\Users\Subhash.Rao\.p2\pool\plugins\org.eclipse.m2e.maven.runtime_3.9.900.20240824-1409\jars\maven-settings-3.9.9.jar
2025-01-02 16:53:09,784 [Worker-64: Launching mavenrun-825b1ca8-1112-400f-a636-59804f01637e] INFO  o.eclipse.m2e.core.internal.Bundles - 	Entry: C:\Users\Subhash.Rao\.p2\pool\plugins\org.eclipse.m2e.maven.runtime_3.9.900.20240824-1409\jars\maven-settings-builder-3.9.9.jar
2025-01-02 16:53:09,785 [Worker-64: Launching mavenrun-825b1ca8-1112-400f-a636-59804f01637e] INFO  o.eclipse.m2e.core.internal.Bundles - 	Entry: C:\Users\Subhash.Rao\.p2\pool\plugins\org.eclipse.m2e.maven.runtime_3.9.900.20240824-1409\jars\maven-shared-utils-3.4.2.jar
2025-01-02 16:53:09,785 [Worker-64: Launching mavenrun-825b1ca8-1112-400f-a636-59804f01637e] INFO  o.eclipse.m2e.core.internal.Bundles - 	Entry: C:\Users\Subhash.Rao\.p2\pool\plugins\org.eclipse.m2e.maven.runtime_3.9.900.20240824-1409\jars\org.eclipse.sisu.inject-0.9.0.M3.jar
2025-01-02 16:53:09,785 [Worker-64: Launching mavenrun-825b1ca8-1112-400f-a636-59804f01637e] INFO  o.eclipse.m2e.core.internal.Bundles - 	Entry: C:\Users\Subhash.Rao\.p2\pool\plugins\org.eclipse.m2e.maven.runtime_3.9.900.20240824-1409\jars\org.eclipse.sisu.plexus-0.9.0.M3.jar
2025-01-02 16:53:09,785 [Worker-64: Launching mavenrun-825b1ca8-1112-400f-a636-59804f01637e] INFO  o.eclipse.m2e.core.internal.Bundles - 	Entry: C:\Users\Subhash.Rao\.p2\pool\plugins\org.eclipse.m2e.maven.runtime_3.9.900.20240824-1409\jars\plexus-build-api-0.0.7.jar
2025-01-02 16:53:09,785 [Worker-64: Launching mavenrun-825b1ca8-1112-400f-a636-59804f01637e] INFO  o.eclipse.m2e.core.internal.Bundles - 	Entry: C:\Users\Subhash.Rao\.p2\pool\plugins\org.eclipse.m2e.maven.runtime_3.9.900.20240824-1409\jars\plexus-build-api-1.2.0.jar
2025-01-02 16:53:09,785 [Worker-64: Launching mavenrun-825b1ca8-1112-400f-a636-59804f01637e] INFO  o.eclipse.m2e.core.internal.Bundles - 	Entry: C:\Users\Subhash.Rao\.p2\pool\plugins\org.eclipse.m2e.maven.runtime_3.9.900.20240824-1409\jars\plexus-cipher-2.0.jar
2025-01-02 16:53:09,785 [Worker-64: Launching mavenrun-825b1ca8-1112-400f-a636-59804f01637e] INFO  o.eclipse.m2e.core.internal.Bundles - 	Entry: C:\Users\Subhash.Rao\.p2\pool\plugins\org.eclipse.m2e.maven.runtime_3.9.900.20240824-1409\jars\plexus-classworlds-2.8.0.jar
2025-01-02 16:53:09,785 [Worker-64: Launching mavenrun-825b1ca8-1112-400f-a636-59804f01637e] INFO  o.eclipse.m2e.core.internal.Bundles - 	Entry: C:\Users\Subhash.Rao\.p2\pool\plugins\org.eclipse.m2e.maven.runtime_3.9.900.20240824-1409\jars\plexus-component-annotations-2.1.0.jar
2025-01-02 16:53:09,787 [Worker-64: Launching mavenrun-825b1ca8-1112-400f-a636-59804f01637e] INFO  o.eclipse.m2e.core.internal.Bundles - 	Entry: C:\Users\Subhash.Rao\.p2\pool\plugins\org.eclipse.m2e.maven.runtime_3.9.900.20240824-1409\jars\plexus-interpolation-1.27.jar
2025-01-02 16:53:09,787 [Worker-64: Launching mavenrun-825b1ca8-1112-400f-a636-59804f01637e] INFO  o.eclipse.m2e.core.internal.Bundles - 	Entry: C:\Users\Subhash.Rao\.p2\pool\plugins\org.eclipse.m2e.maven.runtime_3.9.900.20240824-1409\jars\plexus-sec-dispatcher-2.0.jar
2025-01-02 16:53:09,787 [Worker-64: Launching mavenrun-825b1ca8-1112-400f-a636-59804f01637e] INFO  o.eclipse.m2e.core.internal.Bundles - 	Entry: C:\Users\Subhash.Rao\.p2\pool\plugins\org.eclipse.m2e.maven.runtime_3.9.900.20240824-1409\jars\plexus-utils-3.5.1.jar
2025-01-02 16:53:09,788 [Worker-64: Launching mavenrun-825b1ca8-1112-400f-a636-59804f01637e] INFO  o.eclipse.m2e.core.internal.Bundles - 	Entry: C:\Users\Subhash.Rao\.p2\pool\plugins\org.eclipse.m2e.maven.runtime_3.9.900.20240824-1409\jars\plexus-xml-3.0.1.jar
2025-01-02 16:53:09,788 [Worker-64: Launching mavenrun-825b1ca8-1112-400f-a636-59804f01637e] INFO  o.eclipse.m2e.core.internal.Bundles - 	Entry: C:\Users\Subhash.Rao\.p2\pool\plugins\org.eclipse.m2e.maven.runtime_3.9.900.20240824-1409\jars\wagon-file-3.5.3.jar
2025-01-02 16:53:09,788 [Worker-64: Launching mavenrun-825b1ca8-1112-400f-a636-59804f01637e] INFO  o.eclipse.m2e.core.internal.Bundles - 	Entry: C:\Users\Subhash.Rao\.p2\pool\plugins\org.eclipse.m2e.maven.runtime_3.9.900.20240824-1409\jars\wagon-http-3.5.3.jar
2025-01-02 16:53:09,789 [Worker-64: Launching mavenrun-825b1ca8-1112-400f-a636-59804f01637e] INFO  o.eclipse.m2e.core.internal.Bundles - 	Entry: C:\Users\Subhash.Rao\.p2\pool\plugins\org.eclipse.m2e.maven.runtime_3.9.900.20240824-1409\jars\wagon-http-shared-3.5.3.jar
2025-01-02 16:53:09,789 [Worker-64: Launching mavenrun-825b1ca8-1112-400f-a636-59804f01637e] INFO  o.eclipse.m2e.core.internal.Bundles - 	Entry: C:\Users\Subhash.Rao\.p2\pool\plugins\org.eclipse.m2e.maven.runtime_3.9.900.20240824-1409\jars\wagon-provider-api-3.5.3.jar
2025-01-02 16:53:09,789 [Worker-64: Launching mavenrun-825b1ca8-1112-400f-a636-59804f01637e] INFO  o.eclipse.m2e.core.internal.Bundles - getClasspathEntries(Bundle=com.google.guava_33.3.0.jre [16])
2025-01-02 16:53:09,790 [Worker-64: Launching mavenrun-825b1ca8-1112-400f-a636-59804f01637e] INFO  o.eclipse.m2e.core.internal.Bundles - 	Entry: C:\Users\Subhash.Rao\.p2\pool\plugins\com.google.guava_33.3.0.jre.jar
2025-01-02 16:53:09,790 [Worker-64: Launching mavenrun-825b1ca8-1112-400f-a636-59804f01637e] INFO  o.eclipse.m2e.core.internal.Bundles - getClasspathEntries(Bundle=slf4j.api_2.0.16 [1007])
2025-01-02 16:53:09,791 [Worker-64: Launching mavenrun-825b1ca8-1112-400f-a636-59804f01637e] INFO  o.eclipse.m2e.core.internal.Bundles - 	Entry: C:\Users\Subhash.Rao\.p2\pool\plugins\slf4j.api_2.0.16.jar
2025-01-02 16:53:09,791 [Worker-64: Launching mavenrun-825b1ca8-1112-400f-a636-59804f01637e] INFO  o.eclipse.m2e.core.internal.Bundles - getClasspathEntries(Bundle=jakarta.inject.jakarta.inject-api_1.0.5 [34])
2025-01-02 16:53:09,791 [Worker-64: Launching mavenrun-825b1ca8-1112-400f-a636-59804f01637e] INFO  o.eclipse.m2e.core.internal.Bundles - 	Entry: C:\Users\Subhash.Rao\.p2\pool\plugins\jakarta.inject.jakarta.inject-api_1.0.5.jar
2025-01-02 16:53:09,791 [Worker-64: Launching mavenrun-825b1ca8-1112-400f-a636-59804f01637e] INFO  o.eclipse.m2e.core.internal.Bundles - getClasspathEntries(Bundle=jakarta.annotation-api_1.3.5 [29])
2025-01-02 16:53:09,792 [Worker-64: Launching mavenrun-825b1ca8-1112-400f-a636-59804f01637e] INFO  o.eclipse.m2e.core.internal.Bundles - 	Entry: C:\Users\Subhash.Rao\.p2\pool\plugins\jakarta.annotation-api_1.3.5.jar
2025-01-02 16:53:09,792 [Worker-64: Launching mavenrun-825b1ca8-1112-400f-a636-59804f01637e] INFO  o.eclipse.m2e.core.internal.Bundles - getClasspathEntries(Bundle=org.apache.commons.cli_1.9.0 [78])
2025-01-02 16:53:09,792 [Worker-64: Launching mavenrun-825b1ca8-1112-400f-a636-59804f01637e] INFO  o.eclipse.m2e.core.internal.Bundles - 	Entry: C:\Users\Subhash.Rao\.p2\pool\plugins\org.apache.commons.cli_1.9.0.jar
2025-01-02 16:53:09,792 [Worker-64: Launching mavenrun-825b1ca8-1112-400f-a636-59804f01637e] INFO  o.eclipse.m2e.core.internal.Bundles - getClasspathEntries(Bundle=org.apache.commons.commons-codec_1.16.0 [81])
2025-01-02 16:53:09,793 [Worker-64: Launching mavenrun-825b1ca8-1112-400f-a636-59804f01637e] INFO  o.eclipse.m2e.core.internal.Bundles - 	Entry: C:\Users\Subhash.Rao\.p2\pool\plugins\org.apache.commons.commons-codec_1.16.0.jar
2025-01-02 16:53:09,793 [Worker-64: Launching mavenrun-825b1ca8-1112-400f-a636-59804f01637e] INFO  o.eclipse.m2e.core.internal.Bundles - getClasspathEntries(Bundle=com.google.guava.failureaccess_1.0.2 [17])
2025-01-02 16:53:09,793 [Worker-64: Launching mavenrun-825b1ca8-1112-400f-a636-59804f01637e] INFO  o.eclipse.m2e.core.internal.Bundles - 	Entry: C:\Users\Subhash.Rao\.p2\pool\plugins\com.google.guava.failureaccess_1.0.2.jar
2025-01-02 16:53:09,795 [Worker-64: Launching mavenrun-825b1ca8-1112-400f-a636-59804f01637e] INFO  o.e.m.i.launch.MavenLaunchDelegate - Run build in "C:\Users\Subhash.Rao\AppData\Local\Temp\m2e-archetypeGenerator4902693881325941488":
2025-01-02 16:53:09,796 [Worker-64: Launching mavenrun-825b1ca8-1112-400f-a636-59804f01637e] INFO  o.e.m.i.launch.MavenLaunchDelegate -  mvn  -DarchetypeGroupId=de.bripkens -DarchetypeArtifactId=java-quickstart -DarchetypeVersion=0.2.0 -DgroupId=brillio -DartifactId=Exam-Project -Dversion=0.0.1-SNAPSHOT -Dpackage=brillio.Exam_Project -DoutputDirectory="C:\Java Training\Day 8" -Dstyle.color=always -U archetype:generate
2025-01-02 16:53:26,368 [Worker-66: Creating java-quickstart] INFO  o.e.m.c.i.p.ProjectConfigurationManager - Collecting project info '/pom.xml' C:\Java Training\Day 8\Exam-Project\pom.xml
2025-01-02 16:53:26,609 [Worker-66: Creating java-quickstart] INFO  o.e.m.c.i.l.LifecycleMappingFactory - Using org.eclipse.m2e.jdt.JarLifecycleMapping lifecycle mapping for MavenProject: brillio:Exam-Project:0.0.1-SNAPSHOT @ C:\Java Training\Day 8\Exam-Project\pom.xml.
2025-01-02 16:53:27,657 [Worker-66: Creating java-quickstart] INFO  o.e.m.j.i.AbstractJavaProjectConfigurator - Adding source folder /Exam-Project/src/main/java
2025-01-02 16:53:27,658 [Worker-66: Creating java-quickstart] INFO  o.e.m.j.i.AbstractJavaProjectConfigurator - Adding resource folder /Exam-Project/src/main/resources
2025-01-02 16:53:27,669 [Worker-66: Creating java-quickstart] INFO  o.e.m.j.i.AbstractJavaProjectConfigurator - Adding source folder /Exam-Project/src/test/java
2025-01-02 16:53:27,669 [Worker-66: Creating java-quickstart] INFO  o.e.m.j.i.AbstractJavaProjectConfigurator - Adding resource folder /Exam-Project/src/test/resources
2025-01-02 16:53:27,795 [Worker-66: Creating java-quickstart] INFO  o.e.m.c.i.p.ProjectConfigurationManager - Imported and configured 1 project(s) in 1 sec
2025-01-02 16:53:28,141 [Worker-68: Building] INFO  o.a.m.s.f.DefaultMavenResourcesFiltering - skip non existing resourceDirectory C:\Java Training\Day 8\Exam-Project\src\main\resources
2025-01-02 16:53:28,144 [Worker-68: Building] INFO  o.a.m.s.f.DefaultMavenResourcesFiltering - skip non existing resourceDirectory C:\Java Training\Day 8\Exam-Project\src\test\resources
2025-01-02 16:59:20,274 [Worker-71: Building] INFO  o.e.m.c.i.l.LifecycleMappingFactory - Using org.eclipse.m2e.jdt.JarLifecycleMapping lifecycle mapping for MavenProject: brillio:Exam-Project:0.0.1-SNAPSHOT @ C:\Java Training\Day 8\Exam-Project\pom.xml.
2025-01-02 16:59:20,554 [Worker-71: Building] WARN  o.e.m.c.i.embedder.EclipseLogger - The artifact mysql:mysql-connector-java:jar:8.0.33 has been relocated to com.mysql:mysql-connector-j:jar:8.0.33: MySQL Connector/J artifacts moved to reverse-DNS compliant Maven 2+ coordinates.
2025-01-02 16:59:20,675 [Worker-71: Building] INFO  o.a.m.s.f.DefaultMavenResourcesFiltering - skip non existing resourceDirectory C:\Java Training\Day 8\Exam-Project\src\main\resources
2025-01-02 16:59:20,678 [Worker-71: Building] INFO  o.a.m.s.f.DefaultMavenResourcesFiltering - skip non existing resourceDirectory C:\Java Training\Day 8\Exam-Project\src\test\resources
2025-01-02 16:59:21,854 [Worker-67: Building] INFO  o.a.m.s.f.DefaultMavenResourcesFiltering - skip non existing resourceDirectory C:\Java Training\Day 8\Exam-Project\src\main\resources
2025-01-02 16:59:21,856 [Worker-67: Building] INFO  o.a.m.s.f.DefaultMavenResourcesFiltering - skip non existing resourceDirectory C:\Java Training\Day 8\Exam-Project\src\test\resources
2025-01-02 17:00:08,155 [Worker-71: Building] INFO  o.a.m.s.f.DefaultMavenResourcesFiltering - skip non existing resourceDirectory C:\Java Training\Day 8\Exam-Project\src\main\resources
2025-01-02 17:00:08,158 [Worker-71: Building] INFO  o.a.m.s.f.DefaultMavenResourcesFiltering - skip non existing resourceDirectory C:\Java Training\Day 8\Exam-Project\src\test\resources
2025-01-02 17:01:57,052 [Worker-70: Building] INFO  o.a.m.s.f.DefaultMavenResourcesFiltering - skip non existing resourceDirectory C:\Java Training\Day 8\Exam-Project\src\main\resources
2025-01-02 17:01:57,055 [Worker-70: Building] INFO  o.a.m.s.f.DefaultMavenResourcesFiltering - skip non existing resourceDirectory C:\Java Training\Day 8\Exam-Project\src\test\resources
2025-01-02 17:08:54,781 [Worker-66: Building] INFO  o.a.m.s.f.DefaultMavenResourcesFiltering - skip non existing resourceDirectory C:\Java Training\Day 8\Exam-Project\src\main\resources
2025-01-02 17:08:54,783 [Worker-66: Building] INFO  o.a.m.s.f.DefaultMavenResourcesFiltering - skip non existing resourceDirectory C:\Java Training\Day 8\Exam-Project\src\test\resources
2025-01-02 17:09:07,438 [Worker-73: Building] INFO  o.a.m.s.f.DefaultMavenResourcesFiltering - skip non existing resourceDirectory C:\Java Training\Day 8\Exam-Project\src\main\resources
2025-01-02 17:09:07,441 [Worker-73: Building] INFO  o.a.m.s.f.DefaultMavenResourcesFiltering - skip non existing resourceDirectory C:\Java Training\Day 8\Exam-Project\src\test\resources
2025-01-02 17:09:43,311 [Worker-72: Building] INFO  o.a.m.s.f.DefaultMavenResourcesFiltering - skip non existing resourceDirectory C:\Java Training\Day 8\Exam-Project\src\main\resources
2025-01-02 17:09:43,314 [Worker-72: Building] INFO  o.a.m.s.f.DefaultMavenResourcesFiltering - skip non existing resourceDirectory C:\Java Training\Day 8\Exam-Project\src\test\resources
2025-01-02 17:16:57,127 [Worker-75: Building] INFO  o.a.m.s.f.DefaultMavenResourcesFiltering - skip non existing resourceDirectory C:\Java Training\Day 8\Exam-Project\src\main\resources
2025-01-02 17:16:57,130 [Worker-75: Building] INFO  o.a.m.s.f.DefaultMavenResourcesFiltering - skip non existing resourceDirectory C:\Java Training\Day 8\Exam-Project\src\test\resources
2025-01-02 17:17:20,399 [Worker-72: Building] INFO  o.a.m.s.f.DefaultMavenResourcesFiltering - skip non existing resourceDirectory C:\Java Training\Day 8\Exam-Project\src\main\resources
2025-01-02 17:17:20,401 [Worker-72: Building] INFO  o.a.m.s.f.DefaultMavenResourcesFiltering - skip non existing resourceDirectory C:\Java Training\Day 8\Exam-Project\src\test\resources
2025-01-02 17:27:47,740 [Worker-70: Building] INFO  o.a.m.s.f.DefaultMavenResourcesFiltering - skip non existing resourceDirectory C:\Java Training\Day 8\Exam-Project\src\main\resources
2025-01-02 17:27:47,743 [Worker-70: Building] INFO  o.a.m.s.f.DefaultMavenResourcesFiltering - skip non existing resourceDirectory C:\Java Training\Day 8\Exam-Project\src\test\resources
2025-01-02 17:29:03,197 [Worker-76: Building] INFO  o.a.m.s.f.DefaultMavenResourcesFiltering - skip non existing resourceDirectory C:\Java Training\Day 8\Maven_Demo\src\main\resources
2025-01-02 17:29:03,200 [Worker-76: Building] INFO  o.a.m.s.f.DefaultMavenResourcesFiltering - skip non existing resourceDirectory C:\Java Training\Day 8\Maven_Demo\src\test\resources
2025-01-02 17:29:55,790 [Worker-76: Building] INFO  o.a.m.s.f.DefaultMavenResourcesFiltering - skip non existing resourceDirectory C:\Java Training\Day 8\Maven_Demo\src\main\resources
2025-01-02 17:29:55,792 [Worker-76: Building] INFO  o.a.m.s.f.DefaultMavenResourcesFiltering - skip non existing resourceDirectory C:\Java Training\Day 8\Maven_Demo\src\test\resources
2025-01-02 17:30:01,520 [Worker-75: Building] INFO  o.a.m.s.f.DefaultMavenResourcesFiltering - skip non existing resourceDirectory C:\Java Training\Day 8\Maven_Demo\src\main\resources
2025-01-02 17:30:01,522 [Worker-75: Building] INFO  o.a.m.s.f.DefaultMavenResourcesFiltering - skip non existing resourceDirectory C:\Java Training\Day 8\Maven_Demo\src\test\resources
2025-01-02 17:30:34,656 [Worker-74: Building] INFO  o.a.m.s.f.DefaultMavenResourcesFiltering - skip non existing resourceDirectory C:\Java Training\Day 8\Exam-Project\src\main\resources
2025-01-02 17:30:34,659 [Worker-74: Building] INFO  o.a.m.s.f.DefaultMavenResourcesFiltering - skip non existing resourceDirectory C:\Java Training\Day 8\Exam-Project\src\test\resources
2025-01-02 17:40:42,381 [Worker-75: Building] INFO  o.a.m.s.f.DefaultMavenResourcesFiltering - skip non existing resourceDirectory C:\Java Training\Day 8\Exam-Project\src\main\resources
2025-01-02 17:40:42,383 [Worker-75: Building] INFO  o.a.m.s.f.DefaultMavenResourcesFiltering - skip non existing resourceDirectory C:\Java Training\Day 8\Exam-Project\src\test\resources
2025-01-02 17:41:37,659 [Worker-79: Building] INFO  o.a.m.s.f.DefaultMavenResourcesFiltering - skip non existing resourceDirectory C:\Java Training\Day 8\Exam-Project\src\main\resources
2025-01-02 17:41:37,661 [Worker-79: Building] INFO  o.a.m.s.f.DefaultMavenResourcesFiltering - skip non existing resourceDirectory C:\Java Training\Day 8\Exam-Project\src\test\resources
2025-01-02 17:42:17,587 [Worker-77: Building] INFO  o.a.m.s.f.DefaultMavenResourcesFiltering - skip non existing resourceDirectory C:\Java Training\Day 8\Exam-Project\src\main\resources
2025-01-02 17:42:17,593 [Worker-77: Building] INFO  o.a.m.s.f.DefaultMavenResourcesFiltering - skip non existing resourceDirectory C:\Java Training\Day 8\Exam-Project\src\test\resources
2025-01-02 17:54:58,442 [Worker-75: Building] INFO  o.a.m.s.f.DefaultMavenResourcesFiltering - skip non existing resourceDirectory C:\Java Training\Day 8\Exam-Project\src\main\resources
2025-01-02 17:54:58,445 [Worker-75: Building] INFO  o.a.m.s.f.DefaultMavenResourcesFiltering - skip non existing resourceDirectory C:\Java Training\Day 8\Exam-Project\src\test\resources
2025-01-02 17:55:45,911 [Worker-82: Building] INFO  o.a.m.s.f.DefaultMavenResourcesFiltering - skip non existing resourceDirectory C:\Java Training\Day 8\Exam-Project\src\main\resources
2025-01-02 17:55:45,912 [Worker-82: Building] INFO  o.a.m.s.f.DefaultMavenResourcesFiltering - skip non existing resourceDirectory C:\Java Training\Day 8\Exam-Project\src\test\resources
2025-01-07 17:09:15,611 [Worker-2: Loading available Gradle versions] INFO  o.e.b.c.i.u.g.PublishedGradleVersions - Gradle version information cache is out-of-date. Trying to update.
2025-01-07 17:09:16,848 [Worker-4: reload maven project] WARN  o.e.m.c.i.embedder.EclipseLogger - The artifact mysql:mysql-connector-java:jar:8.0.33 has been relocated to com.mysql:mysql-connector-j:jar:8.0.33: MySQL Connector/J artifacts moved to reverse-DNS compliant Maven 2+ coordinates.
2025-01-07 17:10:16,004 [main] INFO  o.e.m.jdt.internal.UnitTestSupport - Updating brillio.Exam_Project from maven configuration
2025-01-07 17:11:36,028 [Worker-8: Building] INFO  o.e.m.c.i.l.LifecycleMappingFactory - Using org.eclipse.m2e.jdt.JarLifecycleMapping lifecycle mapping for MavenProject: brillio:ThisEx:0.0.1-SNAPSHOT @ C:\Java Training\Day 10\ThisEx\pom.xml.
2025-01-07 17:11:36,027 [Worker-4: Updating Maven Dependencies] INFO  o.e.m.c.i.l.LifecycleMappingFactory - Using org.eclipse.m2e.jdt.JarLifecycleMapping lifecycle mapping for MavenProject: brillio:ThisEx:0.0.1-SNAPSHOT @ C:\Java Training\Day 10\ThisEx\pom.xml.
2025-01-07 17:11:38,518 [Worker-8: Building] INFO  o.a.m.s.f.DefaultMavenResourcesFiltering - skip non existing resourceDirectory C:\Java Training\Day 10\ThisEx\src\main\resources
2025-01-07 17:11:38,523 [Worker-8: Building] INFO  o.a.m.s.f.DefaultMavenResourcesFiltering - skip non existing resourceDirectory C:\Java Training\Day 10\ThisEx\src\test\resources
2025-01-07 17:11:39,881 [Worker-11: Building] INFO  o.a.m.s.f.DefaultMavenResourcesFiltering - skip non existing resourceDirectory C:\Java Training\Day 10\ThisEx\src\main\resources
2025-01-07 17:11:39,885 [Worker-11: Building] INFO  o.a.m.s.f.DefaultMavenResourcesFiltering - skip non existing resourceDirectory C:\Java Training\Day 10\ThisEx\src\test\resources
2025-01-07 17:11:40,122 [Worker-10: Updating Maven Dependencies] INFO  o.e.m.c.i.l.LifecycleMappingFactory - Using org.eclipse.m2e.jdt.JarLifecycleMapping lifecycle mapping for MavenProject: brillio:ThisEx:0.0.1-SNAPSHOT @ C:\Java Training\Day 10\ThisEx\pom.xml.
2025-01-07 17:11:41,445 [Worker-17: Building] INFO  o.a.m.s.f.DefaultMavenResourcesFiltering - skip non existing resourceDirectory C:\Java Training\Day 10\ThisEx\src\main\resources
2025-01-07 17:11:41,448 [Worker-17: Building] INFO  o.a.m.s.f.DefaultMavenResourcesFiltering - skip non existing resourceDirectory C:\Java Training\Day 10\ThisEx\src\test\resources
2025-01-07 17:12:34,559 [Worker-0: Building] INFO  o.e.m.c.i.l.LifecycleMappingFactory - Using org.eclipse.m2e.jdt.JarLifecycleMapping lifecycle mapping for MavenProject: brillio:JUnitEx:0.0.1-SNAPSHOT @ C:\Java Training\Day 10\JUnitEx\pom.xml.
2025-01-07 17:12:34,621 [Worker-0: Building] INFO  o.a.m.s.f.DefaultMavenResourcesFiltering - skip non existing resourceDirectory C:\Java Training\Day 10\JUnitEx\src\main\resources
2025-01-07 17:12:34,625 [Worker-0: Building] INFO  o.a.m.s.f.DefaultMavenResourcesFiltering - skip non existing resourceDirectory C:\Java Training\Day 10\JUnitEx\src\test\resources
2025-01-07 17:12:35,648 [Worker-9: Updating Maven Dependencies] INFO  o.e.m.c.i.l.LifecycleMappingFactory - Using org.eclipse.m2e.jdt.JarLifecycleMapping lifecycle mapping for MavenProject: brillio:JUnitEx:0.0.1-SNAPSHOT @ C:\Java Training\Day 10\JUnitEx\pom.xml.
2025-01-07 17:12:35,884 [Worker-18: Building] INFO  o.a.m.s.f.DefaultMavenResourcesFiltering - skip non existing resourceDirectory C:\Java Training\Day 10\JUnitEx\src\main\resources
2025-01-07 17:12:35,888 [Worker-18: Building] INFO  o.a.m.s.f.DefaultMavenResourcesFiltering - skip non existing resourceDirectory C:\Java Training\Day 10\JUnitEx\src\test\resources
2025-01-07 17:15:29,912 [Worker-5: Building] INFO  o.e.m.c.i.l.LifecycleMappingFactory - Using org.eclipse.m2e.jdt.JarLifecycleMapping lifecycle mapping for MavenProject: brillio:JDBCRealTime:0.0.1-SNAPSHOT @ C:\Java Training\Day 9\JDBCRealTime\pom.xml.
2025-01-07 17:15:30,113 [Worker-5: Building] WARN  o.e.m.c.i.embedder.EclipseLogger - The artifact mysql:mysql-connector-java:jar:8.0.33 has been relocated to com.mysql:mysql-connector-j:jar:8.0.33: MySQL Connector/J artifacts moved to reverse-DNS compliant Maven 2+ coordinates.
2025-01-07 17:15:30,599 [Worker-5: Building] INFO  o.a.m.s.f.DefaultMavenResourcesFiltering - skip non existing resourceDirectory C:\Java Training\Day 9\JDBCRealTime\src\main\resources
2025-01-07 17:15:30,602 [Worker-5: Building] INFO  o.a.m.s.f.DefaultMavenResourcesFiltering - skip non existing resourceDirectory C:\Java Training\Day 9\JDBCRealTime\src\test\resources
2025-01-07 17:15:31,067 [Worker-5: Building] INFO  o.a.m.s.f.DefaultMavenResourcesFiltering - skip non existing resourceDirectory C:\Java Training\Day 9\JDBCRealTime\src\main\resources
2025-01-07 17:15:31,072 [Worker-5: Building] INFO  o.a.m.s.f.DefaultMavenResourcesFiltering - skip non existing resourceDirectory C:\Java Training\Day 9\JDBCRealTime\src\test\resources
2025-01-07 17:15:31,361 [Worker-11: Updating Maven Dependencies] INFO  o.e.m.c.i.l.LifecycleMappingFactory - Using org.eclipse.m2e.jdt.JarLifecycleMapping lifecycle mapping for MavenProject: brillio:JDBCRealTime:0.0.1-SNAPSHOT @ C:\Java Training\Day 9\JDBCRealTime\pom.xml.
2025-01-07 17:15:31,412 [Worker-11: Updating Maven Dependencies] WARN  o.e.m.c.i.embedder.EclipseLogger - The artifact mysql:mysql-connector-java:jar:8.0.33 has been relocated to com.mysql:mysql-connector-j:jar:8.0.33: MySQL Connector/J artifacts moved to reverse-DNS compliant Maven 2+ coordinates.
2025-01-07 17:16:18,974 [Worker-6: Loading available Gradle versions] INFO  o.e.b.c.i.u.g.PublishedGradleVersions - Gradle version information cache is up-to-date. Trying to read.
2025-01-07 17:17:53,014 [Worker-2: Building] WARN  o.e.m.c.i.embedder.EclipseLogger - The artifact mysql:mysql-connector-java:jar:8.0.33 has been relocated to com.mysql:mysql-connector-j:jar:8.0.33: MySQL Connector/J artifacts moved to reverse-DNS compliant Maven 2+ coordinates.
2025-01-07 17:17:55,342 [Worker-2: Building] INFO  o.a.m.s.f.DefaultMavenResourcesFiltering - skip non existing resourceDirectory C:\Java Training\Day 8\Exam-Project\src\main\resources
2025-01-07 17:17:55,346 [Worker-2: Building] INFO  o.a.m.s.f.DefaultMavenResourcesFiltering - skip non existing resourceDirectory C:\Java Training\Day 8\Exam-Project\src\test\resources
2025-01-07 17:24:32,363 [Worker-9: Building] INFO  o.a.m.s.f.DefaultMavenResourcesFiltering - skip non existing resourceDirectory C:\Java Training\Day 8\Exam-Project\src\main\resources
2025-01-07 17:24:32,371 [Worker-9: Building] INFO  o.a.m.s.f.DefaultMavenResourcesFiltering - skip non existing resourceDirectory C:\Java Training\Day 8\Exam-Project\src\test\resources
2025-01-07 17:24:53,092 [Worker-25: Building] INFO  o.a.m.s.f.DefaultMavenResourcesFiltering - skip non existing resourceDirectory C:\Java Training\Day 8\Exam-Project\src\main\resources
2025-01-07 17:24:53,097 [Worker-25: Building] INFO  o.a.m.s.f.DefaultMavenResourcesFiltering - skip non existing resourceDirectory C:\Java Training\Day 8\Exam-Project\src\test\resources
2025-01-07 17:26:23,939 [Worker-3: Building] INFO  o.a.m.s.f.DefaultMavenResourcesFiltering - skip non existing resourceDirectory C:\Java Training\Day 8\Exam-Project\src\main\resources
2025-01-07 17:26:23,943 [Worker-3: Building] INFO  o.a.m.s.f.DefaultMavenResourcesFiltering - skip non existing resourceDirectory C:\Java Training\Day 8\Exam-Project\src\test\resources
2025-01-07 17:26:30,242 [Worker-27: Building] INFO  o.a.m.s.f.DefaultMavenResourcesFiltering - skip non existing resourceDirectory C:\Java Training\Day 8\Exam-Project\src\main\resources
2025-01-07 17:26:30,245 [Worker-27: Building] INFO  o.a.m.s.f.DefaultMavenResourcesFiltering - skip non existing resourceDirectory C:\Java Training\Day 8\Exam-Project\src\test\resources
2025-01-07 17:27:03,318 [Worker-9: Building] INFO  o.a.m.s.f.DefaultMavenResourcesFiltering - skip non existing resourceDirectory C:\Java Training\Day 8\Exam-Project\src\main\resources
2025-01-07 17:27:03,322 [Worker-9: Building] INFO  o.a.m.s.f.DefaultMavenResourcesFiltering - skip non existing resourceDirectory C:\Java Training\Day 8\Exam-Project\src\test\resources
2025-01-07 17:27:31,930 [Worker-24: Building] INFO  o.a.m.s.f.DefaultMavenResourcesFiltering - skip non existing resourceDirectory C:\Java Training\Day 8\Exam-Project\src\main\resources
2025-01-07 17:27:31,933 [Worker-24: Building] INFO  o.a.m.s.f.DefaultMavenResourcesFiltering - skip non existing resourceDirectory C:\Java Training\Day 8\Exam-Project\src\test\resources
2025-01-07 17:28:01,921 [Worker-3: Building] INFO  o.a.m.s.f.DefaultMavenResourcesFiltering - skip non existing resourceDirectory C:\Java Training\Day 8\Exam-Project\src\main\resources
2025-01-07 17:28:01,927 [Worker-3: Building] INFO  o.a.m.s.f.DefaultMavenResourcesFiltering - skip non existing resourceDirectory C:\Java Training\Day 8\Exam-Project\src\test\resources
2025-01-07 17:29:22,377 [Worker-26: Building] INFO  o.a.m.s.f.DefaultMavenResourcesFiltering - skip non existing resourceDirectory C:\Java Training\Day 8\Exam-Project\src\main\resources
2025-01-07 17:29:22,380 [Worker-26: Building] INFO  o.a.m.s.f.DefaultMavenResourcesFiltering - skip non existing resourceDirectory C:\Java Training\Day 8\Exam-Project\src\test\resources
2025-01-07 17:29:35,617 [Worker-3: Building] INFO  o.a.m.s.f.DefaultMavenResourcesFiltering - skip non existing resourceDirectory C:\Java Training\Day 8\Exam-Project\src\main\resources
2025-01-07 17:29:35,620 [Worker-3: Building] INFO  o.a.m.s.f.DefaultMavenResourcesFiltering - skip non existing resourceDirectory C:\Java Training\Day 8\Exam-Project\src\test\resources
2025-01-07 17:29:47,015 [Worker-26: Building] INFO  o.a.m.s.f.DefaultMavenResourcesFiltering - skip non existing resourceDirectory C:\Java Training\Day 8\Exam-Project\src\main\resources
2025-01-07 17:29:47,019 [Worker-26: Building] INFO  o.a.m.s.f.DefaultMavenResourcesFiltering - skip non existing resourceDirectory C:\Java Training\Day 8\Exam-Project\src\test\resources
2025-01-07 17:31:06,135 [Worker-27: Building] INFO  o.a.m.s.f.DefaultMavenResourcesFiltering - skip non existing resourceDirectory C:\Java Training\Day 8\Exam-Project\src\main\resources
2025-01-07 17:31:06,142 [Worker-27: Building] INFO  o.a.m.s.f.DefaultMavenResourcesFiltering - skip non existing resourceDirectory C:\Java Training\Day 8\Exam-Project\src\test\resources
2025-01-07 17:31:18,171 [Worker-26: Building] INFO  o.a.m.s.f.DefaultMavenResourcesFiltering - skip non existing resourceDirectory C:\Java Training\Day 8\Exam-Project\src\main\resources
2025-01-07 17:31:18,174 [Worker-26: Building] INFO  o.a.m.s.f.DefaultMavenResourcesFiltering - skip non existing resourceDirectory C:\Java Training\Day 8\Exam-Project\src\test\resources
2025-01-07 17:31:59,692 [Worker-24: Building] INFO  o.a.m.s.f.DefaultMavenResourcesFiltering - skip non existing resourceDirectory C:\Java Training\Day 8\Exam-Project\src\main\resources
2025-01-07 17:31:59,696 [Worker-24: Building] INFO  o.a.m.s.f.DefaultMavenResourcesFiltering - skip non existing resourceDirectory C:\Java Training\Day 8\Exam-Project\src\test\resources
2025-01-07 17:33:10,610 [Worker-24: Building] INFO  o.a.m.s.f.DefaultMavenResourcesFiltering - skip non existing resourceDirectory C:\Java Training\Day 8\Exam-Project\src\main\resources
2025-01-07 17:33:10,614 [Worker-24: Building] INFO  o.a.m.s.f.DefaultMavenResourcesFiltering - skip non existing resourceDirectory C:\Java Training\Day 8\Exam-Project\src\test\resources
2025-01-07 17:33:23,776 [Worker-26: Building] INFO  o.a.m.s.f.DefaultMavenResourcesFiltering - skip non existing resourceDirectory C:\Java Training\Day 8\Exam-Project\src\main\resources
2025-01-07 17:33:23,778 [Worker-26: Building] INFO  o.a.m.s.f.DefaultMavenResourcesFiltering - skip non existing resourceDirectory C:\Java Training\Day 8\Exam-Project\src\test\resources
2025-01-07 17:40:58,050 [Worker-26: Building] INFO  o.a.m.s.f.DefaultMavenResourcesFiltering - skip non existing resourceDirectory C:\Java Training\Day 8\Exam-Project\src\main\resources
2025-01-07 17:40:58,053 [Worker-26: Building] INFO  o.a.m.s.f.DefaultMavenResourcesFiltering - skip non existing resourceDirectory C:\Java Training\Day 8\Exam-Project\src\test\resources
2025-01-07 17:41:25,693 [Worker-24: Building] INFO  o.a.m.s.f.DefaultMavenResourcesFiltering - skip non existing resourceDirectory C:\Java Training\Day 8\Exam-Project\src\main\resources
2025-01-07 17:41:25,697 [Worker-24: Building] INFO  o.a.m.s.f.DefaultMavenResourcesFiltering - skip non existing resourceDirectory C:\Java Training\Day 8\Exam-Project\src\test\resources
2025-01-07 17:42:31,305 [Worker-3: Building] INFO  o.a.m.s.f.DefaultMavenResourcesFiltering - skip non existing resourceDirectory C:\Java Training\Day 8\Exam-Project\src\main\resources
2025-01-07 17:42:31,307 [Worker-3: Building] INFO  o.a.m.s.f.DefaultMavenResourcesFiltering - skip non existing resourceDirectory C:\Java Training\Day 8\Exam-Project\src\test\resources
2025-01-07 17:42:36,764 [Worker-27: Building] INFO  o.a.m.s.f.DefaultMavenResourcesFiltering - skip non existing resourceDirectory C:\Java Training\Day 8\Exam-Project\src\main\resources
2025-01-07 17:42:36,766 [Worker-27: Building] INFO  o.a.m.s.f.DefaultMavenResourcesFiltering - skip non existing resourceDirectory C:\Java Training\Day 8\Exam-Project\src\test\resources
2025-01-07 17:43:16,097 [Worker-9: Building] INFO  o.a.m.s.f.DefaultMavenResourcesFiltering - skip non existing resourceDirectory C:\Java Training\Day 8\Exam-Project\src\main\resources
2025-01-07 17:43:16,099 [Worker-9: Building] INFO  o.a.m.s.f.DefaultMavenResourcesFiltering - skip non existing resourceDirectory C:\Java Training\Day 8\Exam-Project\src\test\resources
2025-01-07 17:43:26,521 [Worker-3: Building] INFO  o.a.m.s.f.DefaultMavenResourcesFiltering - skip non existing resourceDirectory C:\Java Training\Day 8\Exam-Project\src\main\resources
2025-01-07 17:43:26,524 [Worker-3: Building] INFO  o.a.m.s.f.DefaultMavenResourcesFiltering - skip non existing resourceDirectory C:\Java Training\Day 8\Exam-Project\src\test\resources
2025-01-07 17:44:14,944 [Worker-9: Building] INFO  o.a.m.s.f.DefaultMavenResourcesFiltering - skip non existing resourceDirectory C:\Java Training\Day 8\Exam-Project\src\main\resources
2025-01-07 17:44:14,947 [Worker-9: Building] INFO  o.a.m.s.f.DefaultMavenResourcesFiltering - skip non existing resourceDirectory C:\Java Training\Day 8\Exam-Project\src\test\resources
2025-01-07 17:44:21,073 [Worker-27: Building] INFO  o.a.m.s.f.DefaultMavenResourcesFiltering - skip non existing resourceDirectory C:\Java Training\Day 8\Exam-Project\src\main\resources
2025-01-07 17:44:21,076 [Worker-27: Building] INFO  o.a.m.s.f.DefaultMavenResourcesFiltering - skip non existing resourceDirectory C:\Java Training\Day 8\Exam-Project\src\test\resources
2025-01-07 17:44:37,811 [Worker-26: Building] INFO  o.a.m.s.f.DefaultMavenResourcesFiltering - skip non existing resourceDirectory C:\Java Training\Day 8\Exam-Project\src\main\resources
2025-01-07 17:44:37,813 [Worker-26: Building] INFO  o.a.m.s.f.DefaultMavenResourcesFiltering - skip non existing resourceDirectory C:\Java Training\Day 8\Exam-Project\src\test\resources
2025-01-07 17:44:44,049 [Worker-26: Building] INFO  o.a.m.s.f.DefaultMavenResourcesFiltering - skip non existing resourceDirectory C:\Java Training\Day 8\Exam-Project\src\main\resources
2025-01-07 17:44:44,051 [Worker-26: Building] INFO  o.a.m.s.f.DefaultMavenResourcesFiltering - skip non existing resourceDirectory C:\Java Training\Day 8\Exam-Project\src\test\resources
2025-01-07 17:44:57,990 [Worker-25: Building] INFO  o.a.m.s.f.DefaultMavenResourcesFiltering - skip non existing resourceDirectory C:\Java Training\Day 8\Exam-Project\src\main\resources
2025-01-07 17:44:57,993 [Worker-25: Building] INFO  o.a.m.s.f.DefaultMavenResourcesFiltering - skip non existing resourceDirectory C:\Java Training\Day 8\Exam-Project\src\test\resources
2025-01-07 17:46:50,771 [Worker-25: Building] INFO  o.a.m.s.f.DefaultMavenResourcesFiltering - skip non existing resourceDirectory C:\Java Training\Day 8\Exam-Project\src\main\resources
2025-01-07 17:46:50,773 [Worker-25: Building] INFO  o.a.m.s.f.DefaultMavenResourcesFiltering - skip non existing resourceDirectory C:\Java Training\Day 8\Exam-Project\src\test\resources
2025-01-07 17:47:17,848 [Worker-9: Building] INFO  o.a.m.s.f.DefaultMavenResourcesFiltering - skip non existing resourceDirectory C:\Java Training\Day 8\Exam-Project\src\main\resources
2025-01-07 17:47:17,850 [Worker-9: Building] INFO  o.a.m.s.f.DefaultMavenResourcesFiltering - skip non existing resourceDirectory C:\Java Training\Day 8\Exam-Project\src\test\resources
2025-01-07 17:50:20,427 [Worker-25: Building] INFO  o.a.m.s.f.DefaultMavenResourcesFiltering - skip non existing resourceDirectory C:\Java Training\Day 8\Exam-Project\src\main\resources
2025-01-07 17:50:20,429 [Worker-25: Building] INFO  o.a.m.s.f.DefaultMavenResourcesFiltering - skip non existing resourceDirectory C:\Java Training\Day 8\Exam-Project\src\test\resources
2025-01-07 17:50:33,181 [Worker-27: Building] INFO  o.a.m.s.f.DefaultMavenResourcesFiltering - skip non existing resourceDirectory C:\Java Training\Day 8\Exam-Project\src\main\resources
2025-01-07 17:50:33,184 [Worker-27: Building] INFO  o.a.m.s.f.DefaultMavenResourcesFiltering - skip non existing resourceDirectory C:\Java Training\Day 8\Exam-Project\src\test\resources
2025-01-07 17:51:19,572 [Worker-3: Building] INFO  o.a.m.s.f.DefaultMavenResourcesFiltering - skip non existing resourceDirectory C:\Java Training\Day 8\Exam-Project\src\main\resources
2025-01-07 17:51:19,576 [Worker-3: Building] INFO  o.a.m.s.f.DefaultMavenResourcesFiltering - skip non existing resourceDirectory C:\Java Training\Day 8\Exam-Project\src\test\resources
2025-01-07 17:53:07,294 [Worker-27: Building] INFO  o.a.m.s.f.DefaultMavenResourcesFiltering - skip non existing resourceDirectory C:\Java Training\Day 8\Exam-Project\src\main\resources
2025-01-07 17:53:07,297 [Worker-27: Building] INFO  o.a.m.s.f.DefaultMavenResourcesFiltering - skip non existing resourceDirectory C:\Java Training\Day 8\Exam-Project\src\test\resources
2025-01-07 17:56:35,134 [Worker-29: Building] INFO  o.a.m.s.f.DefaultMavenResourcesFiltering - skip non existing resourceDirectory C:\Java Training\Day 8\Exam-Project\src\main\resources
2025-01-07 17:56:35,137 [Worker-29: Building] INFO  o.a.m.s.f.DefaultMavenResourcesFiltering - skip non existing resourceDirectory C:\Java Training\Day 8\Exam-Project\src\test\resources
2025-01-07 17:58:02,911 [Worker-24: Launching AgentShowMain] INFO  o.a.m.s.f.DefaultMavenResourcesFiltering - skip non existing resourceDirectory C:\Java Training\Day 8\Exam-Project\src\main\resources
2025-01-07 17:58:02,916 [Worker-24: Launching AgentShowMain] INFO  o.a.m.s.f.DefaultMavenResourcesFiltering - skip non existing resourceDirectory C:\Java Training\Day 8\Exam-Project\src\test\resources
2025-01-07 17:58:26,384 [Worker-24: Building] INFO  o.a.m.s.f.DefaultMavenResourcesFiltering - skip non existing resourceDirectory C:\Java Training\Day 8\Exam-Project\src\main\resources
2025-01-07 17:58:26,386 [Worker-24: Building] INFO  o.a.m.s.f.DefaultMavenResourcesFiltering - skip non existing resourceDirectory C:\Java Training\Day 8\Exam-Project\src\test\resources
2025-01-07 17:58:57,088 [Worker-31: Building] INFO  o.a.m.s.f.DefaultMavenResourcesFiltering - skip non existing resourceDirectory C:\Java Training\Day 8\Exam-Project\src\main\resources
2025-01-07 17:58:57,090 [Worker-31: Building] INFO  o.a.m.s.f.DefaultMavenResourcesFiltering - skip non existing resourceDirectory C:\Java Training\Day 8\Exam-Project\src\test\resources
2025-01-07 18:03:43,885 [Worker-33: Building] INFO  o.a.m.s.f.DefaultMavenResourcesFiltering - skip non existing resourceDirectory C:\Java Training\Day 8\Exam-Project\src\main\resources
2025-01-07 18:03:43,888 [Worker-33: Building] INFO  o.a.m.s.f.DefaultMavenResourcesFiltering - skip non existing resourceDirectory C:\Java Training\Day 8\Exam-Project\src\test\resources
2025-01-07 18:04:21,182 [Worker-39: reload maven project] WARN  o.e.m.c.i.embedder.EclipseLogger - The artifact mysql:mysql-connector-java:jar:8.0.33 has been relocated to com.mysql:mysql-connector-j:jar:8.0.33: MySQL Connector/J artifacts moved to reverse-DNS compliant Maven 2+ coordinates.
2025-01-07 18:05:07,764 [Worker-37: Building] INFO  o.e.m.c.i.l.LifecycleMappingFactory - Using org.eclipse.m2e.jdt.JarLifecycleMapping lifecycle mapping for MavenProject: brillio:Exam-Project:0.0.1-SNAPSHOT @ C:\Java Training\Day 8\Exam-Project\pom.xml.
2025-01-07 18:05:07,801 [Worker-37: Building] WARN  o.e.m.c.i.embedder.EclipseLogger - The artifact mysql:mysql-connector-java:jar:8.0.33 has been relocated to com.mysql:mysql-connector-j:jar:8.0.33: MySQL Connector/J artifacts moved to reverse-DNS compliant Maven 2+ coordinates.
2025-01-07 18:05:09,188 [Worker-37: Building] INFO  o.a.m.s.f.DefaultMavenResourcesFiltering - skip non existing resourceDirectory C:\Java Training\Day 8\Exam-Project\src\main\resources
2025-01-07 18:05:09,191 [Worker-37: Building] INFO  o.a.m.s.f.DefaultMavenResourcesFiltering - skip non existing resourceDirectory C:\Java Training\Day 8\Exam-Project\src\test\resources
2025-01-07 18:05:11,236 [Worker-34: Building] INFO  o.a.m.s.f.DefaultMavenResourcesFiltering - skip non existing resourceDirectory C:\Java Training\Day 8\Exam-Project\src\main\resources
2025-01-07 18:05:11,239 [Worker-34: Building] INFO  o.a.m.s.f.DefaultMavenResourcesFiltering - skip non existing resourceDirectory C:\Java Training\Day 8\Exam-Project\src\test\resources
2025-01-07 18:08:51,459 [Worker-34: Building] INFO  o.a.m.s.f.DefaultMavenResourcesFiltering - skip non existing resourceDirectory C:\Java Training\Day 8\Exam-Project\src\main\resources
2025-01-07 18:08:51,462 [Worker-34: Building] INFO  o.a.m.s.f.DefaultMavenResourcesFiltering - skip non existing resourceDirectory C:\Java Training\Day 8\Exam-Project\src\test\resources
2025-01-07 18:09:59,301 [Worker-37: Building] INFO  o.a.m.s.f.DefaultMavenResourcesFiltering - skip non existing resourceDirectory C:\Java Training\Day 8\Exam-Project\src\main\resources
2025-01-07 18:09:59,304 [Worker-37: Building] INFO  o.a.m.s.f.DefaultMavenResourcesFiltering - skip non existing resourceDirectory C:\Java Training\Day 8\Exam-Project\src\test\resources
2025-01-07 18:11:59,002 [Worker-34: Building] INFO  o.a.m.s.f.DefaultMavenResourcesFiltering - skip non existing resourceDirectory C:\Java Training\Day 8\Exam-Project\src\main\resources
2025-01-07 18:11:59,005 [Worker-34: Building] INFO  o.a.m.s.f.DefaultMavenResourcesFiltering - skip non existing resourceDirectory C:\Java Training\Day 8\Exam-Project\src\test\resources
2025-01-08 09:08:36,956 [Worker-45: Building] INFO  o.a.m.s.f.DefaultMavenResourcesFiltering - skip non existing resourceDirectory C:\Java Training\Day 8\Exam-Project\src\main\resources
2025-01-08 09:08:36,959 [Worker-45: Building] INFO  o.a.m.s.f.DefaultMavenResourcesFiltering - skip non existing resourceDirectory C:\Java Training\Day 8\Exam-Project\src\test\resources
2025-01-08 11:21:56,227 [Worker-52: Building] INFO  o.a.m.s.f.DefaultMavenResourcesFiltering - skip non existing resourceDirectory C:\Java Training\Day 10\ThisEx\src\main\resources
2025-01-08 11:21:56,230 [Worker-52: Building] INFO  o.a.m.s.f.DefaultMavenResourcesFiltering - skip non existing resourceDirectory C:\Java Training\Day 10\ThisEx\src\test\resources
2025-01-08 11:25:58,166 [Worker-58: Building] INFO  o.a.m.s.f.DefaultMavenResourcesFiltering - skip non existing resourceDirectory C:\Java Training\Day 8\Exam-Project\src\main\resources
2025-01-08 11:25:58,174 [Worker-58: Building] INFO  o.a.m.s.f.DefaultMavenResourcesFiltering - skip non existing resourceDirectory C:\Java Training\Day 8\Exam-Project\src\test\resources
2025-01-08 11:28:31,815 [Worker-58: Building] INFO  o.a.m.s.f.DefaultMavenResourcesFiltering - skip non existing resourceDirectory C:\Java Training\Day 8\Exam-Project\src\main\resources
2025-01-08 11:28:31,818 [Worker-58: Building] INFO  o.a.m.s.f.DefaultMavenResourcesFiltering - skip non existing resourceDirectory C:\Java Training\Day 8\Exam-Project\src\test\resources
2025-01-08 11:28:36,600 [Worker-57: Building] INFO  o.a.m.s.f.DefaultMavenResourcesFiltering - skip non existing resourceDirectory C:\Java Training\Day 8\Exam-Project\src\main\resources
2025-01-08 11:28:36,603 [Worker-57: Building] INFO  o.a.m.s.f.DefaultMavenResourcesFiltering - skip non existing resourceDirectory C:\Java Training\Day 8\Exam-Project\src\test\resources
2025-01-08 11:28:46,842 [main] INFO  o.e.m.jdt.internal.UnitTestSupport - Updating AgentDaoTest from maven configuration
2025-01-08 11:30:19,632 [main] INFO  o.e.m.jdt.internal.UnitTestSupport - Updating java from maven configuration
2025-01-08 11:32:28,928 [Worker-58: Building] INFO  o.a.m.s.f.DefaultMavenResourcesFiltering - skip non existing resourceDirectory C:\Java Training\Day 8\Exam-Project\src\main\resources
2025-01-08 11:32:28,930 [Worker-58: Building] INFO  o.a.m.s.f.DefaultMavenResourcesFiltering - skip non existing resourceDirectory C:\Java Training\Day 8\Exam-Project\src\test\resources
2025-01-08 11:32:42,078 [Worker-63: Building] INFO  o.a.m.s.f.DefaultMavenResourcesFiltering - skip non existing resourceDirectory C:\Java Training\Day 8\Exam-Project\src\main\resources
2025-01-08 11:32:42,081 [Worker-63: Building] INFO  o.a.m.s.f.DefaultMavenResourcesFiltering - skip non existing resourceDirectory C:\Java Training\Day 8\Exam-Project\src\test\resources
2025-01-08 11:36:19,567 [main] INFO  o.e.m.jdt.internal.UnitTestSupport - Updating brillio.JDBCRealTime from maven configuration
2025-01-08 11:40:41,112 [Worker-64: Building] INFO  o.a.m.s.f.DefaultMavenResourcesFiltering - skip non existing resourceDirectory C:\Java Training\Day 8\Exam-Project\src\main\resources
2025-01-08 11:40:41,114 [Worker-64: Building] INFO  o.a.m.s.f.DefaultMavenResourcesFiltering - skip non existing resourceDirectory C:\Java Training\Day 8\Exam-Project\src\test\resources
2025-01-08 11:45:17,740 [Worker-64: Launching AgentShowMain] INFO  o.a.m.s.f.DefaultMavenResourcesFiltering - skip non existing resourceDirectory C:\Java Training\Day 8\Exam-Project\src\main\resources
2025-01-08 11:45:17,744 [Worker-64: Launching AgentShowMain] INFO  o.a.m.s.f.DefaultMavenResourcesFiltering - skip non existing resourceDirectory C:\Java Training\Day 8\Exam-Project\src\test\resources
2025-01-08 11:46:26,991 [Worker-68: Building] INFO  o.a.m.s.f.DefaultMavenResourcesFiltering - skip non existing resourceDirectory C:\Java Training\Day 8\Exam-Project\src\main\resources
2025-01-08 11:46:26,993 [Worker-68: Building] INFO  o.a.m.s.f.DefaultMavenResourcesFiltering - skip non existing resourceDirectory C:\Java Training\Day 8\Exam-Project\src\test\resources
2025-01-08 11:51:09,627 [Worker-64: Building] INFO  o.a.m.s.f.DefaultMavenResourcesFiltering - skip non existing resourceDirectory C:\Java Training\Day 8\Exam-Project\src\main\resources
2025-01-08 11:51:09,629 [Worker-64: Building] INFO  o.a.m.s.f.DefaultMavenResourcesFiltering - skip non existing resourceDirectory C:\Java Training\Day 8\Exam-Project\src\test\resources
2025-01-08 11:52:37,166 [Worker-64: Building] INFO  o.a.m.s.f.DefaultMavenResourcesFiltering - skip non existing resourceDirectory C:\Java Training\Day 9\JDBCRealTime\src\main\resources
2025-01-08 11:52:37,169 [Worker-64: Building] INFO  o.a.m.s.f.DefaultMavenResourcesFiltering - skip non existing resourceDirectory C:\Java Training\Day 9\JDBCRealTime\src\test\resources
2025-01-08 12:32:39,190 [Worker-82: Building] INFO  o.a.m.s.f.DefaultMavenResourcesFiltering - skip non existing resourceDirectory C:\Java Training\Day 8\Exam-Project\src\main\resources
2025-01-08 12:32:39,196 [Worker-82: Building] INFO  o.a.m.s.f.DefaultMavenResourcesFiltering - skip non existing resourceDirectory C:\Java Training\Day 8\Exam-Project\src\test\resources
2025-01-08 12:32:50,510 [main] INFO  o.e.m.jdt.internal.UnitTestSupport - Updating AgentDaoImpTest from maven configuration
