2025-01-03 09:15:37,606 [Worker-8: Loading available Gradle versions] INFO  o.e.b.c.i.u.g.PublishedGradleVersions - Gradle version information cache is up-to-date. Trying to read.
2025-01-03 09:21:08,747 [Worker-27: Launching mavenrun-9a8e7803-9e1a-4478-921f-760951661c12] INFO  o.eclipse.m2e.core.internal.Bundles - getClasspathEntries(Bundle=org.eclipse.m2e.maven.runtime_3.9.900.20240824-1409 [642])
2025-01-03 09:21:08,749 [Worker-27: Launching mavenrun-9a8e7803-9e1a-4478-921f-760951661c12] INFO  o.eclipse.m2e.core.internal.Bundles - 	Entry: C:\Users\Subhash.Rao\.p2\pool\plugins\org.eclipse.m2e.maven.runtime_3.9.900.20240824-1409
2025-01-03 09:21:08,751 [Worker-27: Launching mavenrun-9a8e7803-9e1a-4478-921f-760951661c12] INFO  o.eclipse.m2e.core.internal.Bundles - 	Entry: C:\Users\Subhash.Rao\.p2\pool\plugins\org.eclipse.m2e.maven.runtime_3.9.900.20240824-1409\jars\aopalliance-1.0.jar
2025-01-03 09:21:08,751 [Worker-27: Launching mavenrun-9a8e7803-9e1a-4478-921f-760951661c12] INFO  o.eclipse.m2e.core.internal.Bundles - 	Entry: C:\Users\Subhash.Rao\.p2\pool\plugins\org.eclipse.m2e.maven.runtime_3.9.900.20240824-1409\jars\guice-5.1.0.jar
2025-01-03 09:21:08,751 [Worker-27: Launching mavenrun-9a8e7803-9e1a-4478-921f-760951661c12] INFO  o.eclipse.m2e.core.internal.Bundles - 	Entry: C:\Users\Subhash.Rao\.p2\pool\plugins\org.eclipse.m2e.maven.runtime_3.9.900.20240824-1409\jars\httpclient-4.5.14.jar
2025-01-03 09:21:08,752 [Worker-27: Launching mavenrun-9a8e7803-9e1a-4478-921f-760951661c12] INFO  o.eclipse.m2e.core.internal.Bundles - 	Entry: C:\Users\Subhash.Rao\.p2\pool\plugins\org.eclipse.m2e.maven.runtime_3.9.900.20240824-1409\jars\httpcore-4.4.16.jar
2025-01-03 09:21:08,752 [Worker-27: Launching mavenrun-9a8e7803-9e1a-4478-921f-760951661c12] INFO  o.eclipse.m2e.core.internal.Bundles - 	Entry: C:\Users\Subhash.Rao\.p2\pool\plugins\org.eclipse.m2e.maven.runtime_3.9.900.20240824-1409\jars\jansi-2.4.1.jar
2025-01-03 09:21:08,752 [Worker-27: Launching mavenrun-9a8e7803-9e1a-4478-921f-760951661c12] INFO  o.eclipse.m2e.core.internal.Bundles - 	Entry: C:\Users\Subhash.Rao\.p2\pool\plugins\org.eclipse.m2e.maven.runtime_3.9.900.20240824-1409\jars\jcl-over-slf4j-1.7.36.jar
2025-01-03 09:21:08,752 [Worker-27: Launching mavenrun-9a8e7803-9e1a-4478-921f-760951661c12] INFO  o.eclipse.m2e.core.internal.Bundles - 	Entry: C:\Users\Subhash.Rao\.p2\pool\plugins\org.eclipse.m2e.maven.runtime_3.9.900.20240824-1409\jars\maven-artifact-3.9.9.jar
2025-01-03 09:21:08,752 [Worker-27: Launching mavenrun-9a8e7803-9e1a-4478-921f-760951661c12] INFO  o.eclipse.m2e.core.internal.Bundles - 	Entry: C:\Users\Subhash.Rao\.p2\pool\plugins\org.eclipse.m2e.maven.runtime_3.9.900.20240824-1409\jars\maven-builder-support-3.9.9.jar
2025-01-03 09:21:08,753 [Worker-27: Launching mavenrun-9a8e7803-9e1a-4478-921f-760951661c12] INFO  o.eclipse.m2e.core.internal.Bundles - 	Entry: C:\Users\Subhash.Rao\.p2\pool\plugins\org.eclipse.m2e.maven.runtime_3.9.900.20240824-1409\jars\maven-compat-3.9.9.jar
2025-01-03 09:21:08,753 [Worker-27: Launching mavenrun-9a8e7803-9e1a-4478-921f-760951661c12] INFO  o.eclipse.m2e.core.internal.Bundles - 	Entry: C:\Users\Subhash.Rao\.p2\pool\plugins\org.eclipse.m2e.maven.runtime_3.9.900.20240824-1409\jars\maven-core-3.9.9.jar
2025-01-03 09:21:08,753 [Worker-27: Launching mavenrun-9a8e7803-9e1a-4478-921f-760951661c12] INFO  o.eclipse.m2e.core.internal.Bundles - 	Entry: C:\Users\Subhash.Rao\.p2\pool\plugins\org.eclipse.m2e.maven.runtime_3.9.900.20240824-1409\jars\maven-embedder-3.9.9.jar
2025-01-03 09:21:08,753 [Worker-27: Launching mavenrun-9a8e7803-9e1a-4478-921f-760951661c12] INFO  o.eclipse.m2e.core.internal.Bundles - 	Entry: C:\Users\Subhash.Rao\.p2\pool\plugins\org.eclipse.m2e.maven.runtime_3.9.900.20240824-1409\jars\maven-model-3.9.9.jar
2025-01-03 09:21:08,753 [Worker-27: Launching mavenrun-9a8e7803-9e1a-4478-921f-760951661c12] INFO  o.eclipse.m2e.core.internal.Bundles - 	Entry: C:\Users\Subhash.Rao\.p2\pool\plugins\org.eclipse.m2e.maven.runtime_3.9.900.20240824-1409\jars\maven-model-builder-3.9.9.jar
2025-01-03 09:21:08,753 [Worker-27: Launching mavenrun-9a8e7803-9e1a-4478-921f-760951661c12] INFO  o.eclipse.m2e.core.internal.Bundles - 	Entry: C:\Users\Subhash.Rao\.p2\pool\plugins\org.eclipse.m2e.maven.runtime_3.9.900.20240824-1409\jars\maven-plugin-api-3.9.9.jar
2025-01-03 09:21:08,754 [Worker-27: Launching mavenrun-9a8e7803-9e1a-4478-921f-760951661c12] INFO  o.eclipse.m2e.core.internal.Bundles - 	Entry: C:\Users\Subhash.Rao\.p2\pool\plugins\org.eclipse.m2e.maven.runtime_3.9.900.20240824-1409\jars\maven-repository-metadata-3.9.9.jar
2025-01-03 09:21:08,754 [Worker-27: Launching mavenrun-9a8e7803-9e1a-4478-921f-760951661c12] INFO  o.eclipse.m2e.core.internal.Bundles - 	Entry: C:\Users\Subhash.Rao\.p2\pool\plugins\org.eclipse.m2e.maven.runtime_3.9.900.20240824-1409\jars\maven-resolver-api-1.9.22.jar
2025-01-03 09:21:08,754 [Worker-27: Launching mavenrun-9a8e7803-9e1a-4478-921f-760951661c12] INFO  o.eclipse.m2e.core.internal.Bundles - 	Entry: C:\Users\Subhash.Rao\.p2\pool\plugins\org.eclipse.m2e.maven.runtime_3.9.900.20240824-1409\jars\maven-resolver-connector-basic-1.9.22.jar
2025-01-03 09:21:08,755 [Worker-27: Launching mavenrun-9a8e7803-9e1a-4478-921f-760951661c12] INFO  o.eclipse.m2e.core.internal.Bundles - 	Entry: C:\Users\Subhash.Rao\.p2\pool\plugins\org.eclipse.m2e.maven.runtime_3.9.900.20240824-1409\jars\maven-resolver-impl-1.9.22.jar
2025-01-03 09:21:08,755 [Worker-27: Launching mavenrun-9a8e7803-9e1a-4478-921f-760951661c12] INFO  o.eclipse.m2e.core.internal.Bundles - 	Entry: C:\Users\Subhash.Rao\.p2\pool\plugins\org.eclipse.m2e.maven.runtime_3.9.900.20240824-1409\jars\maven-resolver-named-locks-1.9.22.jar
2025-01-03 09:21:08,755 [Worker-27: Launching mavenrun-9a8e7803-9e1a-4478-921f-760951661c12] INFO  o.eclipse.m2e.core.internal.Bundles - 	Entry: C:\Users\Subhash.Rao\.p2\pool\plugins\org.eclipse.m2e.maven.runtime_3.9.900.20240824-1409\jars\maven-resolver-provider-3.9.9.jar
2025-01-03 09:21:08,755 [Worker-27: Launching mavenrun-9a8e7803-9e1a-4478-921f-760951661c12] INFO  o.eclipse.m2e.core.internal.Bundles - 	Entry: C:\Users\Subhash.Rao\.p2\pool\plugins\org.eclipse.m2e.maven.runtime_3.9.900.20240824-1409\jars\maven-resolver-spi-1.9.22.jar
2025-01-03 09:21:08,756 [Worker-27: Launching mavenrun-9a8e7803-9e1a-4478-921f-760951661c12] INFO  o.eclipse.m2e.core.internal.Bundles - 	Entry: C:\Users\Subhash.Rao\.p2\pool\plugins\org.eclipse.m2e.maven.runtime_3.9.900.20240824-1409\jars\maven-resolver-transport-file-1.9.22.jar
2025-01-03 09:21:08,756 [Worker-27: Launching mavenrun-9a8e7803-9e1a-4478-921f-760951661c12] INFO  o.eclipse.m2e.core.internal.Bundles - 	Entry: C:\Users\Subhash.Rao\.p2\pool\plugins\org.eclipse.m2e.maven.runtime_3.9.900.20240824-1409\jars\maven-resolver-transport-http-1.9.22.jar
2025-01-03 09:21:08,756 [Worker-27: Launching mavenrun-9a8e7803-9e1a-4478-921f-760951661c12] INFO  o.eclipse.m2e.core.internal.Bundles - 	Entry: C:\Users\Subhash.Rao\.p2\pool\plugins\org.eclipse.m2e.maven.runtime_3.9.900.20240824-1409\jars\maven-resolver-transport-wagon-1.9.22.jar
2025-01-03 09:21:08,756 [Worker-27: Launching mavenrun-9a8e7803-9e1a-4478-921f-760951661c12] INFO  o.eclipse.m2e.core.internal.Bundles - 	Entry: C:\Users\Subhash.Rao\.p2\pool\plugins\org.eclipse.m2e.maven.runtime_3.9.900.20240824-1409\jars\maven-resolver-util-1.9.22.jar
2025-01-03 09:21:08,756 [Worker-27: Launching mavenrun-9a8e7803-9e1a-4478-921f-760951661c12] INFO  o.eclipse.m2e.core.internal.Bundles - 	Entry: C:\Users\Subhash.Rao\.p2\pool\plugins\org.eclipse.m2e.maven.runtime_3.9.900.20240824-1409\jars\maven-settings-3.9.9.jar
2025-01-03 09:21:08,757 [Worker-27: Launching mavenrun-9a8e7803-9e1a-4478-921f-760951661c12] INFO  o.eclipse.m2e.core.internal.Bundles - 	Entry: C:\Users\Subhash.Rao\.p2\pool\plugins\org.eclipse.m2e.maven.runtime_3.9.900.20240824-1409\jars\maven-settings-builder-3.9.9.jar
2025-01-03 09:21:08,757 [Worker-27: Launching mavenrun-9a8e7803-9e1a-4478-921f-760951661c12] INFO  o.eclipse.m2e.core.internal.Bundles - 	Entry: C:\Users\Subhash.Rao\.p2\pool\plugins\org.eclipse.m2e.maven.runtime_3.9.900.20240824-1409\jars\maven-shared-utils-3.4.2.jar
2025-01-03 09:21:08,757 [Worker-27: Launching mavenrun-9a8e7803-9e1a-4478-921f-760951661c12] INFO  o.eclipse.m2e.core.internal.Bundles - 	Entry: C:\Users\Subhash.Rao\.p2\pool\plugins\org.eclipse.m2e.maven.runtime_3.9.900.20240824-1409\jars\org.eclipse.sisu.inject-0.9.0.M3.jar
2025-01-03 09:21:08,757 [Worker-27: Launching mavenrun-9a8e7803-9e1a-4478-921f-760951661c12] INFO  o.eclipse.m2e.core.internal.Bundles - 	Entry: C:\Users\Subhash.Rao\.p2\pool\plugins\org.eclipse.m2e.maven.runtime_3.9.900.20240824-1409\jars\org.eclipse.sisu.plexus-0.9.0.M3.jar
2025-01-03 09:21:08,757 [Worker-27: Launching mavenrun-9a8e7803-9e1a-4478-921f-760951661c12] INFO  o.eclipse.m2e.core.internal.Bundles - 	Entry: C:\Users\Subhash.Rao\.p2\pool\plugins\org.eclipse.m2e.maven.runtime_3.9.900.20240824-1409\jars\plexus-build-api-0.0.7.jar
2025-01-03 09:21:08,758 [Worker-27: Launching mavenrun-9a8e7803-9e1a-4478-921f-760951661c12] INFO  o.eclipse.m2e.core.internal.Bundles - 	Entry: C:\Users\Subhash.Rao\.p2\pool\plugins\org.eclipse.m2e.maven.runtime_3.9.900.20240824-1409\jars\plexus-build-api-1.2.0.jar
2025-01-03 09:21:08,758 [Worker-27: Launching mavenrun-9a8e7803-9e1a-4478-921f-760951661c12] INFO  o.eclipse.m2e.core.internal.Bundles - 	Entry: C:\Users\Subhash.Rao\.p2\pool\plugins\org.eclipse.m2e.maven.runtime_3.9.900.20240824-1409\jars\plexus-cipher-2.0.jar
2025-01-03 09:21:08,758 [Worker-27: Launching mavenrun-9a8e7803-9e1a-4478-921f-760951661c12] INFO  o.eclipse.m2e.core.internal.Bundles - 	Entry: C:\Users\Subhash.Rao\.p2\pool\plugins\org.eclipse.m2e.maven.runtime_3.9.900.20240824-1409\jars\plexus-classworlds-2.8.0.jar
2025-01-03 09:21:08,758 [Worker-27: Launching mavenrun-9a8e7803-9e1a-4478-921f-760951661c12] INFO  o.eclipse.m2e.core.internal.Bundles - 	Entry: C:\Users\Subhash.Rao\.p2\pool\plugins\org.eclipse.m2e.maven.runtime_3.9.900.20240824-1409\jars\plexus-component-annotations-2.1.0.jar
2025-01-03 09:21:08,758 [Worker-27: Launching mavenrun-9a8e7803-9e1a-4478-921f-760951661c12] INFO  o.eclipse.m2e.core.internal.Bundles - 	Entry: C:\Users\Subhash.Rao\.p2\pool\plugins\org.eclipse.m2e.maven.runtime_3.9.900.20240824-1409\jars\plexus-interpolation-1.27.jar
2025-01-03 09:21:08,760 [Worker-27: Launching mavenrun-9a8e7803-9e1a-4478-921f-760951661c12] INFO  o.eclipse.m2e.core.internal.Bundles - 	Entry: C:\Users\Subhash.Rao\.p2\pool\plugins\org.eclipse.m2e.maven.runtime_3.9.900.20240824-1409\jars\plexus-sec-dispatcher-2.0.jar
2025-01-03 09:21:08,760 [Worker-27: Launching mavenrun-9a8e7803-9e1a-4478-921f-760951661c12] INFO  o.eclipse.m2e.core.internal.Bundles - 	Entry: C:\Users\Subhash.Rao\.p2\pool\plugins\org.eclipse.m2e.maven.runtime_3.9.900.20240824-1409\jars\plexus-utils-3.5.1.jar
2025-01-03 09:21:08,760 [Worker-27: Launching mavenrun-9a8e7803-9e1a-4478-921f-760951661c12] INFO  o.eclipse.m2e.core.internal.Bundles - 	Entry: C:\Users\Subhash.Rao\.p2\pool\plugins\org.eclipse.m2e.maven.runtime_3.9.900.20240824-1409\jars\plexus-xml-3.0.1.jar
2025-01-03 09:21:08,761 [Worker-27: Launching mavenrun-9a8e7803-9e1a-4478-921f-760951661c12] INFO  o.eclipse.m2e.core.internal.Bundles - 	Entry: C:\Users\Subhash.Rao\.p2\pool\plugins\org.eclipse.m2e.maven.runtime_3.9.900.20240824-1409\jars\wagon-file-3.5.3.jar
2025-01-03 09:21:08,761 [Worker-27: Launching mavenrun-9a8e7803-9e1a-4478-921f-760951661c12] INFO  o.eclipse.m2e.core.internal.Bundles - 	Entry: C:\Users\Subhash.Rao\.p2\pool\plugins\org.eclipse.m2e.maven.runtime_3.9.900.20240824-1409\jars\wagon-http-3.5.3.jar
2025-01-03 09:21:08,761 [Worker-27: Launching mavenrun-9a8e7803-9e1a-4478-921f-760951661c12] INFO  o.eclipse.m2e.core.internal.Bundles - 	Entry: C:\Users\Subhash.Rao\.p2\pool\plugins\org.eclipse.m2e.maven.runtime_3.9.900.20240824-1409\jars\wagon-http-shared-3.5.3.jar
2025-01-03 09:21:08,761 [Worker-27: Launching mavenrun-9a8e7803-9e1a-4478-921f-760951661c12] INFO  o.eclipse.m2e.core.internal.Bundles - 	Entry: C:\Users\Subhash.Rao\.p2\pool\plugins\org.eclipse.m2e.maven.runtime_3.9.900.20240824-1409\jars\wagon-provider-api-3.5.3.jar
2025-01-03 09:21:08,763 [Worker-27: Launching mavenrun-9a8e7803-9e1a-4478-921f-760951661c12] INFO  o.eclipse.m2e.core.internal.Bundles - getClasspathEntries(Bundle=com.google.guava_33.3.0.jre [16])
2025-01-03 09:21:08,764 [Worker-27: Launching mavenrun-9a8e7803-9e1a-4478-921f-760951661c12] INFO  o.eclipse.m2e.core.internal.Bundles - 	Entry: C:\Users\Subhash.Rao\.p2\pool\plugins\com.google.guava_33.3.0.jre.jar
2025-01-03 09:21:08,764 [Worker-27: Launching mavenrun-9a8e7803-9e1a-4478-921f-760951661c12] INFO  o.eclipse.m2e.core.internal.Bundles - getClasspathEntries(Bundle=slf4j.api_2.0.16 [1007])
2025-01-03 09:21:08,765 [Worker-27: Launching mavenrun-9a8e7803-9e1a-4478-921f-760951661c12] INFO  o.eclipse.m2e.core.internal.Bundles - 	Entry: C:\Users\Subhash.Rao\.p2\pool\plugins\slf4j.api_2.0.16.jar
2025-01-03 09:21:08,765 [Worker-27: Launching mavenrun-9a8e7803-9e1a-4478-921f-760951661c12] INFO  o.eclipse.m2e.core.internal.Bundles - getClasspathEntries(Bundle=jakarta.inject.jakarta.inject-api_1.0.5 [34])
2025-01-03 09:21:08,765 [Worker-27: Launching mavenrun-9a8e7803-9e1a-4478-921f-760951661c12] INFO  o.eclipse.m2e.core.internal.Bundles - 	Entry: C:\Users\Subhash.Rao\.p2\pool\plugins\jakarta.inject.jakarta.inject-api_1.0.5.jar
2025-01-03 09:21:08,765 [Worker-27: Launching mavenrun-9a8e7803-9e1a-4478-921f-760951661c12] INFO  o.eclipse.m2e.core.internal.Bundles - getClasspathEntries(Bundle=jakarta.annotation-api_1.3.5 [29])
2025-01-03 09:21:08,766 [Worker-27: Launching mavenrun-9a8e7803-9e1a-4478-921f-760951661c12] INFO  o.eclipse.m2e.core.internal.Bundles - 	Entry: C:\Users\Subhash.Rao\.p2\pool\plugins\jakarta.annotation-api_1.3.5.jar
2025-01-03 09:21:08,766 [Worker-27: Launching mavenrun-9a8e7803-9e1a-4478-921f-760951661c12] INFO  o.eclipse.m2e.core.internal.Bundles - getClasspathEntries(Bundle=org.apache.commons.cli_1.9.0 [78])
2025-01-03 09:21:08,766 [Worker-27: Launching mavenrun-9a8e7803-9e1a-4478-921f-760951661c12] INFO  o.eclipse.m2e.core.internal.Bundles - 	Entry: C:\Users\Subhash.Rao\.p2\pool\plugins\org.apache.commons.cli_1.9.0.jar
2025-01-03 09:21:08,766 [Worker-27: Launching mavenrun-9a8e7803-9e1a-4478-921f-760951661c12] INFO  o.eclipse.m2e.core.internal.Bundles - getClasspathEntries(Bundle=org.apache.commons.commons-codec_1.16.0 [81])
2025-01-03 09:21:08,767 [Worker-27: Launching mavenrun-9a8e7803-9e1a-4478-921f-760951661c12] INFO  o.eclipse.m2e.core.internal.Bundles - 	Entry: C:\Users\Subhash.Rao\.p2\pool\plugins\org.apache.commons.commons-codec_1.16.0.jar
2025-01-03 09:21:08,767 [Worker-27: Launching mavenrun-9a8e7803-9e1a-4478-921f-760951661c12] INFO  o.eclipse.m2e.core.internal.Bundles - getClasspathEntries(Bundle=com.google.guava.failureaccess_1.0.2 [17])
2025-01-03 09:21:08,767 [Worker-27: Launching mavenrun-9a8e7803-9e1a-4478-921f-760951661c12] INFO  o.eclipse.m2e.core.internal.Bundles - 	Entry: C:\Users\Subhash.Rao\.p2\pool\plugins\com.google.guava.failureaccess_1.0.2.jar
2025-01-03 09:21:09,034 [Worker-27: Launching mavenrun-9a8e7803-9e1a-4478-921f-760951661c12] INFO  o.e.m.i.launch.MavenLaunchDelegate - Run build in "C:\Users\Subhash.Rao\AppData\Local\Temp\m2e-archetypeGenerator9066962774608100186":
2025-01-03 09:21:09,036 [Worker-27: Launching mavenrun-9a8e7803-9e1a-4478-921f-760951661c12] INFO  o.e.m.i.launch.MavenLaunchDelegate -  mvn  -DarchetypeGroupId=de.bripkens -DarchetypeArtifactId=java-quickstart -DarchetypeVersion=0.2.0 -DgroupId=brillio -DartifactId=JDBCRealTime -Dversion=0.0.1-SNAPSHOT -Dpackage=brillio.JDBCRealTime -DoutputDirectory="C:\Java Training\Day 9" -Dstyle.color=always -U archetype:generate
2025-01-03 09:21:25,894 [Worker-5: Creating java-quickstart] INFO  o.e.m.c.i.p.ProjectConfigurationManager - Collecting project info '/pom.xml' C:\Java Training\Day 9\JDBCRealTime\pom.xml
2025-01-03 09:21:35,338 [Worker-5: Creating java-quickstart] INFO  o.e.m.c.i.l.LifecycleMappingFactory - Using org.eclipse.m2e.jdt.JarLifecycleMapping lifecycle mapping for MavenProject: brillio:JDBCRealTime:0.0.1-SNAPSHOT @ C:\Java Training\Day 9\JDBCRealTime\pom.xml.
2025-01-03 09:21:38,083 [Worker-5: Creating java-quickstart] INFO  o.e.m.j.i.AbstractJavaProjectConfigurator - Adding source folder /JDBCRealTime/src/main/java
2025-01-03 09:21:38,086 [Worker-5: Creating java-quickstart] INFO  o.e.m.j.i.AbstractJavaProjectConfigurator - Adding resource folder /JDBCRealTime/src/main/resources
2025-01-03 09:21:38,104 [Worker-5: Creating java-quickstart] INFO  o.e.m.j.i.AbstractJavaProjectConfigurator - Adding source folder /JDBCRealTime/src/test/java
2025-01-03 09:21:38,106 [Worker-5: Creating java-quickstart] INFO  o.e.m.j.i.AbstractJavaProjectConfigurator - Adding resource folder /JDBCRealTime/src/test/resources
2025-01-03 09:21:38,968 [Worker-5: Creating java-quickstart] INFO  o.e.m.c.i.p.ProjectConfigurationManager - Imported and configured 1 project(s) in 13 sec
2025-01-03 09:21:40,913 [Worker-29: Building] INFO  o.a.m.s.f.DefaultMavenResourcesFiltering - skip non existing resourceDirectory C:\Java Training\Day 9\JDBCRealTime\src\main\resources
2025-01-03 09:21:40,921 [Worker-29: Building] INFO  o.a.m.s.f.DefaultMavenResourcesFiltering - skip non existing resourceDirectory C:\Java Training\Day 9\JDBCRealTime\src\test\resources
2025-01-03 09:21:59,078 [Worker-5: Building] INFO  o.a.m.s.f.DefaultMavenResourcesFiltering - skip non existing resourceDirectory C:\Java Training\Day 9\JDBCRealTime\src\main\resources
2025-01-03 09:21:59,087 [Worker-5: Building] INFO  o.a.m.s.f.DefaultMavenResourcesFiltering - skip non existing resourceDirectory C:\Java Training\Day 9\JDBCRealTime\src\test\resources
2025-01-03 09:22:37,676 [Worker-28: Building] INFO  o.a.m.s.f.DefaultMavenResourcesFiltering - skip non existing resourceDirectory C:\Java Training\Day 9\JDBCRealTime\src\main\resources
2025-01-03 09:22:37,682 [Worker-28: Building] INFO  o.a.m.s.f.DefaultMavenResourcesFiltering - skip non existing resourceDirectory C:\Java Training\Day 9\JDBCRealTime\src\test\resources
2025-01-03 09:22:54,106 [Worker-27: Building] INFO  o.a.m.s.f.DefaultMavenResourcesFiltering - skip non existing resourceDirectory C:\Java Training\Day 9\JDBCRealTime\src\main\resources
2025-01-03 09:22:54,111 [Worker-27: Building] INFO  o.a.m.s.f.DefaultMavenResourcesFiltering - skip non existing resourceDirectory C:\Java Training\Day 9\JDBCRealTime\src\test\resources
2025-01-03 09:24:30,277 [Worker-5: Building] INFO  o.a.m.s.f.DefaultMavenResourcesFiltering - skip non existing resourceDirectory C:\Java Training\Day 9\JDBCRealTime\src\main\resources
2025-01-03 09:24:30,282 [Worker-5: Building] INFO  o.a.m.s.f.DefaultMavenResourcesFiltering - skip non existing resourceDirectory C:\Java Training\Day 9\JDBCRealTime\src\test\resources
2025-01-03 09:25:13,039 [Worker-31: Building] INFO  o.a.m.s.f.DefaultMavenResourcesFiltering - skip non existing resourceDirectory C:\Java Training\Day 9\JDBCRealTime\src\main\resources
2025-01-03 09:25:13,042 [Worker-31: Building] INFO  o.a.m.s.f.DefaultMavenResourcesFiltering - skip non existing resourceDirectory C:\Java Training\Day 9\JDBCRealTime\src\test\resources
2025-01-03 09:27:06,131 [Worker-28: Building] INFO  o.a.m.s.f.DefaultMavenResourcesFiltering - skip non existing resourceDirectory C:\Java Training\Day 9\JDBCRealTime\src\main\resources
2025-01-03 09:27:06,135 [Worker-28: Building] INFO  o.a.m.s.f.DefaultMavenResourcesFiltering - skip non existing resourceDirectory C:\Java Training\Day 9\JDBCRealTime\src\test\resources
2025-01-03 09:28:59,946 [Worker-31: Building] INFO  o.a.m.s.f.DefaultMavenResourcesFiltering - skip non existing resourceDirectory C:\Java Training\Day 9\JDBCRealTime\src\main\resources
2025-01-03 09:28:59,951 [Worker-31: Building] INFO  o.a.m.s.f.DefaultMavenResourcesFiltering - skip non existing resourceDirectory C:\Java Training\Day 9\JDBCRealTime\src\test\resources
2025-01-03 09:33:24,836 [Worker-31: Building] INFO  o.a.m.s.f.DefaultMavenResourcesFiltering - skip non existing resourceDirectory C:\Java Training\Day 9\JDBCRealTime\src\main\resources
2025-01-03 09:33:24,839 [Worker-31: Building] INFO  o.a.m.s.f.DefaultMavenResourcesFiltering - skip non existing resourceDirectory C:\Java Training\Day 9\JDBCRealTime\src\test\resources
2025-01-03 09:34:52,884 [Worker-28: Building] INFO  o.a.m.s.f.DefaultMavenResourcesFiltering - skip non existing resourceDirectory C:\Java Training\Day 9\JDBCRealTime\src\main\resources
2025-01-03 09:34:52,888 [Worker-28: Building] INFO  o.a.m.s.f.DefaultMavenResourcesFiltering - skip non existing resourceDirectory C:\Java Training\Day 9\JDBCRealTime\src\test\resources
2025-01-03 09:35:25,120 [Worker-35: Building] INFO  o.a.m.s.f.DefaultMavenResourcesFiltering - skip non existing resourceDirectory C:\Java Training\Day 9\JDBCRealTime\src\main\resources
2025-01-03 09:35:25,124 [Worker-35: Building] INFO  o.a.m.s.f.DefaultMavenResourcesFiltering - skip non existing resourceDirectory C:\Java Training\Day 9\JDBCRealTime\src\test\resources
2025-01-03 09:35:38,611 [Worker-34: Building] INFO  o.a.m.s.f.DefaultMavenResourcesFiltering - skip non existing resourceDirectory C:\Java Training\Day 9\JDBCRealTime\src\main\resources
2025-01-03 09:35:38,614 [Worker-34: Building] INFO  o.a.m.s.f.DefaultMavenResourcesFiltering - skip non existing resourceDirectory C:\Java Training\Day 9\JDBCRealTime\src\test\resources
2025-01-03 09:35:51,224 [Worker-35: Building] INFO  o.a.m.s.f.DefaultMavenResourcesFiltering - skip non existing resourceDirectory C:\Java Training\Day 9\JDBCRealTime\src\main\resources
2025-01-03 09:35:51,226 [Worker-35: Building] INFO  o.a.m.s.f.DefaultMavenResourcesFiltering - skip non existing resourceDirectory C:\Java Training\Day 9\JDBCRealTime\src\test\resources
2025-01-03 09:36:02,184 [Worker-32: Building] INFO  o.a.m.s.f.DefaultMavenResourcesFiltering - skip non existing resourceDirectory C:\Java Training\Day 9\JDBCRealTime\src\main\resources
2025-01-03 09:36:02,189 [Worker-32: Building] INFO  o.a.m.s.f.DefaultMavenResourcesFiltering - skip non existing resourceDirectory C:\Java Training\Day 9\JDBCRealTime\src\test\resources
2025-01-03 09:36:06,862 [Worker-37: Building] INFO  o.a.m.s.f.DefaultMavenResourcesFiltering - skip non existing resourceDirectory C:\Java Training\Day 9\JDBCRealTime\src\main\resources
2025-01-03 09:36:06,867 [Worker-37: Building] INFO  o.a.m.s.f.DefaultMavenResourcesFiltering - skip non existing resourceDirectory C:\Java Training\Day 9\JDBCRealTime\src\test\resources
2025-01-03 09:37:54,297 [Worker-32: Building] INFO  o.a.m.s.f.DefaultMavenResourcesFiltering - skip non existing resourceDirectory C:\Java Training\Day 9\JDBCRealTime\src\main\resources
2025-01-03 09:37:54,300 [Worker-32: Building] INFO  o.a.m.s.f.DefaultMavenResourcesFiltering - skip non existing resourceDirectory C:\Java Training\Day 9\JDBCRealTime\src\test\resources
2025-01-03 09:41:28,829 [Worker-28: Building] INFO  o.a.m.s.f.DefaultMavenResourcesFiltering - skip non existing resourceDirectory C:\Java Training\Day 9\JDBCRealTime\src\main\resources
2025-01-03 09:41:28,833 [Worker-28: Building] INFO  o.a.m.s.f.DefaultMavenResourcesFiltering - skip non existing resourceDirectory C:\Java Training\Day 9\JDBCRealTime\src\test\resources
2025-01-03 09:43:20,850 [Worker-40: Building] INFO  o.a.m.s.f.DefaultMavenResourcesFiltering - skip non existing resourceDirectory C:\Java Training\Day 9\JDBCRealTime\src\main\resources
2025-01-03 09:43:20,854 [Worker-40: Building] INFO  o.a.m.s.f.DefaultMavenResourcesFiltering - skip non existing resourceDirectory C:\Java Training\Day 9\JDBCRealTime\src\test\resources
2025-01-03 09:53:37,348 [Worker-39: Building] INFO  o.a.m.s.f.DefaultMavenResourcesFiltering - skip non existing resourceDirectory C:\Java Training\Day 9\JDBCRealTime\src\main\resources
2025-01-03 09:53:37,352 [Worker-39: Building] INFO  o.a.m.s.f.DefaultMavenResourcesFiltering - skip non existing resourceDirectory C:\Java Training\Day 9\JDBCRealTime\src\test\resources
2025-01-03 09:53:45,527 [Worker-39: Building] INFO  o.a.m.s.f.DefaultMavenResourcesFiltering - skip non existing resourceDirectory C:\Java Training\Day 9\JDBCRealTime\src\main\resources
2025-01-03 09:53:45,529 [Worker-39: Building] INFO  o.a.m.s.f.DefaultMavenResourcesFiltering - skip non existing resourceDirectory C:\Java Training\Day 9\JDBCRealTime\src\test\resources
2025-01-03 09:57:03,402 [Worker-44: Building] INFO  o.a.m.s.f.DefaultMavenResourcesFiltering - skip non existing resourceDirectory C:\Java Training\Day 9\JDBCRealTime\src\main\resources
2025-01-03 09:57:03,405 [Worker-44: Building] INFO  o.a.m.s.f.DefaultMavenResourcesFiltering - skip non existing resourceDirectory C:\Java Training\Day 9\JDBCRealTime\src\test\resources
2025-01-03 09:57:23,659 [Worker-41: Building] INFO  o.a.m.s.f.DefaultMavenResourcesFiltering - skip non existing resourceDirectory C:\Java Training\Day 9\JDBCRealTime\src\main\resources
2025-01-03 09:57:23,662 [Worker-41: Building] INFO  o.a.m.s.f.DefaultMavenResourcesFiltering - skip non existing resourceDirectory C:\Java Training\Day 9\JDBCRealTime\src\test\resources
2025-01-03 09:58:50,191 [Worker-41: Building] INFO  o.a.m.s.f.DefaultMavenResourcesFiltering - skip non existing resourceDirectory C:\Java Training\Day 9\JDBCRealTime\src\main\resources
2025-01-03 09:58:50,193 [Worker-41: Building] INFO  o.a.m.s.f.DefaultMavenResourcesFiltering - skip non existing resourceDirectory C:\Java Training\Day 9\JDBCRealTime\src\test\resources
2025-01-03 10:01:48,428 [Worker-45: Building] INFO  o.e.m.c.i.l.LifecycleMappingFactory - Using org.eclipse.m2e.jdt.JarLifecycleMapping lifecycle mapping for MavenProject: brillio:JDBCRealTime:0.0.1-SNAPSHOT @ C:\Java Training\Day 9\JDBCRealTime\pom.xml.
2025-01-03 10:01:48,547 [Worker-45: Building] WARN  o.e.m.c.i.embedder.EclipseLogger - The artifact mysql:mysql-connector-java:jar:8.0.33 has been relocated to com.mysql:mysql-connector-j:jar:8.0.33: MySQL Connector/J artifacts moved to reverse-DNS compliant Maven 2+ coordinates.
2025-01-03 10:01:49,874 [Worker-45: Building] INFO  o.a.m.s.f.DefaultMavenResourcesFiltering - skip non existing resourceDirectory C:\Java Training\Day 9\JDBCRealTime\src\main\resources
2025-01-03 10:01:49,878 [Worker-45: Building] INFO  o.a.m.s.f.DefaultMavenResourcesFiltering - skip non existing resourceDirectory C:\Java Training\Day 9\JDBCRealTime\src\test\resources
2025-01-03 10:01:52,171 [Worker-40: Launching EmployShowMain] INFO  o.a.m.s.f.DefaultMavenResourcesFiltering - skip non existing resourceDirectory C:\Java Training\Day 9\JDBCRealTime\src\main\resources
2025-01-03 10:01:52,174 [Worker-40: Launching EmployShowMain] INFO  o.a.m.s.f.DefaultMavenResourcesFiltering - skip non existing resourceDirectory C:\Java Training\Day 9\JDBCRealTime\src\test\resources
2025-01-03 10:02:18,868 [Worker-45: Building] INFO  o.a.m.s.f.DefaultMavenResourcesFiltering - skip non existing resourceDirectory C:\Java Training\Day 9\JDBCRealTime\src\main\resources
2025-01-03 10:02:18,870 [Worker-45: Building] INFO  o.a.m.s.f.DefaultMavenResourcesFiltering - skip non existing resourceDirectory C:\Java Training\Day 9\JDBCRealTime\src\test\resources
2025-01-03 10:02:27,031 [Worker-47: Building] INFO  o.a.m.s.f.DefaultMavenResourcesFiltering - skip non existing resourceDirectory C:\Java Training\Day 9\JDBCRealTime\src\main\resources
2025-01-03 10:02:27,033 [Worker-47: Building] INFO  o.a.m.s.f.DefaultMavenResourcesFiltering - skip non existing resourceDirectory C:\Java Training\Day 9\JDBCRealTime\src\test\resources
2025-01-03 10:04:47,754 [Worker-47: Building] INFO  o.a.m.s.f.DefaultMavenResourcesFiltering - skip non existing resourceDirectory C:\Java Training\Day 9\JDBCRealTime\src\main\resources
2025-01-03 10:04:47,757 [Worker-47: Building] INFO  o.a.m.s.f.DefaultMavenResourcesFiltering - skip non existing resourceDirectory C:\Java Training\Day 9\JDBCRealTime\src\test\resources
2025-01-03 10:05:09,941 [Worker-47: Building] INFO  o.a.m.s.f.DefaultMavenResourcesFiltering - skip non existing resourceDirectory C:\Java Training\Day 9\JDBCRealTime\src\main\resources
2025-01-03 10:05:09,944 [Worker-47: Building] INFO  o.a.m.s.f.DefaultMavenResourcesFiltering - skip non existing resourceDirectory C:\Java Training\Day 9\JDBCRealTime\src\test\resources
2025-01-03 10:12:28,225 [Worker-50: Building] INFO  o.a.m.s.f.DefaultMavenResourcesFiltering - skip non existing resourceDirectory C:\Java Training\Day 9\JDBCRealTime\src\main\resources
2025-01-03 10:12:28,228 [Worker-50: Building] INFO  o.a.m.s.f.DefaultMavenResourcesFiltering - skip non existing resourceDirectory C:\Java Training\Day 9\JDBCRealTime\src\test\resources
2025-01-03 10:17:34,702 [Worker-53: Building] INFO  o.a.m.s.f.DefaultMavenResourcesFiltering - skip non existing resourceDirectory C:\Java Training\Day 9\JDBCRealTime\src\main\resources
2025-01-03 10:17:34,704 [Worker-53: Building] INFO  o.a.m.s.f.DefaultMavenResourcesFiltering - skip non existing resourceDirectory C:\Java Training\Day 9\JDBCRealTime\src\test\resources
2025-01-03 10:18:02,979 [Worker-50: Building] INFO  o.a.m.s.f.DefaultMavenResourcesFiltering - skip non existing resourceDirectory C:\Java Training\Day 9\JDBCRealTime\src\main\resources
2025-01-03 10:18:02,980 [Worker-50: Building] INFO  o.a.m.s.f.DefaultMavenResourcesFiltering - skip non existing resourceDirectory C:\Java Training\Day 9\JDBCRealTime\src\test\resources
2025-01-03 10:27:41,898 [Worker-57: Building] INFO  o.a.m.s.f.DefaultMavenResourcesFiltering - skip non existing resourceDirectory C:\Java Training\Day 9\JDBCRealTime\src\main\resources
2025-01-03 10:27:41,900 [Worker-57: Building] INFO  o.a.m.s.f.DefaultMavenResourcesFiltering - skip non existing resourceDirectory C:\Java Training\Day 9\JDBCRealTime\src\test\resources
2025-01-03 10:31:51,751 [Worker-53: Building] INFO  o.a.m.s.f.DefaultMavenResourcesFiltering - skip non existing resourceDirectory C:\Java Training\Day 9\JDBCRealTime\src\main\resources
2025-01-03 10:31:51,753 [Worker-53: Building] INFO  o.a.m.s.f.DefaultMavenResourcesFiltering - skip non existing resourceDirectory C:\Java Training\Day 9\JDBCRealTime\src\test\resources
2025-01-03 10:39:34,670 [Worker-57: Building] INFO  o.a.m.s.f.DefaultMavenResourcesFiltering - skip non existing resourceDirectory C:\Java Training\Day 9\JDBCRealTime\src\main\resources
2025-01-03 10:39:34,672 [Worker-57: Building] INFO  o.a.m.s.f.DefaultMavenResourcesFiltering - skip non existing resourceDirectory C:\Java Training\Day 9\JDBCRealTime\src\test\resources
2025-01-03 10:39:56,157 [Worker-53: Building] INFO  o.a.m.s.f.DefaultMavenResourcesFiltering - skip non existing resourceDirectory C:\Java Training\Day 9\JDBCRealTime\src\main\resources
2025-01-03 10:39:56,160 [Worker-53: Building] INFO  o.a.m.s.f.DefaultMavenResourcesFiltering - skip non existing resourceDirectory C:\Java Training\Day 9\JDBCRealTime\src\test\resources
2025-01-03 10:40:06,760 [Worker-61: Building] INFO  o.a.m.s.f.DefaultMavenResourcesFiltering - skip non existing resourceDirectory C:\Java Training\Day 9\JDBCRealTime\src\main\resources
2025-01-03 10:40:06,770 [Worker-61: Building] INFO  o.a.m.s.f.DefaultMavenResourcesFiltering - skip non existing resourceDirectory C:\Java Training\Day 9\JDBCRealTime\src\test\resources
2025-01-03 10:43:30,395 [Worker-59: Building] INFO  o.a.m.s.f.DefaultMavenResourcesFiltering - skip non existing resourceDirectory C:\Java Training\Day 9\JDBCRealTime\src\main\resources
2025-01-03 10:43:30,399 [Worker-59: Building] INFO  o.a.m.s.f.DefaultMavenResourcesFiltering - skip non existing resourceDirectory C:\Java Training\Day 9\JDBCRealTime\src\test\resources
2025-01-03 11:13:22,594 [Worker-63: Building] INFO  o.a.m.s.f.DefaultMavenResourcesFiltering - skip non existing resourceDirectory C:\Java Training\Day 9\JDBCRealTime\src\main\resources
2025-01-03 11:13:22,598 [Worker-63: Building] INFO  o.a.m.s.f.DefaultMavenResourcesFiltering - skip non existing resourceDirectory C:\Java Training\Day 9\JDBCRealTime\src\test\resources
2025-01-03 11:15:09,122 [Worker-64: Building] INFO  o.a.m.s.f.DefaultMavenResourcesFiltering - skip non existing resourceDirectory C:\Java Training\Day 9\JDBCRealTime\src\main\resources
2025-01-03 11:15:09,125 [Worker-64: Building] INFO  o.a.m.s.f.DefaultMavenResourcesFiltering - skip non existing resourceDirectory C:\Java Training\Day 9\JDBCRealTime\src\test\resources
2025-01-03 11:15:54,702 [Worker-63: Building] INFO  o.a.m.s.f.DefaultMavenResourcesFiltering - skip non existing resourceDirectory C:\Java Training\Day 9\JDBCRealTime\src\main\resources
2025-01-03 11:15:54,705 [Worker-63: Building] INFO  o.a.m.s.f.DefaultMavenResourcesFiltering - skip non existing resourceDirectory C:\Java Training\Day 9\JDBCRealTime\src\test\resources
2025-01-03 11:19:10,531 [Worker-69: Building] INFO  o.a.m.s.f.DefaultMavenResourcesFiltering - skip non existing resourceDirectory C:\Java Training\Day 9\JDBCRealTime\src\main\resources
2025-01-03 11:19:10,533 [Worker-69: Building] INFO  o.a.m.s.f.DefaultMavenResourcesFiltering - skip non existing resourceDirectory C:\Java Training\Day 9\JDBCRealTime\src\test\resources
2025-01-03 11:30:34,077 [Worker-75: Building] INFO  o.a.m.s.f.DefaultMavenResourcesFiltering - skip non existing resourceDirectory C:\Java Training\Day 9\JDBCRealTime\src\main\resources
2025-01-03 11:30:34,079 [Worker-75: Building] INFO  o.a.m.s.f.DefaultMavenResourcesFiltering - skip non existing resourceDirectory C:\Java Training\Day 9\JDBCRealTime\src\test\resources
2025-01-03 11:35:34,960 [Worker-80: Building] INFO  o.a.m.s.f.DefaultMavenResourcesFiltering - skip non existing resourceDirectory C:\Java Training\Day 9\JDBCRealTime\src\main\resources
2025-01-03 11:35:34,962 [Worker-80: Building] INFO  o.a.m.s.f.DefaultMavenResourcesFiltering - skip non existing resourceDirectory C:\Java Training\Day 9\JDBCRealTime\src\test\resources
2025-01-03 11:37:56,360 [Worker-79: Building] INFO  o.a.m.s.f.DefaultMavenResourcesFiltering - skip non existing resourceDirectory C:\Java Training\Day 9\JDBCRealTime\src\main\resources
2025-01-03 11:37:56,362 [Worker-79: Building] INFO  o.a.m.s.f.DefaultMavenResourcesFiltering - skip non existing resourceDirectory C:\Java Training\Day 9\JDBCRealTime\src\test\resources
2025-01-03 11:38:04,493 [Worker-74: Building] INFO  o.a.m.s.f.DefaultMavenResourcesFiltering - skip non existing resourceDirectory C:\Java Training\Day 9\JDBCRealTime\src\main\resources
2025-01-03 11:38:04,495 [Worker-74: Building] INFO  o.a.m.s.f.DefaultMavenResourcesFiltering - skip non existing resourceDirectory C:\Java Training\Day 9\JDBCRealTime\src\test\resources
2025-01-03 11:39:04,658 [Worker-74: Building] INFO  o.a.m.s.f.DefaultMavenResourcesFiltering - skip non existing resourceDirectory C:\Java Training\Day 9\JDBCRealTime\src\main\resources
2025-01-03 11:39:04,660 [Worker-74: Building] INFO  o.a.m.s.f.DefaultMavenResourcesFiltering - skip non existing resourceDirectory C:\Java Training\Day 9\JDBCRealTime\src\test\resources
2025-01-03 11:41:34,621 [Worker-82: Building] INFO  o.a.m.s.f.DefaultMavenResourcesFiltering - skip non existing resourceDirectory C:\Java Training\Day 9\JDBCRealTime\src\main\resources
2025-01-03 11:41:34,624 [Worker-82: Building] INFO  o.a.m.s.f.DefaultMavenResourcesFiltering - skip non existing resourceDirectory C:\Java Training\Day 9\JDBCRealTime\src\test\resources
2025-01-03 11:41:41,731 [Worker-81: Building] INFO  o.a.m.s.f.DefaultMavenResourcesFiltering - skip non existing resourceDirectory C:\Java Training\Day 9\JDBCRealTime\src\main\resources
2025-01-03 11:41:41,733 [Worker-81: Building] INFO  o.a.m.s.f.DefaultMavenResourcesFiltering - skip non existing resourceDirectory C:\Java Training\Day 9\JDBCRealTime\src\test\resources
2025-01-03 11:41:56,806 [Worker-74: Launching EmploySearchMain] INFO  o.a.m.s.f.DefaultMavenResourcesFiltering - skip non existing resourceDirectory C:\Java Training\Day 9\JDBCRealTime\src\main\resources
2025-01-03 11:41:56,809 [Worker-74: Launching EmploySearchMain] INFO  o.a.m.s.f.DefaultMavenResourcesFiltering - skip non existing resourceDirectory C:\Java Training\Day 9\JDBCRealTime\src\test\resources
2025-01-03 11:50:07,803 [Worker-81: Launching mavenrun-240dc997-2e60-4dcd-aa90-10913d921abc] INFO  o.eclipse.m2e.core.internal.Bundles - getClasspathEntries(Bundle=org.eclipse.m2e.maven.runtime_3.9.900.20240824-1409 [642])
2025-01-03 11:50:07,805 [Worker-81: Launching mavenrun-240dc997-2e60-4dcd-aa90-10913d921abc] INFO  o.eclipse.m2e.core.internal.Bundles - 	Entry: C:\Users\Subhash.Rao\.p2\pool\plugins\org.eclipse.m2e.maven.runtime_3.9.900.20240824-1409
2025-01-03 11:50:07,806 [Worker-81: Launching mavenrun-240dc997-2e60-4dcd-aa90-10913d921abc] INFO  o.eclipse.m2e.core.internal.Bundles - 	Entry: C:\Users\Subhash.Rao\.p2\pool\plugins\org.eclipse.m2e.maven.runtime_3.9.900.20240824-1409\jars\aopalliance-1.0.jar
2025-01-03 11:50:07,806 [Worker-81: Launching mavenrun-240dc997-2e60-4dcd-aa90-10913d921abc] INFO  o.eclipse.m2e.core.internal.Bundles - 	Entry: C:\Users\Subhash.Rao\.p2\pool\plugins\org.eclipse.m2e.maven.runtime_3.9.900.20240824-1409\jars\guice-5.1.0.jar
2025-01-03 11:50:07,806 [Worker-81: Launching mavenrun-240dc997-2e60-4dcd-aa90-10913d921abc] INFO  o.eclipse.m2e.core.internal.Bundles - 	Entry: C:\Users\Subhash.Rao\.p2\pool\plugins\org.eclipse.m2e.maven.runtime_3.9.900.20240824-1409\jars\httpclient-4.5.14.jar
2025-01-03 11:50:07,807 [Worker-81: Launching mavenrun-240dc997-2e60-4dcd-aa90-10913d921abc] INFO  o.eclipse.m2e.core.internal.Bundles - 	Entry: C:\Users\Subhash.Rao\.p2\pool\plugins\org.eclipse.m2e.maven.runtime_3.9.900.20240824-1409\jars\httpcore-4.4.16.jar
2025-01-03 11:50:07,807 [Worker-81: Launching mavenrun-240dc997-2e60-4dcd-aa90-10913d921abc] INFO  o.eclipse.m2e.core.internal.Bundles - 	Entry: C:\Users\Subhash.Rao\.p2\pool\plugins\org.eclipse.m2e.maven.runtime_3.9.900.20240824-1409\jars\jansi-2.4.1.jar
2025-01-03 11:50:07,807 [Worker-81: Launching mavenrun-240dc997-2e60-4dcd-aa90-10913d921abc] INFO  o.eclipse.m2e.core.internal.Bundles - 	Entry: C:\Users\Subhash.Rao\.p2\pool\plugins\org.eclipse.m2e.maven.runtime_3.9.900.20240824-1409\jars\jcl-over-slf4j-1.7.36.jar
2025-01-03 11:50:07,807 [Worker-81: Launching mavenrun-240dc997-2e60-4dcd-aa90-10913d921abc] INFO  o.eclipse.m2e.core.internal.Bundles - 	Entry: C:\Users\Subhash.Rao\.p2\pool\plugins\org.eclipse.m2e.maven.runtime_3.9.900.20240824-1409\jars\maven-artifact-3.9.9.jar
2025-01-03 11:50:07,808 [Worker-81: Launching mavenrun-240dc997-2e60-4dcd-aa90-10913d921abc] INFO  o.eclipse.m2e.core.internal.Bundles - 	Entry: C:\Users\Subhash.Rao\.p2\pool\plugins\org.eclipse.m2e.maven.runtime_3.9.900.20240824-1409\jars\maven-builder-support-3.9.9.jar
2025-01-03 11:50:07,808 [Worker-81: Launching mavenrun-240dc997-2e60-4dcd-aa90-10913d921abc] INFO  o.eclipse.m2e.core.internal.Bundles - 	Entry: C:\Users\Subhash.Rao\.p2\pool\plugins\org.eclipse.m2e.maven.runtime_3.9.900.20240824-1409\jars\maven-compat-3.9.9.jar
2025-01-03 11:50:07,808 [Worker-81: Launching mavenrun-240dc997-2e60-4dcd-aa90-10913d921abc] INFO  o.eclipse.m2e.core.internal.Bundles - 	Entry: C:\Users\Subhash.Rao\.p2\pool\plugins\org.eclipse.m2e.maven.runtime_3.9.900.20240824-1409\jars\maven-core-3.9.9.jar
2025-01-03 11:50:07,809 [Worker-81: Launching mavenrun-240dc997-2e60-4dcd-aa90-10913d921abc] INFO  o.eclipse.m2e.core.internal.Bundles - 	Entry: C:\Users\Subhash.Rao\.p2\pool\plugins\org.eclipse.m2e.maven.runtime_3.9.900.20240824-1409\jars\maven-embedder-3.9.9.jar
2025-01-03 11:50:07,809 [Worker-81: Launching mavenrun-240dc997-2e60-4dcd-aa90-10913d921abc] INFO  o.eclipse.m2e.core.internal.Bundles - 	Entry: C:\Users\Subhash.Rao\.p2\pool\plugins\org.eclipse.m2e.maven.runtime_3.9.900.20240824-1409\jars\maven-model-3.9.9.jar
2025-01-03 11:50:07,809 [Worker-81: Launching mavenrun-240dc997-2e60-4dcd-aa90-10913d921abc] INFO  o.eclipse.m2e.core.internal.Bundles - 	Entry: C:\Users\Subhash.Rao\.p2\pool\plugins\org.eclipse.m2e.maven.runtime_3.9.900.20240824-1409\jars\maven-model-builder-3.9.9.jar
2025-01-03 11:50:07,809 [Worker-81: Launching mavenrun-240dc997-2e60-4dcd-aa90-10913d921abc] INFO  o.eclipse.m2e.core.internal.Bundles - 	Entry: C:\Users\Subhash.Rao\.p2\pool\plugins\org.eclipse.m2e.maven.runtime_3.9.900.20240824-1409\jars\maven-plugin-api-3.9.9.jar
2025-01-03 11:50:07,810 [Worker-81: Launching mavenrun-240dc997-2e60-4dcd-aa90-10913d921abc] INFO  o.eclipse.m2e.core.internal.Bundles - 	Entry: C:\Users\Subhash.Rao\.p2\pool\plugins\org.eclipse.m2e.maven.runtime_3.9.900.20240824-1409\jars\maven-repository-metadata-3.9.9.jar
2025-01-03 11:50:07,810 [Worker-81: Launching mavenrun-240dc997-2e60-4dcd-aa90-10913d921abc] INFO  o.eclipse.m2e.core.internal.Bundles - 	Entry: C:\Users\Subhash.Rao\.p2\pool\plugins\org.eclipse.m2e.maven.runtime_3.9.900.20240824-1409\jars\maven-resolver-api-1.9.22.jar
2025-01-03 11:50:07,810 [Worker-81: Launching mavenrun-240dc997-2e60-4dcd-aa90-10913d921abc] INFO  o.eclipse.m2e.core.internal.Bundles - 	Entry: C:\Users\Subhash.Rao\.p2\pool\plugins\org.eclipse.m2e.maven.runtime_3.9.900.20240824-1409\jars\maven-resolver-connector-basic-1.9.22.jar
2025-01-03 11:50:07,811 [Worker-81: Launching mavenrun-240dc997-2e60-4dcd-aa90-10913d921abc] INFO  o.eclipse.m2e.core.internal.Bundles - 	Entry: C:\Users\Subhash.Rao\.p2\pool\plugins\org.eclipse.m2e.maven.runtime_3.9.900.20240824-1409\jars\maven-resolver-impl-1.9.22.jar
2025-01-03 11:50:07,811 [Worker-81: Launching mavenrun-240dc997-2e60-4dcd-aa90-10913d921abc] INFO  o.eclipse.m2e.core.internal.Bundles - 	Entry: C:\Users\Subhash.Rao\.p2\pool\plugins\org.eclipse.m2e.maven.runtime_3.9.900.20240824-1409\jars\maven-resolver-named-locks-1.9.22.jar
2025-01-03 11:50:07,811 [Worker-81: Launching mavenrun-240dc997-2e60-4dcd-aa90-10913d921abc] INFO  o.eclipse.m2e.core.internal.Bundles - 	Entry: C:\Users\Subhash.Rao\.p2\pool\plugins\org.eclipse.m2e.maven.runtime_3.9.900.20240824-1409\jars\maven-resolver-provider-3.9.9.jar
2025-01-03 11:50:07,812 [Worker-81: Launching mavenrun-240dc997-2e60-4dcd-aa90-10913d921abc] INFO  o.eclipse.m2e.core.internal.Bundles - 	Entry: C:\Users\Subhash.Rao\.p2\pool\plugins\org.eclipse.m2e.maven.runtime_3.9.900.20240824-1409\jars\maven-resolver-spi-1.9.22.jar
2025-01-03 11:50:07,812 [Worker-81: Launching mavenrun-240dc997-2e60-4dcd-aa90-10913d921abc] INFO  o.eclipse.m2e.core.internal.Bundles - 	Entry: C:\Users\Subhash.Rao\.p2\pool\plugins\org.eclipse.m2e.maven.runtime_3.9.900.20240824-1409\jars\maven-resolver-transport-file-1.9.22.jar
2025-01-03 11:50:07,812 [Worker-81: Launching mavenrun-240dc997-2e60-4dcd-aa90-10913d921abc] INFO  o.eclipse.m2e.core.internal.Bundles - 	Entry: C:\Users\Subhash.Rao\.p2\pool\plugins\org.eclipse.m2e.maven.runtime_3.9.900.20240824-1409\jars\maven-resolver-transport-http-1.9.22.jar
2025-01-03 11:50:07,812 [Worker-81: Launching mavenrun-240dc997-2e60-4dcd-aa90-10913d921abc] INFO  o.eclipse.m2e.core.internal.Bundles - 	Entry: C:\Users\Subhash.Rao\.p2\pool\plugins\org.eclipse.m2e.maven.runtime_3.9.900.20240824-1409\jars\maven-resolver-transport-wagon-1.9.22.jar
2025-01-03 11:50:07,813 [Worker-81: Launching mavenrun-240dc997-2e60-4dcd-aa90-10913d921abc] INFO  o.eclipse.m2e.core.internal.Bundles - 	Entry: C:\Users\Subhash.Rao\.p2\pool\plugins\org.eclipse.m2e.maven.runtime_3.9.900.20240824-1409\jars\maven-resolver-util-1.9.22.jar
2025-01-03 11:50:07,813 [Worker-81: Launching mavenrun-240dc997-2e60-4dcd-aa90-10913d921abc] INFO  o.eclipse.m2e.core.internal.Bundles - 	Entry: C:\Users\Subhash.Rao\.p2\pool\plugins\org.eclipse.m2e.maven.runtime_3.9.900.20240824-1409\jars\maven-settings-3.9.9.jar
2025-01-03 11:50:07,813 [Worker-81: Launching mavenrun-240dc997-2e60-4dcd-aa90-10913d921abc] INFO  o.eclipse.m2e.core.internal.Bundles - 	Entry: C:\Users\Subhash.Rao\.p2\pool\plugins\org.eclipse.m2e.maven.runtime_3.9.900.20240824-1409\jars\maven-settings-builder-3.9.9.jar
2025-01-03 11:50:07,814 [Worker-81: Launching mavenrun-240dc997-2e60-4dcd-aa90-10913d921abc] INFO  o.eclipse.m2e.core.internal.Bundles - 	Entry: C:\Users\Subhash.Rao\.p2\pool\plugins\org.eclipse.m2e.maven.runtime_3.9.900.20240824-1409\jars\maven-shared-utils-3.4.2.jar
2025-01-03 11:50:07,814 [Worker-81: Launching mavenrun-240dc997-2e60-4dcd-aa90-10913d921abc] INFO  o.eclipse.m2e.core.internal.Bundles - 	Entry: C:\Users\Subhash.Rao\.p2\pool\plugins\org.eclipse.m2e.maven.runtime_3.9.900.20240824-1409\jars\org.eclipse.sisu.inject-0.9.0.M3.jar
2025-01-03 11:50:07,814 [Worker-81: Launching mavenrun-240dc997-2e60-4dcd-aa90-10913d921abc] INFO  o.eclipse.m2e.core.internal.Bundles - 	Entry: C:\Users\Subhash.Rao\.p2\pool\plugins\org.eclipse.m2e.maven.runtime_3.9.900.20240824-1409\jars\org.eclipse.sisu.plexus-0.9.0.M3.jar
2025-01-03 11:50:07,814 [Worker-81: Launching mavenrun-240dc997-2e60-4dcd-aa90-10913d921abc] INFO  o.eclipse.m2e.core.internal.Bundles - 	Entry: C:\Users\Subhash.Rao\.p2\pool\plugins\org.eclipse.m2e.maven.runtime_3.9.900.20240824-1409\jars\plexus-build-api-0.0.7.jar
2025-01-03 11:50:07,815 [Worker-81: Launching mavenrun-240dc997-2e60-4dcd-aa90-10913d921abc] INFO  o.eclipse.m2e.core.internal.Bundles - 	Entry: C:\Users\Subhash.Rao\.p2\pool\plugins\org.eclipse.m2e.maven.runtime_3.9.900.20240824-1409\jars\plexus-build-api-1.2.0.jar
2025-01-03 11:50:07,815 [Worker-81: Launching mavenrun-240dc997-2e60-4dcd-aa90-10913d921abc] INFO  o.eclipse.m2e.core.internal.Bundles - 	Entry: C:\Users\Subhash.Rao\.p2\pool\plugins\org.eclipse.m2e.maven.runtime_3.9.900.20240824-1409\jars\plexus-cipher-2.0.jar
2025-01-03 11:50:07,815 [Worker-81: Launching mavenrun-240dc997-2e60-4dcd-aa90-10913d921abc] INFO  o.eclipse.m2e.core.internal.Bundles - 	Entry: C:\Users\Subhash.Rao\.p2\pool\plugins\org.eclipse.m2e.maven.runtime_3.9.900.20240824-1409\jars\plexus-classworlds-2.8.0.jar
2025-01-03 11:50:07,815 [Worker-81: Launching mavenrun-240dc997-2e60-4dcd-aa90-10913d921abc] INFO  o.eclipse.m2e.core.internal.Bundles - 	Entry: C:\Users\Subhash.Rao\.p2\pool\plugins\org.eclipse.m2e.maven.runtime_3.9.900.20240824-1409\jars\plexus-component-annotations-2.1.0.jar
2025-01-03 11:50:07,815 [Worker-81: Launching mavenrun-240dc997-2e60-4dcd-aa90-10913d921abc] INFO  o.eclipse.m2e.core.internal.Bundles - 	Entry: C:\Users\Subhash.Rao\.p2\pool\plugins\org.eclipse.m2e.maven.runtime_3.9.900.20240824-1409\jars\plexus-interpolation-1.27.jar
2025-01-03 11:50:07,816 [Worker-81: Launching mavenrun-240dc997-2e60-4dcd-aa90-10913d921abc] INFO  o.eclipse.m2e.core.internal.Bundles - 	Entry: C:\Users\Subhash.Rao\.p2\pool\plugins\org.eclipse.m2e.maven.runtime_3.9.900.20240824-1409\jars\plexus-sec-dispatcher-2.0.jar
2025-01-03 11:50:07,816 [Worker-81: Launching mavenrun-240dc997-2e60-4dcd-aa90-10913d921abc] INFO  o.eclipse.m2e.core.internal.Bundles - 	Entry: C:\Users\Subhash.Rao\.p2\pool\plugins\org.eclipse.m2e.maven.runtime_3.9.900.20240824-1409\jars\plexus-utils-3.5.1.jar
2025-01-03 11:50:07,817 [Worker-81: Launching mavenrun-240dc997-2e60-4dcd-aa90-10913d921abc] INFO  o.eclipse.m2e.core.internal.Bundles - 	Entry: C:\Users\Subhash.Rao\.p2\pool\plugins\org.eclipse.m2e.maven.runtime_3.9.900.20240824-1409\jars\plexus-xml-3.0.1.jar
2025-01-03 11:50:07,817 [Worker-81: Launching mavenrun-240dc997-2e60-4dcd-aa90-10913d921abc] INFO  o.eclipse.m2e.core.internal.Bundles - 	Entry: C:\Users\Subhash.Rao\.p2\pool\plugins\org.eclipse.m2e.maven.runtime_3.9.900.20240824-1409\jars\wagon-file-3.5.3.jar
2025-01-03 11:50:07,817 [Worker-81: Launching mavenrun-240dc997-2e60-4dcd-aa90-10913d921abc] INFO  o.eclipse.m2e.core.internal.Bundles - 	Entry: C:\Users\Subhash.Rao\.p2\pool\plugins\org.eclipse.m2e.maven.runtime_3.9.900.20240824-1409\jars\wagon-http-3.5.3.jar
2025-01-03 11:50:07,817 [Worker-81: Launching mavenrun-240dc997-2e60-4dcd-aa90-10913d921abc] INFO  o.eclipse.m2e.core.internal.Bundles - 	Entry: C:\Users\Subhash.Rao\.p2\pool\plugins\org.eclipse.m2e.maven.runtime_3.9.900.20240824-1409\jars\wagon-http-shared-3.5.3.jar
2025-01-03 11:50:07,818 [Worker-81: Launching mavenrun-240dc997-2e60-4dcd-aa90-10913d921abc] INFO  o.eclipse.m2e.core.internal.Bundles - 	Entry: C:\Users\Subhash.Rao\.p2\pool\plugins\org.eclipse.m2e.maven.runtime_3.9.900.20240824-1409\jars\wagon-provider-api-3.5.3.jar
2025-01-03 11:50:07,818 [Worker-81: Launching mavenrun-240dc997-2e60-4dcd-aa90-10913d921abc] INFO  o.eclipse.m2e.core.internal.Bundles - getClasspathEntries(Bundle=com.google.guava_33.3.0.jre [16])
2025-01-03 11:50:07,819 [Worker-81: Launching mavenrun-240dc997-2e60-4dcd-aa90-10913d921abc] INFO  o.eclipse.m2e.core.internal.Bundles - 	Entry: C:\Users\Subhash.Rao\.p2\pool\plugins\com.google.guava_33.3.0.jre.jar
2025-01-03 11:50:07,819 [Worker-81: Launching mavenrun-240dc997-2e60-4dcd-aa90-10913d921abc] INFO  o.eclipse.m2e.core.internal.Bundles - getClasspathEntries(Bundle=slf4j.api_2.0.16 [1007])
2025-01-03 11:50:07,819 [Worker-81: Launching mavenrun-240dc997-2e60-4dcd-aa90-10913d921abc] INFO  o.eclipse.m2e.core.internal.Bundles - 	Entry: C:\Users\Subhash.Rao\.p2\pool\plugins\slf4j.api_2.0.16.jar
2025-01-03 11:50:07,819 [Worker-81: Launching mavenrun-240dc997-2e60-4dcd-aa90-10913d921abc] INFO  o.eclipse.m2e.core.internal.Bundles - getClasspathEntries(Bundle=jakarta.inject.jakarta.inject-api_1.0.5 [34])
2025-01-03 11:50:07,821 [Worker-81: Launching mavenrun-240dc997-2e60-4dcd-aa90-10913d921abc] INFO  o.eclipse.m2e.core.internal.Bundles - 	Entry: C:\Users\Subhash.Rao\.p2\pool\plugins\jakarta.inject.jakarta.inject-api_1.0.5.jar
2025-01-03 11:50:07,821 [Worker-81: Launching mavenrun-240dc997-2e60-4dcd-aa90-10913d921abc] INFO  o.eclipse.m2e.core.internal.Bundles - getClasspathEntries(Bundle=jakarta.annotation-api_1.3.5 [29])
2025-01-03 11:50:07,822 [Worker-81: Launching mavenrun-240dc997-2e60-4dcd-aa90-10913d921abc] INFO  o.eclipse.m2e.core.internal.Bundles - 	Entry: C:\Users\Subhash.Rao\.p2\pool\plugins\jakarta.annotation-api_1.3.5.jar
2025-01-03 11:50:07,822 [Worker-81: Launching mavenrun-240dc997-2e60-4dcd-aa90-10913d921abc] INFO  o.eclipse.m2e.core.internal.Bundles - getClasspathEntries(Bundle=org.apache.commons.cli_1.9.0 [78])
2025-01-03 11:50:07,822 [Worker-81: Launching mavenrun-240dc997-2e60-4dcd-aa90-10913d921abc] INFO  o.eclipse.m2e.core.internal.Bundles - 	Entry: C:\Users\Subhash.Rao\.p2\pool\plugins\org.apache.commons.cli_1.9.0.jar
2025-01-03 11:50:07,822 [Worker-81: Launching mavenrun-240dc997-2e60-4dcd-aa90-10913d921abc] INFO  o.eclipse.m2e.core.internal.Bundles - getClasspathEntries(Bundle=org.apache.commons.commons-codec_1.16.0 [81])
2025-01-03 11:50:07,823 [Worker-81: Launching mavenrun-240dc997-2e60-4dcd-aa90-10913d921abc] INFO  o.eclipse.m2e.core.internal.Bundles - 	Entry: C:\Users\Subhash.Rao\.p2\pool\plugins\org.apache.commons.commons-codec_1.16.0.jar
2025-01-03 11:50:07,823 [Worker-81: Launching mavenrun-240dc997-2e60-4dcd-aa90-10913d921abc] INFO  o.eclipse.m2e.core.internal.Bundles - getClasspathEntries(Bundle=com.google.guava.failureaccess_1.0.2 [17])
2025-01-03 11:50:07,823 [Worker-81: Launching mavenrun-240dc997-2e60-4dcd-aa90-10913d921abc] INFO  o.eclipse.m2e.core.internal.Bundles - 	Entry: C:\Users\Subhash.Rao\.p2\pool\plugins\com.google.guava.failureaccess_1.0.2.jar
2025-01-03 11:50:07,825 [Worker-81: Launching mavenrun-240dc997-2e60-4dcd-aa90-10913d921abc] INFO  o.e.m.i.launch.MavenLaunchDelegate - Run build in "C:\Users\Subhash.Rao\AppData\Local\Temp\m2e-archetypeGenerator12017439144615924659":
2025-01-03 11:50:07,825 [Worker-81: Launching mavenrun-240dc997-2e60-4dcd-aa90-10913d921abc] INFO  o.e.m.i.launch.MavenLaunchDelegate -  mvn  -DarchetypeGroupId=de.bripkens -DarchetypeArtifactId=java-quickstart -DarchetypeVersion=0.2.0 -DgroupId=brillio -DartifactId=BankProject -Dversion=0.0.1-SNAPSHOT -Dpackage=brillio.BankProject -DoutputDirectory="C:\Java Training\Day 9" -Dstyle.color=always -U archetype:generate
2025-01-03 11:50:25,575 [Worker-82: Creating java-quickstart] INFO  o.e.m.c.i.p.ProjectConfigurationManager - Collecting project info '/pom.xml' C:\Java Training\Day 9\BankProject\pom.xml
2025-01-03 11:50:26,004 [Worker-82: Creating java-quickstart] INFO  o.e.m.c.i.l.LifecycleMappingFactory - Using org.eclipse.m2e.jdt.JarLifecycleMapping lifecycle mapping for MavenProject: brillio:BankProject:0.0.1-SNAPSHOT @ C:\Java Training\Day 9\BankProject\pom.xml.
2025-01-03 11:50:26,897 [Worker-82: Creating java-quickstart] INFO  o.e.m.j.i.AbstractJavaProjectConfigurator - Adding source folder /BankProject/src/main/java
2025-01-03 11:50:26,900 [Worker-82: Creating java-quickstart] INFO  o.e.m.j.i.AbstractJavaProjectConfigurator - Adding resource folder /BankProject/src/main/resources
2025-01-03 11:50:26,915 [Worker-82: Creating java-quickstart] INFO  o.e.m.j.i.AbstractJavaProjectConfigurator - Adding source folder /BankProject/src/test/java
2025-01-03 11:50:26,916 [Worker-82: Creating java-quickstart] INFO  o.e.m.j.i.AbstractJavaProjectConfigurator - Adding resource folder /BankProject/src/test/resources
2025-01-03 11:50:27,055 [Worker-82: Creating java-quickstart] INFO  o.e.m.c.i.p.ProjectConfigurationManager - Imported and configured 1 project(s) in 1 sec
2025-01-03 11:50:27,495 [Worker-89: Building] INFO  o.a.m.s.f.DefaultMavenResourcesFiltering - skip non existing resourceDirectory C:\Java Training\Day 9\BankProject\src\main\resources
2025-01-03 11:50:27,497 [Worker-89: Building] INFO  o.a.m.s.f.DefaultMavenResourcesFiltering - skip non existing resourceDirectory C:\Java Training\Day 9\BankProject\src\test\resources
2025-01-03 11:53:39,667 [Worker-90: Building] INFO  o.a.m.s.f.DefaultMavenResourcesFiltering - skip non existing resourceDirectory C:\Java Training\Day 9\BankProject\src\main\resources
2025-01-03 11:53:39,670 [Worker-90: Building] INFO  o.a.m.s.f.DefaultMavenResourcesFiltering - skip non existing resourceDirectory C:\Java Training\Day 9\BankProject\src\test\resources
2025-01-03 11:57:39,099 [Worker-94: Building] INFO  o.a.m.s.f.DefaultMavenResourcesFiltering - skip non existing resourceDirectory C:\Java Training\Day 9\BankProject\src\main\resources
2025-01-03 11:57:39,103 [Worker-94: Building] INFO  o.a.m.s.f.DefaultMavenResourcesFiltering - skip non existing resourceDirectory C:\Java Training\Day 9\BankProject\src\test\resources
2025-01-03 11:58:44,200 [Worker-91: Building] INFO  o.a.m.s.f.DefaultMavenResourcesFiltering - skip non existing resourceDirectory C:\Java Training\Day 9\BankProject\src\main\resources
2025-01-03 11:58:44,203 [Worker-91: Building] INFO  o.a.m.s.f.DefaultMavenResourcesFiltering - skip non existing resourceDirectory C:\Java Training\Day 9\BankProject\src\test\resources
2025-01-03 11:59:06,752 [Worker-92: Building] INFO  o.a.m.s.f.DefaultMavenResourcesFiltering - skip non existing resourceDirectory C:\Java Training\Day 9\BankProject\src\main\resources
2025-01-03 11:59:06,754 [Worker-92: Building] INFO  o.a.m.s.f.DefaultMavenResourcesFiltering - skip non existing resourceDirectory C:\Java Training\Day 9\BankProject\src\test\resources
2025-01-03 11:59:24,758 [Worker-91: Building] INFO  o.a.m.s.f.DefaultMavenResourcesFiltering - skip non existing resourceDirectory C:\Java Training\Day 9\BankProject\src\main\resources
2025-01-03 11:59:24,762 [Worker-91: Building] INFO  o.a.m.s.f.DefaultMavenResourcesFiltering - skip non existing resourceDirectory C:\Java Training\Day 9\BankProject\src\test\resources
2025-01-03 11:59:44,701 [Worker-92: Building] INFO  o.a.m.s.f.DefaultMavenResourcesFiltering - skip non existing resourceDirectory C:\Java Training\Day 9\BankProject\src\main\resources
2025-01-03 11:59:44,714 [Worker-92: Building] INFO  o.a.m.s.f.DefaultMavenResourcesFiltering - skip non existing resourceDirectory C:\Java Training\Day 9\BankProject\src\test\resources
2025-01-03 12:02:40,969 [Worker-95: Building] INFO  o.a.m.s.f.DefaultMavenResourcesFiltering - skip non existing resourceDirectory C:\Java Training\Day 9\BankProject\src\main\resources
2025-01-03 12:02:40,971 [Worker-95: Building] INFO  o.a.m.s.f.DefaultMavenResourcesFiltering - skip non existing resourceDirectory C:\Java Training\Day 9\BankProject\src\test\resources
2025-01-03 12:04:27,176 [Worker-91: Building] INFO  o.a.m.s.f.DefaultMavenResourcesFiltering - skip non existing resourceDirectory C:\Java Training\Day 9\BankProject\src\main\resources
2025-01-03 12:04:27,180 [Worker-91: Building] INFO  o.a.m.s.f.DefaultMavenResourcesFiltering - skip non existing resourceDirectory C:\Java Training\Day 9\BankProject\src\test\resources
2025-01-03 12:05:25,749 [Worker-97: Building] INFO  o.e.m.c.i.l.LifecycleMappingFactory - Using org.eclipse.m2e.jdt.JarLifecycleMapping lifecycle mapping for MavenProject: brillio:BankProject:0.0.1-SNAPSHOT @ C:\Java Training\Day 9\BankProject\pom.xml.
2025-01-03 12:05:25,855 [Worker-97: Building] WARN  o.e.m.c.i.embedder.EclipseLogger - The artifact mysql:mysql-connector-java:jar:8.0.33 has been relocated to com.mysql:mysql-connector-j:jar:8.0.33: MySQL Connector/J artifacts moved to reverse-DNS compliant Maven 2+ coordinates.
2025-01-03 12:05:25,979 [Worker-97: Building] INFO  o.a.m.s.f.DefaultMavenResourcesFiltering - skip non existing resourceDirectory C:\Java Training\Day 9\BankProject\src\main\resources
2025-01-03 12:05:25,986 [Worker-97: Building] INFO  o.a.m.s.f.DefaultMavenResourcesFiltering - skip non existing resourceDirectory C:\Java Training\Day 9\BankProject\src\test\resources
2025-01-03 12:05:27,255 [Worker-95: Building] INFO  o.a.m.s.f.DefaultMavenResourcesFiltering - skip non existing resourceDirectory C:\Java Training\Day 9\BankProject\src\main\resources
2025-01-03 12:05:27,257 [Worker-95: Building] INFO  o.a.m.s.f.DefaultMavenResourcesFiltering - skip non existing resourceDirectory C:\Java Training\Day 9\BankProject\src\test\resources
2025-01-03 12:07:15,093 [Worker-98: Building] INFO  o.a.m.s.f.DefaultMavenResourcesFiltering - skip non existing resourceDirectory C:\Java Training\Day 9\BankProject\src\main\resources
2025-01-03 12:07:15,096 [Worker-98: Building] INFO  o.a.m.s.f.DefaultMavenResourcesFiltering - skip non existing resourceDirectory C:\Java Training\Day 9\BankProject\src\test\resources
2025-01-03 12:08:05,124 [Worker-100: Building] INFO  o.a.m.s.f.DefaultMavenResourcesFiltering - skip non existing resourceDirectory C:\Java Training\Day 9\BankProject\src\main\resources
2025-01-03 12:08:05,126 [Worker-100: Building] INFO  o.a.m.s.f.DefaultMavenResourcesFiltering - skip non existing resourceDirectory C:\Java Training\Day 9\BankProject\src\test\resources
2025-01-03 12:08:08,435 [Worker-100: Building] INFO  o.a.m.s.f.DefaultMavenResourcesFiltering - skip non existing resourceDirectory C:\Java Training\Day 9\BankProject\src\main\resources
2025-01-03 12:08:08,438 [Worker-100: Building] INFO  o.a.m.s.f.DefaultMavenResourcesFiltering - skip non existing resourceDirectory C:\Java Training\Day 9\BankProject\src\test\resources
2025-01-03 12:08:43,836 [Worker-93: Building] INFO  o.a.m.s.f.DefaultMavenResourcesFiltering - skip non existing resourceDirectory C:\Java Training\Day 9\BankProject\src\main\resources
2025-01-03 12:08:43,840 [Worker-93: Building] INFO  o.a.m.s.f.DefaultMavenResourcesFiltering - skip non existing resourceDirectory C:\Java Training\Day 9\BankProject\src\test\resources
2025-01-03 12:10:53,418 [Worker-96: Building] INFO  o.a.m.s.f.DefaultMavenResourcesFiltering - skip non existing resourceDirectory C:\Java Training\Day 9\BankProject\src\main\resources
2025-01-03 12:10:53,421 [Worker-96: Building] INFO  o.a.m.s.f.DefaultMavenResourcesFiltering - skip non existing resourceDirectory C:\Java Training\Day 9\BankProject\src\test\resources
2025-01-03 12:10:58,262 [Worker-99: Building] INFO  o.a.m.s.f.DefaultMavenResourcesFiltering - skip non existing resourceDirectory C:\Java Training\Day 9\BankProject\src\main\resources
2025-01-03 12:10:58,264 [Worker-99: Building] INFO  o.a.m.s.f.DefaultMavenResourcesFiltering - skip non existing resourceDirectory C:\Java Training\Day 9\BankProject\src\test\resources
2025-01-03 12:13:33,016 [Worker-99: Building] INFO  o.a.m.s.f.DefaultMavenResourcesFiltering - skip non existing resourceDirectory C:\Java Training\Day 9\BankProject\src\main\resources
2025-01-03 12:13:33,019 [Worker-99: Building] INFO  o.a.m.s.f.DefaultMavenResourcesFiltering - skip non existing resourceDirectory C:\Java Training\Day 9\BankProject\src\test\resources
2025-01-03 12:17:32,719 [Worker-99: Building] INFO  o.a.m.s.f.DefaultMavenResourcesFiltering - skip non existing resourceDirectory C:\Java Training\Day 9\BankProject\src\main\resources
2025-01-03 12:17:32,721 [Worker-99: Building] INFO  o.a.m.s.f.DefaultMavenResourcesFiltering - skip non existing resourceDirectory C:\Java Training\Day 9\BankProject\src\test\resources
2025-01-03 12:21:00,393 [Worker-100: Building] INFO  o.a.m.s.f.DefaultMavenResourcesFiltering - skip non existing resourceDirectory C:\Java Training\Day 9\BankProject\src\main\resources
2025-01-03 12:21:00,395 [Worker-100: Building] INFO  o.a.m.s.f.DefaultMavenResourcesFiltering - skip non existing resourceDirectory C:\Java Training\Day 9\BankProject\src\test\resources
2025-01-03 12:27:51,780 [Worker-101: Building] INFO  o.a.m.s.f.DefaultMavenResourcesFiltering - skip non existing resourceDirectory C:\Java Training\Day 9\BankProject\src\main\resources
2025-01-03 12:27:51,782 [Worker-101: Building] INFO  o.a.m.s.f.DefaultMavenResourcesFiltering - skip non existing resourceDirectory C:\Java Training\Day 9\BankProject\src\test\resources
2025-01-03 12:28:03,002 [Worker-98: Building] INFO  o.a.m.s.f.DefaultMavenResourcesFiltering - skip non existing resourceDirectory C:\Java Training\Day 9\BankProject\src\main\resources
2025-01-03 12:28:03,005 [Worker-98: Building] INFO  o.a.m.s.f.DefaultMavenResourcesFiltering - skip non existing resourceDirectory C:\Java Training\Day 9\BankProject\src\test\resources
2025-01-03 12:28:39,242 [Worker-101: Building] INFO  o.a.m.s.f.DefaultMavenResourcesFiltering - skip non existing resourceDirectory C:\Java Training\Day 9\BankProject\src\main\resources
2025-01-03 12:28:39,247 [Worker-101: Building] INFO  o.a.m.s.f.DefaultMavenResourcesFiltering - skip non existing resourceDirectory C:\Java Training\Day 9\BankProject\src\test\resources
2025-01-03 12:33:37,191 [Worker-101: Building] INFO  o.a.m.s.f.DefaultMavenResourcesFiltering - skip non existing resourceDirectory C:\Java Training\Day 9\BankProject\src\main\resources
2025-01-03 12:33:37,192 [Worker-101: Building] INFO  o.a.m.s.f.DefaultMavenResourcesFiltering - skip non existing resourceDirectory C:\Java Training\Day 9\BankProject\src\test\resources
2025-01-03 12:36:48,130 [Worker-98: Building] INFO  o.a.m.s.f.DefaultMavenResourcesFiltering - skip non existing resourceDirectory C:\Java Training\Day 9\BankProject\src\main\resources
2025-01-03 12:36:48,132 [Worker-98: Building] INFO  o.a.m.s.f.DefaultMavenResourcesFiltering - skip non existing resourceDirectory C:\Java Training\Day 9\BankProject\src\test\resources
2025-01-03 12:36:59,193 [Worker-96: Building] INFO  o.a.m.s.f.DefaultMavenResourcesFiltering - skip non existing resourceDirectory C:\Java Training\Day 9\BankProject\src\main\resources
2025-01-03 12:36:59,195 [Worker-96: Building] INFO  o.a.m.s.f.DefaultMavenResourcesFiltering - skip non existing resourceDirectory C:\Java Training\Day 9\BankProject\src\test\resources
2025-01-03 12:40:05,541 [Worker-100: Building] INFO  o.a.m.s.f.DefaultMavenResourcesFiltering - skip non existing resourceDirectory C:\Java Training\Day 9\BankProject\src\main\resources
2025-01-03 12:40:05,550 [Worker-100: Building] INFO  o.a.m.s.f.DefaultMavenResourcesFiltering - skip non existing resourceDirectory C:\Java Training\Day 9\BankProject\src\test\resources
2025-01-03 12:40:55,267 [Worker-104: Building] INFO  o.a.m.s.f.DefaultMavenResourcesFiltering - skip non existing resourceDirectory C:\Java Training\Day 9\BankProject\src\main\resources
2025-01-03 12:40:55,269 [Worker-104: Building] INFO  o.a.m.s.f.DefaultMavenResourcesFiltering - skip non existing resourceDirectory C:\Java Training\Day 9\BankProject\src\test\resources
2025-01-03 12:51:35,165 [Worker-106: Building] INFO  o.a.m.s.f.DefaultMavenResourcesFiltering - skip non existing resourceDirectory C:\Java Training\Day 9\BankProject\src\main\resources
2025-01-03 12:51:35,167 [Worker-106: Building] INFO  o.a.m.s.f.DefaultMavenResourcesFiltering - skip non existing resourceDirectory C:\Java Training\Day 9\BankProject\src\test\resources
2025-01-03 12:53:00,597 [Worker-107: Building] INFO  o.a.m.s.f.DefaultMavenResourcesFiltering - skip non existing resourceDirectory C:\Java Training\Day 9\BankProject\src\main\resources
2025-01-03 12:53:00,599 [Worker-107: Building] INFO  o.a.m.s.f.DefaultMavenResourcesFiltering - skip non existing resourceDirectory C:\Java Training\Day 9\BankProject\src\test\resources
2025-01-03 13:05:54,048 [Worker-107: Building] INFO  o.a.m.s.f.DefaultMavenResourcesFiltering - skip non existing resourceDirectory C:\Java Training\Day 9\BankProject\src\main\resources
2025-01-03 13:05:54,050 [Worker-107: Building] INFO  o.a.m.s.f.DefaultMavenResourcesFiltering - skip non existing resourceDirectory C:\Java Training\Day 9\BankProject\src\test\resources
2025-01-03 14:07:19,697 [Worker-114: Building] INFO  o.a.m.s.f.DefaultMavenResourcesFiltering - skip non existing resourceDirectory C:\Java Training\Day 9\BankProject\src\main\resources
2025-01-03 14:07:19,700 [Worker-114: Building] INFO  o.a.m.s.f.DefaultMavenResourcesFiltering - skip non existing resourceDirectory C:\Java Training\Day 9\BankProject\src\test\resources
2025-01-03 14:08:17,867 [Worker-107: Building] INFO  o.a.m.s.f.DefaultMavenResourcesFiltering - skip non existing resourceDirectory C:\Java Training\Day 9\BankProject\src\main\resources
2025-01-03 14:08:17,870 [Worker-107: Building] INFO  o.a.m.s.f.DefaultMavenResourcesFiltering - skip non existing resourceDirectory C:\Java Training\Day 9\BankProject\src\test\resources
2025-01-03 14:12:36,778 [Worker-107: Building] INFO  o.a.m.s.f.DefaultMavenResourcesFiltering - skip non existing resourceDirectory C:\Java Training\Day 9\BankProject\src\main\resources
2025-01-03 14:12:36,781 [Worker-107: Building] INFO  o.a.m.s.f.DefaultMavenResourcesFiltering - skip non existing resourceDirectory C:\Java Training\Day 9\BankProject\src\test\resources
2025-01-03 14:15:47,008 [Worker-117: Building] INFO  o.a.m.s.f.DefaultMavenResourcesFiltering - skip non existing resourceDirectory C:\Java Training\Day 9\BankProject\src\main\resources
2025-01-03 14:15:47,010 [Worker-117: Building] INFO  o.a.m.s.f.DefaultMavenResourcesFiltering - skip non existing resourceDirectory C:\Java Training\Day 9\BankProject\src\test\resources
2025-01-03 14:16:57,526 [Worker-117: Building] INFO  o.a.m.s.f.DefaultMavenResourcesFiltering - skip non existing resourceDirectory C:\Java Training\Day 9\BankProject\src\main\resources
2025-01-03 14:16:57,528 [Worker-117: Building] INFO  o.a.m.s.f.DefaultMavenResourcesFiltering - skip non existing resourceDirectory C:\Java Training\Day 9\BankProject\src\test\resources
2025-01-03 14:17:52,551 [Worker-117: Building] INFO  o.a.m.s.f.DefaultMavenResourcesFiltering - skip non existing resourceDirectory C:\Java Training\Day 9\BankProject\src\main\resources
2025-01-03 14:17:52,554 [Worker-117: Building] INFO  o.a.m.s.f.DefaultMavenResourcesFiltering - skip non existing resourceDirectory C:\Java Training\Day 9\BankProject\src\test\resources
2025-01-03 14:19:13,033 [Worker-119: Building] INFO  o.a.m.s.f.DefaultMavenResourcesFiltering - skip non existing resourceDirectory C:\Java Training\Day 9\BankProject\src\main\resources
2025-01-03 14:19:13,034 [Worker-119: Building] INFO  o.a.m.s.f.DefaultMavenResourcesFiltering - skip non existing resourceDirectory C:\Java Training\Day 9\BankProject\src\test\resources
2025-01-03 14:19:16,997 [Worker-111: Building] INFO  o.a.m.s.f.DefaultMavenResourcesFiltering - skip non existing resourceDirectory C:\Java Training\Day 9\BankProject\src\main\resources
2025-01-03 14:19:16,998 [Worker-111: Building] INFO  o.a.m.s.f.DefaultMavenResourcesFiltering - skip non existing resourceDirectory C:\Java Training\Day 9\BankProject\src\test\resources
2025-01-03 14:22:01,590 [Worker-118: Building] INFO  o.a.m.s.f.DefaultMavenResourcesFiltering - skip non existing resourceDirectory C:\Java Training\Day 9\BankProject\src\main\resources
2025-01-03 14:22:01,592 [Worker-118: Building] INFO  o.a.m.s.f.DefaultMavenResourcesFiltering - skip non existing resourceDirectory C:\Java Training\Day 9\BankProject\src\test\resources
2025-01-03 14:24:12,676 [Worker-119: Building] INFO  o.a.m.s.f.DefaultMavenResourcesFiltering - skip non existing resourceDirectory C:\Java Training\Day 9\BankProject\src\main\resources
2025-01-03 14:24:12,678 [Worker-119: Building] INFO  o.a.m.s.f.DefaultMavenResourcesFiltering - skip non existing resourceDirectory C:\Java Training\Day 9\BankProject\src\test\resources
2025-01-03 14:25:36,343 [Worker-116: Building] INFO  o.a.m.s.f.DefaultMavenResourcesFiltering - skip non existing resourceDirectory C:\Java Training\Day 9\BankProject\src\main\resources
2025-01-03 14:25:36,346 [Worker-116: Building] INFO  o.a.m.s.f.DefaultMavenResourcesFiltering - skip non existing resourceDirectory C:\Java Training\Day 9\BankProject\src\test\resources
2025-01-03 14:29:00,894 [Worker-119: Building] INFO  o.a.m.s.f.DefaultMavenResourcesFiltering - skip non existing resourceDirectory C:\Java Training\Day 9\BankProject\src\main\resources
2025-01-03 14:29:00,897 [Worker-119: Building] INFO  o.a.m.s.f.DefaultMavenResourcesFiltering - skip non existing resourceDirectory C:\Java Training\Day 9\BankProject\src\test\resources
2025-01-03 14:31:51,759 [Worker-122: Building] INFO  o.a.m.s.f.DefaultMavenResourcesFiltering - skip non existing resourceDirectory C:\Java Training\Day 9\BankProject\src\main\resources
2025-01-03 14:31:51,761 [Worker-122: Building] INFO  o.a.m.s.f.DefaultMavenResourcesFiltering - skip non existing resourceDirectory C:\Java Training\Day 9\BankProject\src\test\resources
2025-01-03 14:40:47,305 [Worker-122: Building] INFO  o.a.m.s.f.DefaultMavenResourcesFiltering - skip non existing resourceDirectory C:\Java Training\Day 9\BankProject\src\main\resources
2025-01-03 14:40:47,306 [Worker-122: Building] INFO  o.a.m.s.f.DefaultMavenResourcesFiltering - skip non existing resourceDirectory C:\Java Training\Day 9\BankProject\src\test\resources
2025-01-03 14:41:45,630 [Worker-126: Building] INFO  o.a.m.s.f.DefaultMavenResourcesFiltering - skip non existing resourceDirectory C:\Java Training\Day 9\BankProject\src\main\resources
2025-01-03 14:41:45,632 [Worker-126: Building] INFO  o.a.m.s.f.DefaultMavenResourcesFiltering - skip non existing resourceDirectory C:\Java Training\Day 9\BankProject\src\test\resources
2025-01-03 14:45:26,566 [Worker-126: Building] INFO  o.a.m.s.f.DefaultMavenResourcesFiltering - skip non existing resourceDirectory C:\Java Training\Day 9\BankProject\src\main\resources
2025-01-03 14:45:26,568 [Worker-126: Building] INFO  o.a.m.s.f.DefaultMavenResourcesFiltering - skip non existing resourceDirectory C:\Java Training\Day 9\BankProject\src\test\resources
2025-01-03 14:51:32,345 [Worker-131: Building] INFO  o.a.m.s.f.DefaultMavenResourcesFiltering - skip non existing resourceDirectory C:\Java Training\Day 9\BankProject\src\main\resources
2025-01-03 14:51:32,346 [Worker-131: Building] INFO  o.a.m.s.f.DefaultMavenResourcesFiltering - skip non existing resourceDirectory C:\Java Training\Day 9\BankProject\src\test\resources
2025-01-03 14:52:54,837 [Worker-130: Building] INFO  o.a.m.s.f.DefaultMavenResourcesFiltering - skip non existing resourceDirectory C:\Java Training\Day 9\BankProject\src\main\resources
2025-01-03 14:52:54,839 [Worker-130: Building] INFO  o.a.m.s.f.DefaultMavenResourcesFiltering - skip non existing resourceDirectory C:\Java Training\Day 9\BankProject\src\test\resources
2025-01-03 14:54:37,734 [Worker-129: Building] INFO  o.a.m.s.f.DefaultMavenResourcesFiltering - skip non existing resourceDirectory C:\Java Training\Day 9\BankProject\src\main\resources
2025-01-03 14:54:37,736 [Worker-129: Building] INFO  o.a.m.s.f.DefaultMavenResourcesFiltering - skip non existing resourceDirectory C:\Java Training\Day 9\BankProject\src\test\resources
2025-01-03 15:02:35,974 [Worker-122: Building] INFO  o.a.m.s.f.DefaultMavenResourcesFiltering - skip non existing resourceDirectory C:\Java Training\Day 9\BankProject\src\main\resources
2025-01-03 15:02:35,976 [Worker-122: Building] INFO  o.a.m.s.f.DefaultMavenResourcesFiltering - skip non existing resourceDirectory C:\Java Training\Day 9\BankProject\src\test\resources
2025-01-03 15:02:49,665 [Worker-131: Building] INFO  o.a.m.s.f.DefaultMavenResourcesFiltering - skip non existing resourceDirectory C:\Java Training\Day 9\BankProject\src\main\resources
2025-01-03 15:02:49,669 [Worker-131: Building] INFO  o.a.m.s.f.DefaultMavenResourcesFiltering - skip non existing resourceDirectory C:\Java Training\Day 9\BankProject\src\test\resources
2025-01-03 15:03:32,617 [Worker-122: Building] INFO  o.a.m.s.f.DefaultMavenResourcesFiltering - skip non existing resourceDirectory C:\Java Training\Day 9\BankProject\src\main\resources
2025-01-03 15:03:32,619 [Worker-122: Building] INFO  o.a.m.s.f.DefaultMavenResourcesFiltering - skip non existing resourceDirectory C:\Java Training\Day 9\BankProject\src\test\resources
2025-01-03 15:04:17,899 [Worker-131: Building] INFO  o.a.m.s.f.DefaultMavenResourcesFiltering - skip non existing resourceDirectory C:\Java Training\Day 9\BankProject\src\main\resources
2025-01-03 15:04:17,901 [Worker-131: Building] INFO  o.a.m.s.f.DefaultMavenResourcesFiltering - skip non existing resourceDirectory C:\Java Training\Day 9\BankProject\src\test\resources
2025-01-03 16:44:16,369 [Worker-138: Building] INFO  o.a.m.s.f.DefaultMavenResourcesFiltering - skip non existing resourceDirectory C:\Java Training\Day 9\BankProject\src\main\resources
2025-01-03 16:44:16,371 [Worker-138: Building] INFO  o.a.m.s.f.DefaultMavenResourcesFiltering - skip non existing resourceDirectory C:\Java Training\Day 9\BankProject\src\test\resources
